INFO 2020-12-26 04:51:56,910 autoreload 9120 1896 Watching for file changes with StatReloader
DEBUG 2020-12-26 04:51:56,910 autoreload 9120 1896 Waiting for apps ready_event.
DEBUG 2020-12-26 04:51:56,939 autoreload 9120 1896 Apps ready_event triggered. Sending autoreload_started signal.
DEBUG 2020-12-26 04:51:56,939 autoreload 9120 1896 Watching dir C:\Users\dan\just_django\tryjango\locale with glob **/*.mo.
DEBUG 2020-12-26 04:51:56,940 autoreload 9120 1896 Watching dir C:\Users\dan\just_django\myenvironmen\lib\site-packages\crispy_forms\locale with glob **/*.mo.
DEBUG 2020-12-26 04:51:56,940 autoreload 9120 1896 Watching dir C:\Users\dan\just_django\tryjango\fx\locale with glob **/*.mo.
DEBUG 2020-12-26 04:51:57,100 autoreload 9120 1896 File C:\Users\dan\just_django\myenvironmen\Lib\site-packages\django\db\models\sql\datastructures.py first seen with mtime 1605589999.2632103
DEBUG 2020-12-26 04:51:57,101 autoreload 9120 1896 File C:\Users\dan\AppData\Local\Programs\Python\Python39\Lib\contextvars.py first seen with mtime 1601934402.0
DEBUG 2020-12-26 04:51:57,101 autoreload 9120 1896 File C:\Users\dan\just_django\myenvironmen\Lib\site-packages\pytz\lazy.py first seen with mtime 1605589992.5354898
DEBUG 2020-12-26 04:51:57,101 autoreload 9120 1896 File C:\Users\dan\just_django\myenvironmen\Lib\site-packages\django\db\migrations\operations\special.py first seen with mtime 1605589999.1973872
DEBUG 2020-12-26 04:51:57,101 autoreload 9120 1896 File C:\Users\dan\AppData\Local\Programs\Python\Python39\Lib\asyncio\format_helpers.py first seen with mtime 1601934402.0
DEBUG 2020-12-26 04:51:57,101 autoreload 9120 1896 File C:\Users\dan\just_django\myenvironmen\Lib\site-packages\asgiref\sync.py first seen with mtime 1605589993.280454
DEBUG 2020-12-26 04:51:57,102 autoreload 9120 1896 File C:\Users\dan\just_django\myenvironmen\Lib\site-packages\django\core\management\base.py first seen with mtime 1605589999.0128808
DEBUG 2020-12-26 04:51:57,102 autoreload 9120 1896 File C:\Users\dan\AppData\Local\Programs\Python\Python39\Lib\heapq.py first seen with mtime 1601934402.0
DEBUG 2020-12-26 04:51:57,102 autoreload 9120 1896 File C:\Users\dan\just_django\myenvironmen\Lib\site-packages\django\contrib\__init__.py first seen with mtime 1605589993.815023
DEBUG 2020-12-26 04:51:57,102 autoreload 9120 1896 File C:\Users\dan\just_django\myenvironmen\Lib\site-packages\django\core\files\locks.py first seen with mtime 1605589998.9739864
DEBUG 2020-12-26 04:51:57,102 autoreload 9120 1896 File C:\Users\dan\just_django\myenvironmen\Lib\site-packages\django\contrib\sessions\base_session.py first seen with mtime 1605589998.0504546
DEBUG 2020-12-26 04:51:57,102 autoreload 9120 1896 File C:\Users\dan\just_django\myenvironmen\Lib\site-packages\django\core\files\temp.py first seen with mtime 1605589998.9799683
DEBUG 2020-12-26 04:51:57,102 autoreload 9120 1896 File C:\Users\dan\just_django\myenvironmen\Lib\site-packages\sqlparse\filters\output.py first seen with mtime 1605589993.182714
DEBUG 2020-12-26 04:51:57,102 autoreload 9120 1896 File C:\Users\dan\just_django\tryjango\fx\urls.py first seen with mtime 1608898472.0006928
DEBUG 2020-12-26 04:51:57,102 autoreload 9120 1896 File C:\Users\dan\just_django\myenvironmen\Lib\site-packages\django\core\management\commands\runserver.py first seen with mtime 1605589999.041805
DEBUG 2020-12-26 04:51:57,103 autoreload 9120 1896 File C:\Users\dan\AppData\Local\Programs\Python\Python39\Lib\keyword.py first seen with mtime 1601934402.0
DEBUG 2020-12-26 04:51:57,103 autoreload 9120 1896 File C:\Users\dan\just_django\myenvironmen\Lib\site-packages\django\contrib\contenttypes\views.py first seen with mtime 1605589995.3658772
DEBUG 2020-12-26 04:51:57,103 autoreload 9120 1896 File C:\Users\dan\AppData\Local\Programs\Python\Python39\DLLs\unicodedata.pyd first seen with mtime 1601934422.0
DEBUG 2020-12-26 04:51:57,103 autoreload 9120 1896 File C:\Users\dan\just_django\myenvironmen\Lib\site-packages\django\middleware\__init__.py first seen with mtime 1605589999.4138503
DEBUG 2020-12-26 04:51:57,103 autoreload 9120 1896 File C:\Users\dan\just_django\myenvironmen\Lib\site-packages\django\core\files\uploadedfile.py first seen with mtime 1605589998.9819646
DEBUG 2020-12-26 04:51:57,103 autoreload 9120 1896 File C:\Users\dan\just_django\myenvironmen\Lib\site-packages\django\core\validators.py first seen with mtime 1605589998.9281087
DEBUG 2020-12-26 04:51:57,103 autoreload 9120 1896 File C:\Users\dan\AppData\Local\Programs\Python\Python39\Lib\weakref.py first seen with mtime 1601934402.0
DEBUG 2020-12-26 04:51:57,103 autoreload 9120 1896 File C:\Users\dan\just_django\myenvironmen\Lib\site-packages\django\db\backends\utils.py first seen with mtime 1605589999.0856862
DEBUG 2020-12-26 04:51:57,103 autoreload 9120 1896 File C:\Users\dan\just_django\myenvironmen\Lib\site-packages\django\db\migrations\state.py first seen with mtime 1605589999.1854243
DEBUG 2020-12-26 04:51:57,103 autoreload 9120 1896 File C:\Users\dan\just_django\myenvironmen\Lib\site-packages\django\utils\formats.py first seen with mtime 1605589999.5365255
DEBUG 2020-12-26 04:51:57,104 autoreload 9120 1896 File C:\Users\dan\just_django\myenvironmen\Lib\site-packages\sqlparse\filters\right_margin.py first seen with mtime 1605589993.1847079
DEBUG 2020-12-26 04:51:57,104 autoreload 9120 1896 File C:\Users\dan\just_django\myenvironmen\Lib\site-packages\django\views\generic\detail.py first seen with mtime 1605589999.6193013
DEBUG 2020-12-26 04:51:57,104 autoreload 9120 1896 File C:\Users\dan\just_django\myenvironmen\Lib\site-packages\django\utils\safestring.py first seen with mtime 1605589999.5604851
DEBUG 2020-12-26 04:51:57,104 autoreload 9120 1896 File C:\Users\dan\just_django\myenvironmen\Lib\site-packages\django\contrib\admin\views\autocomplete.py first seen with mtime 1605589994.521132
DEBUG 2020-12-26 04:51:57,104 autoreload 9120 1896 File C:\Users\dan\just_django\myenvironmen\Lib\site-packages\django\db\models\utils.py first seen with mtime 1605589999.226311
DEBUG 2020-12-26 04:51:57,104 autoreload 9120 1896 File C:\Users\dan\AppData\Local\Programs\Python\Python39\Lib\email\headerregistry.py first seen with mtime 1601934402.0
DEBUG 2020-12-26 04:51:57,104 autoreload 9120 1896 File C:\Users\dan\just_django\myenvironmen\Lib\site-packages\django\core\mail\utils.py first seen with mtime 1605589998.9969225
DEBUG 2020-12-26 04:51:57,104 autoreload 9120 1896 File C:\Users\dan\AppData\Local\Programs\Python\Python39\Lib\operator.py first seen with mtime 1601934402.0
DEBUG 2020-12-26 04:51:57,104 autoreload 9120 1896 File C:\Users\dan\AppData\Local\Programs\Python\Python39\Lib\pathlib.py first seen with mtime 1601934402.0
DEBUG 2020-12-26 04:51:57,105 autoreload 9120 1896 File C:\Users\dan\just_django\myenvironmen\Lib\site-packages\django\utils\inspect.py first seen with mtime 1605589999.545498
DEBUG 2020-12-26 04:51:57,105 autoreload 9120 1896 File C:\Users\dan\AppData\Local\Programs\Python\Python39\Lib\concurrent\futures\__init__.py first seen with mtime 1601934402.0
DEBUG 2020-12-26 04:51:57,105 autoreload 9120 1896 File C:\Users\dan\AppData\Local\Programs\Python\Python39\Lib\re.py first seen with mtime 1601934402.0
DEBUG 2020-12-26 04:51:57,105 autoreload 9120 1896 File C:\Users\dan\AppData\Local\Programs\Python\Python39\Lib\urllib\error.py first seen with mtime 1601934402.0
DEBUG 2020-12-26 04:51:57,105 autoreload 9120 1896 File C:\Users\dan\just_django\myenvironmen\Lib\site-packages\django\db\migrations\__init__.py first seen with mtime 1605589999.1674683
DEBUG 2020-12-26 04:51:57,105 autoreload 9120 1896 File C:\Users\dan\AppData\Local\Programs\Python\Python39\Lib\asyncio\selector_events.py first seen with mtime 1601934402.0
DEBUG 2020-12-26 04:51:57,105 autoreload 9120 1896 File C:\Users\dan\AppData\Local\Programs\Python\Python39\Lib\email\mime\message.py first seen with mtime 1601934402.0
DEBUG 2020-12-26 04:51:57,105 autoreload 9120 1896 File C:\Users\dan\just_django\myenvironmen\Lib\site-packages\django\utils\topological_sort.py first seen with mtime 1605589999.5684395
DEBUG 2020-12-26 04:51:57,105 autoreload 9120 1896 File C:\Users\dan\just_django\myenvironmen\Lib\site-packages\django\db\models\sql\subqueries.py first seen with mtime 1605589999.267201
DEBUG 2020-12-26 04:51:57,106 autoreload 9120 1896 File C:\Users\dan\just_django\myenvironmen\Lib\site-packages\django\contrib\auth\validators.py first seen with mtime 1605589994.9021149
DEBUG 2020-12-26 04:51:57,106 autoreload 9120 1896 File C:\Users\dan\just_django\myenvironmen\Lib\site-packages\django\templatetags\__init__.py first seen with mtime 1605589999.4677072
DEBUG 2020-12-26 04:51:57,106 autoreload 9120 1896 File C:\Users\dan\AppData\Local\Programs\Python\Python39\Lib\platform.py first seen with mtime 1601934402.0
DEBUG 2020-12-26 04:51:57,106 autoreload 9120 1896 File C:\Users\dan\just_django\myenvironmen\Lib\site-packages\django\core\serializers\python.py first seen with mtime 1605589999.0687313
DEBUG 2020-12-26 04:51:57,106 autoreload 9120 1896 File C:\Users\dan\AppData\Local\Programs\Python\Python39\Lib\uu.py first seen with mtime 1601934402.0
DEBUG 2020-12-26 04:51:57,106 autoreload 9120 1896 File C:\Users\dan\AppData\Local\Programs\Python\Python39\Lib\socket.py first seen with mtime 1601934402.0
DEBUG 2020-12-26 04:51:57,106 autoreload 9120 1896 File C:\Users\dan\just_django\myenvironmen\Lib\site-packages\django\contrib\humanize\apps.py first seen with mtime 1605589996.8935492
DEBUG 2020-12-26 04:51:57,106 autoreload 9120 1896 File C:\Users\dan\just_django\myenvironmen\Lib\site-packages\django\utils\timesince.py first seen with mtime 1605589999.5654547
DEBUG 2020-12-26 04:51:57,106 autoreload 9120 1896 File C:\Users\dan\AppData\Local\Programs\Python\Python39\Lib\gzip.py first seen with mtime 1601934402.0
DEBUG 2020-12-26 04:51:57,106 autoreload 9120 1896 File C:\Users\dan\just_django\myenvironmen\Lib\site-packages\django\db\backends\base\creation.py first seen with mtime 1605589999.0916703
DEBUG 2020-12-26 04:51:57,107 autoreload 9120 1896 File C:\Users\dan\just_django\myenvironmen\Lib\site-packages\django\contrib\auth\urls.py first seen with mtime 1605589994.9011219
DEBUG 2020-12-26 04:51:57,107 autoreload 9120 1896 File C:\Users\dan\just_django\myenvironmen\Lib\site-packages\django\urls\resolvers.py first seen with mtime 1605589999.500618
DEBUG 2020-12-26 04:51:57,107 autoreload 9120 1896 File C:\Users\dan\AppData\Local\Programs\Python\Python39\Lib\logging\handlers.py first seen with mtime 1601934402.0
DEBUG 2020-12-26 04:51:57,107 autoreload 9120 1896 File C:\Users\dan\just_django\myenvironmen\Lib\site-packages\django\core\paginator.py first seen with mtime 1605589998.9211266
DEBUG 2020-12-26 04:51:57,107 autoreload 9120 1896 File C:\Users\dan\AppData\Local\Programs\Python\Python39\Lib\_sitebuiltins.py first seen with mtime 1601934402.0
DEBUG 2020-12-26 04:51:57,107 autoreload 9120 1896 File C:\Users\dan\just_django\myenvironmen\Lib\site-packages\django\forms\renderers.py first seen with mtime 1605589999.2861488
DEBUG 2020-12-26 04:51:57,107 autoreload 9120 1896 File C:\Users\dan\AppData\Local\Programs\Python\Python39\Lib\csv.py first seen with mtime 1601934402.0
DEBUG 2020-12-26 04:51:57,107 autoreload 9120 1896 File C:\Users\dan\just_django\myenvironmen\Lib\site-packages\psycopg2\_json.py first seen with mtime 1605615674.1835182
DEBUG 2020-12-26 04:51:57,108 autoreload 9120 1896 File C:\Users\dan\just_django\tryjango\fx\user_views.py first seen with mtime 1608796156.1355135
DEBUG 2020-12-26 04:51:57,108 autoreload 9120 1896 File C:\Users\dan\just_django\myenvironmen\Lib\site-packages\crispy_forms\__init__.py first seen with mtime 1605614348.9746947
DEBUG 2020-12-26 04:51:57,108 autoreload 9120 1896 File C:\Users\dan\AppData\Local\Programs\Python\Python39\Lib\distutils\__init__.py first seen with mtime 1601934402.0
DEBUG 2020-12-26 04:51:57,108 autoreload 9120 1896 File C:\Users\dan\just_django\myenvironmen\Lib\site-packages\django\db\backends\base\base.py first seen with mtime 1605589999.0886788
DEBUG 2020-12-26 04:51:57,108 autoreload 9120 1896 File C:\Users\dan\AppData\Local\Programs\Python\Python39\Lib\logging\config.py first seen with mtime 1601934402.0
DEBUG 2020-12-26 04:51:57,108 autoreload 9120 1896 File C:\Users\dan\just_django\myenvironmen\Lib\site-packages\django\utils\__init__.py first seen with mtime 1605589999.5026162
DEBUG 2020-12-26 04:51:57,108 autoreload 9120 1896 File C:\Users\dan\just_django\myenvironmen\Lib\site-packages\psycopg2\tz.py first seen with mtime 1605615674.2124343
DEBUG 2020-12-26 04:51:57,108 autoreload 9120 1896 File C:\Users\dan\just_django\myenvironmen\Lib\site-packages\django\contrib\sites\shortcuts.py first seen with mtime 1605589998.4922755
DEBUG 2020-12-26 04:51:57,108 autoreload 9120 1896 File C:\Users\dan\just_django\myenvironmen\Lib\site-packages\django\db\backends\base\operations.py first seen with mtime 1605589999.0986533
DEBUG 2020-12-26 04:51:57,108 autoreload 9120 1896 File C:\Users\dan\just_django\myenvironmen\Lib\site-packages\sqlparse\engine\statement_splitter.py first seen with mtime 1605589993.1787226
DEBUG 2020-12-26 04:51:57,109 autoreload 9120 1896 File C:\Users\dan\just_django\myenvironmen\Lib\site-packages\sqlparse\filters\aligned_indent.py first seen with mtime 1605589993.181716
DEBUG 2020-12-26 04:51:57,109 autoreload 9120 1896 File C:\Users\dan\just_django\myenvironmen\Lib\site-packages\django\utils\dateparse.py first seen with mtime 1605589999.5215642
DEBUG 2020-12-26 04:51:57,109 autoreload 9120 1896 File C:\Users\dan\just_django\myenvironmen\Lib\site-packages\django\db\models\indexes.py first seen with mtime 1605589999.2143428
DEBUG 2020-12-26 04:51:57,109 autoreload 9120 1896 File C:\Users\dan\just_django\myenvironmen\Lib\site-packages\django\utils\deprecation.py first seen with mtime 1605589999.5315413
DEBUG 2020-12-26 04:51:57,109 autoreload 9120 1896 File C:\Users\dan\just_django\tryjango\fx\views.py first seen with mtime 1608903912.4822078
DEBUG 2020-12-26 04:51:57,109 autoreload 9120 1896 File C:\Users\dan\just_django\myenvironmen\Lib\site-packages\django\contrib\humanize\__init__.py first seen with mtime 1605589996.8905585
DEBUG 2020-12-26 04:51:57,109 autoreload 9120 1896 File C:\Users\dan\AppData\Local\Programs\Python\Python39\Lib\concurrent\__init__.py first seen with mtime 1601934402.0
DEBUG 2020-12-26 04:51:57,109 autoreload 9120 1896 File C:\Users\dan\just_django\myenvironmen\Lib\site-packages\django\utils\deconstruct.py first seen with mtime 1605589999.5285509
DEBUG 2020-12-26 04:51:57,109 autoreload 9120 1896 File C:\Users\dan\just_django\myenvironmen\Lib\site-packages\sqlparse\keywords.py first seen with mtime 1605589993.1697478
DEBUG 2020-12-26 04:51:57,110 autoreload 9120 1896 File C:\Users\dan\just_django\myenvironmen\Lib\site-packages\django\core\checks\security\csrf.py first seen with mtime 1605589998.9670053
DEBUG 2020-12-26 04:51:57,110 autoreload 9120 1896 File C:\Users\dan\just_django\myenvironmen\Lib\site-packages\django\core\files\__init__.py first seen with mtime 1605589998.9699943
DEBUG 2020-12-26 04:51:57,110 autoreload 9120 1896 File C:\Users\dan\just_django\myenvironmen\Lib\site-packages\django\db\backends\base\validation.py first seen with mtime 1605589999.1016438
DEBUG 2020-12-26 04:51:57,110 autoreload 9120 1896 File C:\Users\dan\just_django\myenvironmen\Lib\site-packages\django\urls\utils.py first seen with mtime 1605589999.5016189
DEBUG 2020-12-26 04:51:57,110 autoreload 9120 1896 File C:\Users\dan\just_django\myenvironmen\Lib\site-packages\django\views\i18n.py first seen with mtime 1605589999.5933704
DEBUG 2020-12-26 04:51:57,110 autoreload 9120 1896 File C:\Users\dan\AppData\Local\Programs\Python\Python39\Lib\email\charset.py first seen with mtime 1601934402.0
DEBUG 2020-12-26 04:51:57,111 autoreload 9120 1896 File C:\Users\dan\just_django\myenvironmen\Lib\site-packages\sqlparse\engine\__init__.py first seen with mtime 1605589993.174734
DEBUG 2020-12-26 04:51:57,111 autoreload 9120 1896 File C:\Users\dan\just_django\myenvironmen\Lib\site-packages\django\contrib\contenttypes\management\__init__.py first seen with mtime 1605589995.7874053
DEBUG 2020-12-26 04:51:57,111 autoreload 9120 1896 File C:\Users\dan\AppData\Local\Programs\Python\Python39\Lib\encodings\latin_1.py first seen with mtime 1601934402.0
DEBUG 2020-12-26 04:51:57,111 autoreload 9120 1896 File C:\Users\dan\just_django\myenvironmen\Lib\site-packages\django\template\base.py first seen with mtime 1605589999.4298103
DEBUG 2020-12-26 04:51:57,111 autoreload 9120 1896 File C:\Users\dan\just_django\myenvironmen\Lib\site-packages\django\template\smartif.py first seen with mtime 1605589999.4467618
DEBUG 2020-12-26 04:51:57,112 autoreload 9120 1896 File C:\Users\dan\AppData\Local\Programs\Python\Python39\Lib\difflib.py first seen with mtime 1601934402.0
DEBUG 2020-12-26 04:51:57,112 autoreload 9120 1896 File C:\Users\dan\just_django\myenvironmen\Lib\site-packages\django\apps\config.py first seen with mtime 1605589993.3542547
DEBUG 2020-12-26 04:51:57,112 autoreload 9120 1896 File C:\Users\dan\AppData\Local\Programs\Python\Python39\Lib\bisect.py first seen with mtime 1601934402.0
DEBUG 2020-12-26 04:51:57,112 autoreload 9120 1896 File C:\Users\dan\just_django\myenvironmen\Lib\site-packages\django\template\context.py first seen with mtime 1605589999.4308095
DEBUG 2020-12-26 04:51:57,112 autoreload 9120 1896 File C:\Users\dan\just_django\myenvironmen\Lib\site-packages\django\utils\datetime_safe.py first seen with mtime 1605589999.5265498
DEBUG 2020-12-26 04:51:57,113 autoreload 9120 1896 File C:\Users\dan\just_django\myenvironmen\Lib\site-packages\sqlparse\formatter.py first seen with mtime 1605589993.1697478
DEBUG 2020-12-26 04:51:57,113 autoreload 9120 1896 File C:\Users\dan\just_django\myenvironmen\Lib\site-packages\django\core\management\color.py first seen with mtime 1605589999.0138803
DEBUG 2020-12-26 04:51:57,113 autoreload 9120 1896 File C:\Users\dan\AppData\Local\Programs\Python\Python39\Lib\uuid.py first seen with mtime 1601934402.0
DEBUG 2020-12-26 04:51:57,113 autoreload 9120 1896 File C:\Users\dan\just_django\myenvironmen\Lib\site-packages\django\urls\converters.py first seen with mtime 1605589999.4976265
DEBUG 2020-12-26 04:51:57,113 autoreload 9120 1896 File C:\Users\dan\AppData\Local\Programs\Python\Python39\Lib\asyncio\threads.py first seen with mtime 1601934402.0
DEBUG 2020-12-26 04:51:57,113 autoreload 9120 1896 File C:\Users\dan\AppData\Local\Programs\Python\Python39\Lib\asyncio\runners.py first seen with mtime 1601934402.0
DEBUG 2020-12-26 04:51:57,113 autoreload 9120 1896 File C:\Users\dan\just_django\myenvironmen\Lib\site-packages\django\contrib\auth\checks.py first seen with mtime 1605589994.8831656
DEBUG 2020-12-26 04:51:57,114 autoreload 9120 1896 File C:\Users\dan\just_django\myenvironmen\Lib\site-packages\django\db\backends\postgresql\base.py first seen with mtime 1605589999.1435313
DEBUG 2020-12-26 04:51:57,114 autoreload 9120 1896 File C:\Users\dan\just_django\myenvironmen\Lib\site-packages\django\core\serializers\json.py first seen with mtime 1605589999.0667377
DEBUG 2020-12-26 04:51:57,114 autoreload 9120 1896 File C:\Users\dan\just_django\myenvironmen\Lib\site-packages\django\core\signals.py first seen with mtime 1605589998.9231272
DEBUG 2020-12-26 04:51:57,114 autoreload 9120 1896 File C:\Users\dan\just_django\myenvironmen\Lib\site-packages\django\apps\__init__.py first seen with mtime 1605589993.3532562
DEBUG 2020-12-26 04:51:57,114 autoreload 9120 1896 File C:\Users\dan\AppData\Local\Programs\Python\Python39\Lib\asyncio\futures.py first seen with mtime 1601934402.0
DEBUG 2020-12-26 04:51:57,114 autoreload 9120 1896 File C:\Users\dan\AppData\Local\Programs\Python\Python39\Lib\posixpath.py first seen with mtime 1601934402.0
DEBUG 2020-12-26 04:51:57,114 autoreload 9120 1896 File C:\Users\dan\just_django\myenvironmen\Lib\site-packages\django\db\models\constraints.py first seen with mtime 1605589999.2073617
DEBUG 2020-12-26 04:51:57,114 autoreload 9120 1896 File C:\Users\dan\just_django\myenvironmen\Lib\site-packages\sqlparse\__init__.py first seen with mtime 1605589993.1657617
DEBUG 2020-12-26 04:51:57,114 autoreload 9120 1896 File C:\Users\dan\just_django\myenvironmen\Lib\site-packages\django\contrib\staticfiles\handlers.py first seen with mtime 1605589998.89021
DEBUG 2020-12-26 04:51:57,115 autoreload 9120 1896 File C:\Users\dan\AppData\Local\Programs\Python\Python39\Lib\sre_compile.py first seen with mtime 1601934402.0
DEBUG 2020-12-26 04:51:57,115 autoreload 9120 1896 File C:\Users\dan\just_django\myenvironmen\Lib\site-packages\django\core\management\__init__.py first seen with mtime 1605589999.010888
DEBUG 2020-12-26 04:51:57,115 autoreload 9120 1896 File C:\Users\dan\just_django\myenvironmen\Lib\site-packages\django\http\response.py first seen with mtime 1605589999.4128528
DEBUG 2020-12-26 04:51:57,115 autoreload 9120 1896 File C:\Users\dan\just_django\myenvironmen\Lib\site-packages\django\utils\translation\__init__.py first seen with mtime 1605589999.574425
DEBUG 2020-12-26 04:51:57,115 autoreload 9120 1896 File C:\Users\dan\just_django\myenvironmen\Lib\site-packages\django\__init__.py first seen with mtime 1605589993.351264
DEBUG 2020-12-26 04:51:57,115 autoreload 9120 1896 File C:\Users\dan\AppData\Local\Programs\Python\Python39\Lib\asyncio\log.py first seen with mtime 1601934402.0
DEBUG 2020-12-26 04:51:57,115 autoreload 9120 1896 File C:\Users\dan\just_django\myenvironmen\Lib\site-packages\django\db\backends\signals.py first seen with mtime 1605589999.0846913
DEBUG 2020-12-26 04:51:57,115 autoreload 9120 1896 File C:\Users\dan\AppData\Local\Programs\Python\Python39\Lib\threading.py first seen with mtime 1601934402.0
DEBUG 2020-12-26 04:51:57,115 autoreload 9120 1896 File C:\Users\dan\AppData\Local\Programs\Python\Python39\Lib\datetime.py first seen with mtime 1601934402.0
DEBUG 2020-12-26 04:51:57,115 autoreload 9120 1896 File C:\Users\dan\just_django\myenvironmen\Lib\site-packages\django\contrib\auth\signals.py first seen with mtime 1605589994.8981266
DEBUG 2020-12-26 04:51:57,116 autoreload 9120 1896 File C:\Users\dan\just_django\myenvironmen\Lib\site-packages\django\db\migrations\operations\__init__.py first seen with mtime 1605589999.190407
DEBUG 2020-12-26 04:51:57,116 autoreload 9120 1896 File C:\Users\dan\just_django\myenvironmen\Lib\site-packages\django\contrib\auth\management\__init__.py first seen with mtime 1605589995.3219936
DEBUG 2020-12-26 04:51:57,116 autoreload 9120 1896 File C:\Users\dan\just_django\myenvironmen\Lib\site-packages\django\contrib\staticfiles\utils.py first seen with mtime 1605589998.8991861
DEBUG 2020-12-26 04:51:57,116 autoreload 9120 1896 File C:\Users\dan\just_django\myenvironmen\Lib\site-packages\django\contrib\admin\decorators.py first seen with mtime 1605589993.8190112
DEBUG 2020-12-26 04:51:57,116 autoreload 9120 1896 File C:\Users\dan\AppData\Local\Programs\Python\Python39\Lib\email\policy.py first seen with mtime 1601934402.0
DEBUG 2020-12-26 04:51:57,116 autoreload 9120 1896 File C:\Users\dan\just_django\tryjango\trydjango\local_settings.py first seen with mtime 1608328080.3705158
DEBUG 2020-12-26 04:51:57,117 autoreload 9120 1896 File C:\Users\dan\just_django\myenvironmen\Lib\site-packages\django\views\generic\dates.py first seen with mtime 1605589999.6183035
DEBUG 2020-12-26 04:51:57,117 autoreload 9120 1896 File C:\Users\dan\just_django\myenvironmen\Lib\site-packages\django\core\checks\async_checks.py first seen with mtime 1605589998.9480553
DEBUG 2020-12-26 04:51:57,117 autoreload 9120 1896 File C:\Users\dan\AppData\Local\Programs\Python\Python39\Lib\_weakrefset.py first seen with mtime 1601934402.0
DEBUG 2020-12-26 04:51:57,117 autoreload 9120 1896 File C:\Users\dan\just_django\myenvironmen\Lib\site-packages\django\db\backends\ddl_references.py first seen with mtime 1605589999.0826964
DEBUG 2020-12-26 04:51:57,117 autoreload 9120 1896 File C:\Users\dan\just_django\myenvironmen\Lib\site-packages\django\db\models\signals.py first seen with mtime 1605589999.2243164
DEBUG 2020-12-26 04:51:57,117 autoreload 9120 1896 File C:\Users\dan\AppData\Local\Programs\Python\Python39\Lib\pkgutil.py first seen with mtime 1601934402.0
DEBUG 2020-12-26 04:51:57,117 autoreload 9120 1896 File C:\Users\dan\just_django\myenvironmen\Lib\site-packages\asgiref\local.py first seen with mtime 1605589993.2774587
DEBUG 2020-12-26 04:51:57,117 autoreload 9120 1896 File C:\Users\dan\just_django\myenvironmen\Lib\site-packages\django\contrib\auth\tokens.py first seen with mtime 1605589994.899125
DEBUG 2020-12-26 04:51:57,117 autoreload 9120 1896 File C:\Users\dan\just_django\myenvironmen\Lib\site-packages\django\contrib\contenttypes\apps.py first seen with mtime 1605589995.356908
DEBUG 2020-12-26 04:51:57,117 autoreload 9120 1896 File C:\Users\dan\AppData\Local\Programs\Python\Python39\Lib\tempfile.py first seen with mtime 1601934402.0
DEBUG 2020-12-26 04:51:57,118 autoreload 9120 1896 File C:\Users\dan\AppData\Local\Programs\Python\Python39\Lib\html\__init__.py first seen with mtime 1601934402.0
DEBUG 2020-12-26 04:51:57,118 autoreload 9120 1896 File C:\Users\dan\just_django\myenvironmen\Lib\site-packages\psycopg2\_ipaddress.py first seen with mtime 1605615674.1825116
DEBUG 2020-12-26 04:51:57,118 autoreload 9120 1896 File C:\Users\dan\AppData\Local\Programs\Python\Python39\Lib\email\_header_value_parser.py first seen with mtime 1601934402.0
DEBUG 2020-12-26 04:51:57,118 autoreload 9120 1896 File C:\Users\dan\AppData\Local\Programs\Python\Python39\Lib\pprint.py first seen with mtime 1601934402.0
DEBUG 2020-12-26 04:51:57,118 autoreload 9120 1896 File C:\Users\dan\just_django\myenvironmen\Lib\site-packages\sqlparse\engine\filter_stack.py first seen with mtime 1605589993.1757321
DEBUG 2020-12-26 04:51:57,118 autoreload 9120 1896 File C:\Users\dan\just_django\myenvironmen\Lib\site-packages\django\db\models\fields\json.py first seen with mtime 1605589999.2322946
DEBUG 2020-12-26 04:51:57,118 autoreload 9120 1896 File C:\Users\dan\AppData\Local\Programs\Python\Python39\Lib\http\__init__.py first seen with mtime 1601934402.0
DEBUG 2020-12-26 04:51:57,118 autoreload 9120 1896 File C:\Users\dan\just_django\myenvironmen\Lib\site-packages\django\db\backends\postgresql\features.py first seen with mtime 1605589999.147523
DEBUG 2020-12-26 04:51:57,118 autoreload 9120 1896 File C:\Users\dan\just_django\myenvironmen\Lib\site-packages\django\views\debug.py first seen with mtime 1605589999.589383
DEBUG 2020-12-26 04:51:57,119 autoreload 9120 1896 File C:\Users\dan\just_django\tryjango\fx\tables.py first seen with mtime 1605611997.002042
DEBUG 2020-12-26 04:51:57,119 autoreload 9120 1896 File C:\Users\dan\AppData\Local\Programs\Python\Python39\Lib\genericpath.py first seen with mtime 1601934402.0
DEBUG 2020-12-26 04:51:57,119 autoreload 9120 1896 File C:\Users\dan\just_django\myenvironmen\Lib\site-packages\django\apps\registry.py first seen with mtime 1605589993.355252
DEBUG 2020-12-26 04:51:57,119 autoreload 9120 1896 File C:\Users\dan\just_django\myenvironmen\Lib\site-packages\django\contrib\contenttypes\models.py first seen with mtime 1605589995.3648798
DEBUG 2020-12-26 04:51:57,119 autoreload 9120 1896 File C:\Users\dan\AppData\Local\Programs\Python\Python39\Lib\hashlib.py first seen with mtime 1601934402.0
DEBUG 2020-12-26 04:51:57,119 autoreload 9120 1896 File C:\Users\dan\just_django\myenvironmen\Lib\site-packages\django\core\servers\__init__.py first seen with mtime 1605589999.0727215
DEBUG 2020-12-26 04:51:57,119 autoreload 9120 1896 File C:\Users\dan\AppData\Local\Programs\Python\Python39\Lib\urllib\parse.py first seen with mtime 1601934402.0
DEBUG 2020-12-26 04:51:57,119 autoreload 9120 1896 File C:\Users\dan\just_django\myenvironmen\Lib\site-packages\django\templatetags\tz.py first seen with mtime 1605589999.477681
DEBUG 2020-12-26 04:51:57,119 autoreload 9120 1896 File C:\Users\dan\AppData\Local\Programs\Python\Python39\Lib\_compat_pickle.py first seen with mtime 1601934402.0
DEBUG 2020-12-26 04:51:57,119 autoreload 9120 1896 File C:\Users\dan\just_django\myenvironmen\Lib\site-packages\django\conf\global_settings.py first seen with mtime 1605589993.3602436
DEBUG 2020-12-26 04:51:57,120 autoreload 9120 1896 File C:\Users\dan\just_django\myenvironmen\Lib\site-packages\django\template\engine.py first seen with mtime 1605589999.4367921
DEBUG 2020-12-26 04:51:57,120 autoreload 9120 1896 File C:\Users\dan\AppData\Local\Programs\Python\Python39\Lib\warnings.py first seen with mtime 1601934402.0
DEBUG 2020-12-26 04:51:57,120 autoreload 9120 1896 File C:\Users\dan\just_django\myenvironmen\Lib\site-packages\django\core\cache\backends\base.py first seen with mtime 1605589998.936086
DEBUG 2020-12-26 04:51:57,120 autoreload 9120 1896 File C:\Users\dan\just_django\myenvironmen\Lib\site-packages\django\core\files\base.py first seen with mtime 1605589998.9709923
DEBUG 2020-12-26 04:51:57,120 autoreload 9120 1896 File C:\Users\dan\just_django\myenvironmen\Lib\site-packages\django\db\models\functions\__init__.py first seen with mtime 1605589999.2442617
DEBUG 2020-12-26 04:51:57,120 autoreload 9120 1896 File C:\Users\dan\just_django\myenvironmen\Lib\site-packages\sqlparse\filters\others.py first seen with mtime 1605589993.181716
DEBUG 2020-12-26 04:51:57,120 autoreload 9120 1896 File C:\Users\dan\just_django\myenvironmen\Lib\site-packages\django\core\signing.py first seen with mtime 1605589998.926114
DEBUG 2020-12-26 04:51:57,120 autoreload 9120 1896 File C:\Users\dan\just_django\myenvironmen\Lib\site-packages\django\utils\translation\trans_real.py first seen with mtime 1605589999.583399
DEBUG 2020-12-26 04:51:57,120 autoreload 9120 1896 File C:\Users\dan\just_django\myenvironmen\Lib\site-packages\django\db\models\functions\comparison.py first seen with mtime 1605589999.2462559
DEBUG 2020-12-26 04:51:57,121 autoreload 9120 1896 File C:\Users\dan\AppData\Local\Programs\Python\Python39\Lib\urllib\response.py first seen with mtime 1601934402.0
DEBUG 2020-12-26 04:51:57,121 autoreload 9120 1896 File C:\Users\dan\just_django\myenvironmen\Lib\site-packages\django\contrib\contenttypes\__init__.py first seen with mtime 1605589995.3539069
DEBUG 2020-12-26 04:51:57,121 autoreload 9120 1896 File C:\Users\dan\AppData\Local\Programs\Python\Python39\Lib\ctypes\_endian.py first seen with mtime 1601934402.0
DEBUG 2020-12-26 04:51:57,121 autoreload 9120 1896 File C:\Users\dan\just_django\tryjango\fx\baseTable.py first seen with mtime 1605611996.6359785
DEBUG 2020-12-26 04:51:57,121 autoreload 9120 1896 File C:\Users\dan\AppData\Local\Programs\Python\Python39\DLLs\_ctypes.pyd first seen with mtime 1601934420.0
DEBUG 2020-12-26 04:51:57,121 autoreload 9120 1896 File C:\Users\dan\AppData\Local\Programs\Python\Python39\Lib\token.py first seen with mtime 1601934402.0
DEBUG 2020-12-26 04:51:57,121 autoreload 9120 1896 File C:\Users\dan\AppData\Local\Programs\Python\Python39\Lib\email\__init__.py first seen with mtime 1601934402.0
DEBUG 2020-12-26 04:51:57,121 autoreload 9120 1896 File C:\Users\dan\just_django\myenvironmen\Lib\site-packages\pytz\tzfile.py first seen with mtime 1605589992.5384364
DEBUG 2020-12-26 04:51:57,121 autoreload 9120 1896 File C:\Users\dan\AppData\Local\Programs\Python\Python39\Lib\email\header.py first seen with mtime 1601934402.0
DEBUG 2020-12-26 04:51:57,121 autoreload 9120 1896 File C:\Users\dan\AppData\Local\Programs\Python\Python39\Lib\wsgiref\simple_server.py first seen with mtime 1601934402.0
DEBUG 2020-12-26 04:51:57,122 autoreload 9120 1896 File C:\Users\dan\just_django\myenvironmen\Lib\site-packages\psycopg2\errorcodes.py first seen with mtime 1605615674.208444
DEBUG 2020-12-26 04:51:57,122 autoreload 9120 1896 File C:\Users\dan\AppData\Local\Programs\Python\Python39\Lib\numbers.py first seen with mtime 1601934402.0
DEBUG 2020-12-26 04:51:57,122 autoreload 9120 1896 File C:\Users\dan\just_django\myenvironmen\Lib\site-packages\pytz\__init__.py first seen with mtime 1605589992.533451
DEBUG 2020-12-26 04:51:57,122 autoreload 9120 1896 File C:\Users\dan\AppData\Local\Programs\Python\Python39\Lib\typing.py first seen with mtime 1601934402.0
DEBUG 2020-12-26 04:51:57,122 autoreload 9120 1896 File C:\Users\dan\AppData\Local\Programs\Python\Python39\Lib\sre_constants.py first seen with mtime 1601934402.0
DEBUG 2020-12-26 04:51:57,122 autoreload 9120 1896 File C:\Users\dan\just_django\myenvironmen\Lib\site-packages\django\contrib\contenttypes\forms.py first seen with mtime 1605589995.3628826
DEBUG 2020-12-26 04:51:57,122 autoreload 9120 1896 File C:\Users\dan\AppData\Local\Programs\Python\Python39\Lib\_bootlocale.py first seen with mtime 1601934402.0
DEBUG 2020-12-26 04:51:57,122 autoreload 9120 1896 File C:\Users\dan\just_django\myenvironmen\Lib\site-packages\sqlparse\filters\__init__.py first seen with mtime 1605589993.179721
DEBUG 2020-12-26 04:51:57,122 autoreload 9120 1896 File C:\Users\dan\just_django\myenvironmen\Lib\site-packages\django\contrib\admin\templatetags\log.py first seen with mtime 1605589994.5191379
DEBUG 2020-12-26 04:51:57,122 autoreload 9120 1896 File C:\Users\dan\just_django\myenvironmen\Lib\site-packages\django\utils\lorem_ipsum.py first seen with mtime 1605589999.55248
DEBUG 2020-12-26 04:51:57,123 autoreload 9120 1896 File C:\Users\dan\just_django\myenvironmen\Lib\site-packages\django\db\models\functions\math.py first seen with mtime 1605589999.2492495
DEBUG 2020-12-26 04:51:57,123 autoreload 9120 1896 File C:\Users\dan\just_django\myenvironmen\Lib\site-packages\django\db\utils.py first seen with mtime 1605589999.079706
DEBUG 2020-12-26 04:51:57,123 autoreload 9120 1896 File C:\Users\dan\just_django\myenvironmen\Lib\site-packages\django\contrib\contenttypes\fields.py first seen with mtime 1605589995.3608882
DEBUG 2020-12-26 04:51:57,123 autoreload 9120 1896 File C:\Users\dan\AppData\Local\Programs\Python\Python39\Lib\asyncio\coroutines.py first seen with mtime 1601934402.0
DEBUG 2020-12-26 04:51:57,123 autoreload 9120 1896 File C:\Users\dan\AppData\Local\Programs\Python\Python39\Lib\mimetypes.py first seen with mtime 1601934402.0
DEBUG 2020-12-26 04:51:57,123 autoreload 9120 1896 File C:\Users\dan\AppData\Local\Programs\Python\Python39\Lib\codecs.py first seen with mtime 1601934402.0
DEBUG 2020-12-26 04:51:57,123 autoreload 9120 1896 File C:\Users\dan\just_django\myenvironmen\Lib\site-packages\psycopg2\errors.py first seen with mtime 1605615674.2094414
DEBUG 2020-12-26 04:51:57,123 autoreload 9120 1896 File C:\Users\dan\just_django\myenvironmen\Lib\site-packages\django\forms\models.py first seen with mtime 1605589999.2851522
DEBUG 2020-12-26 04:51:57,123 autoreload 9120 1896 File C:\Users\dan\AppData\Local\Programs\Python\Python39\Lib\ipaddress.py first seen with mtime 1601934402.0
DEBUG 2020-12-26 04:51:57,123 autoreload 9120 1896 File C:\Users\dan\just_django\tryjango\fx\mytable.py first seen with mtime 1605611996.671882
DEBUG 2020-12-26 04:51:57,124 autoreload 9120 1896 File C:\Users\dan\just_django\myenvironmen\Lib\site-packages\django\db\migrations\operations\base.py first seen with mtime 1605589999.1924012
DEBUG 2020-12-26 04:51:57,124 autoreload 9120 1896 File C:\Users\dan\just_django\myenvironmen\Lib\site-packages\django\http\cookie.py first seen with mtime 1605589999.405878
DEBUG 2020-12-26 04:51:57,124 autoreload 9120 1896 File C:\Users\dan\just_django\myenvironmen\Lib\site-packages\django\contrib\staticfiles\checks.py first seen with mtime 1605589998.8872168
DEBUG 2020-12-26 04:51:57,124 autoreload 9120 1896 File C:\Users\dan\just_django\myenvironmen\Lib\site-packages\django\core\checks\security\__init__.py first seen with mtime 1605589998.9640114
DEBUG 2020-12-26 04:51:57,124 autoreload 9120 1896 File C:\Users\dan\just_django\myenvironmen\Lib\site-packages\django\template\__init__.py first seen with mtime 1605589999.4278178
DEBUG 2020-12-26 04:51:57,124 autoreload 9120 1896 File C:\Users\dan\just_django\myenvironmen\Lib\site-packages\django\views\__init__.py first seen with mtime 1605589999.5853963
DEBUG 2020-12-26 04:51:57,124 autoreload 9120 1896 File C:\Users\dan\just_django\tryjango\fx\models.py first seen with mtime 1608898294.021314
DEBUG 2020-12-26 04:51:57,124 autoreload 9120 1896 File C:\Users\dan\AppData\Local\Programs\Python\Python39\Lib\stat.py first seen with mtime 1601934402.0
DEBUG 2020-12-26 04:51:57,124 autoreload 9120 1896 File C:\Users\dan\AppData\Local\Programs\Python\Python39\Lib\json\decoder.py first seen with mtime 1601934402.0
DEBUG 2020-12-26 04:51:57,124 autoreload 9120 1896 File C:\Users\dan\AppData\Local\Programs\Python\Python39\Lib\hmac.py first seen with mtime 1601934402.0
DEBUG 2020-12-26 04:51:57,125 autoreload 9120 1896 File C:\Users\dan\just_django\myenvironmen\Lib\site-packages\django\contrib\contenttypes\admin.py first seen with mtime 1605589995.3549035
DEBUG 2020-12-26 04:51:57,125 autoreload 9120 1896 File C:\Users\dan\just_django\myenvironmen\Lib\site-packages\django\db\backends\base\schema.py first seen with mtime 1605589999.1006486
DEBUG 2020-12-26 04:51:57,125 autoreload 9120 1896 File C:\Users\dan\AppData\Local\Programs\Python\Python39\DLLs\select.pyd first seen with mtime 1601934420.0
DEBUG 2020-12-26 04:51:57,125 autoreload 9120 1896 File C:\Users\dan\just_django\myenvironmen\Lib\site-packages\django\db\backends\postgresql\__init__.py first seen with mtime 1605589999.1405394
DEBUG 2020-12-26 04:51:57,125 autoreload 9120 1896 File C:\Users\dan\AppData\Local\Programs\Python\Python39\Lib\types.py first seen with mtime 1601934402.0
DEBUG 2020-12-26 04:51:57,125 autoreload 9120 1896 File C:\Users\dan\just_django\myenvironmen\Lib\site-packages\django\db\models\sql\constants.py first seen with mtime 1605589999.2612183
DEBUG 2020-12-26 04:51:57,125 autoreload 9120 1896 File C:\Users\dan\just_django\myenvironmen\Lib\site-packages\django\forms\__init__.py first seen with mtime 1605589999.2761796
DEBUG 2020-12-26 04:51:57,125 autoreload 9120 1896 File C:\Users\dan\just_django\myenvironmen\Lib\site-packages\pytz\exceptions.py first seen with mtime 1605589992.5344467
DEBUG 2020-12-26 04:51:57,125 autoreload 9120 1896 File C:\Users\dan\AppData\Local\Programs\Python\Python39\Lib\collections\abc.py first seen with mtime 1601934402.0
DEBUG 2020-12-26 04:51:57,126 autoreload 9120 1896 File C:\Users\dan\just_django\myenvironmen\Lib\site-packages\django\core\checks\caches.py first seen with mtime 1605589998.9500484
DEBUG 2020-12-26 04:51:57,126 autoreload 9120 1896 File C:\Users\dan\AppData\Local\Programs\Python\Python39\Lib\cgi.py first seen with mtime 1601934402.0
DEBUG 2020-12-26 04:51:57,126 autoreload 9120 1896 File C:\Users\dan\AppData\Local\Programs\Python\Python39\Lib\email\message.py first seen with mtime 1601934402.0
DEBUG 2020-12-26 04:51:57,126 autoreload 9120 1896 File C:\Users\dan\just_django\tryjango\fx\__init__.py first seen with mtime 1605611996.6140401
DEBUG 2020-12-26 04:51:57,126 autoreload 9120 1896 File C:\Users\dan\AppData\Local\Programs\Python\Python39\Lib\asyncio\proactor_events.py first seen with mtime 1601934402.0
DEBUG 2020-12-26 04:51:57,126 autoreload 9120 1896 File C:\Users\dan\just_django\myenvironmen\Lib\site-packages\django\db\models\aggregates.py first seen with mtime 1605589999.2023733
DEBUG 2020-12-26 04:51:57,126 autoreload 9120 1896 File C:\Users\dan\just_django\myenvironmen\Lib\site-packages\django\template\backends\base.py first seen with mtime 1605589999.4507573
DEBUG 2020-12-26 04:51:57,126 autoreload 9120 1896 File C:\Users\dan\AppData\Local\Programs\Python\Python39\Lib\distutils\version.py first seen with mtime 1601934402.0
DEBUG 2020-12-26 04:51:57,126 autoreload 9120 1896 File C:\Users\dan\AppData\Local\Programs\Python\Python39\Lib\asyncio\subprocess.py first seen with mtime 1601934402.0
DEBUG 2020-12-26 04:51:57,127 autoreload 9120 1896 File C:\Users\dan\just_django\myenvironmen\Lib\site-packages\django\utils\termcolors.py first seen with mtime 1605589999.5624552
DEBUG 2020-12-26 04:51:57,127 autoreload 9120 1896 File C:\Users\dan\just_django\myenvironmen\Lib\site-packages\django\db\backends\base\introspection.py first seen with mtime 1605589999.096658
DEBUG 2020-12-26 04:51:57,127 autoreload 9120 1896 File C:\Users\dan\AppData\Local\Programs\Python\Python39\DLLs\_socket.pyd first seen with mtime 1601934420.0
DEBUG 2020-12-26 04:51:57,127 autoreload 9120 1896 File C:\Users\dan\just_django\myenvironmen\Lib\site-packages\django\forms\forms.py first seen with mtime 1605589999.281163
DEBUG 2020-12-26 04:51:57,127 autoreload 9120 1896 File C:\Users\dan\just_django\myenvironmen\Lib\site-packages\django\utils\itercompat.py first seen with mtime 1605589999.5484903
DEBUG 2020-12-26 04:51:57,127 autoreload 9120 1896 File C:\Users\dan\just_django\myenvironmen\Lib\site-packages\django\utils\version.py first seen with mtime 1605589999.5704334
DEBUG 2020-12-26 04:51:57,127 autoreload 9120 1896 File C:\Users\dan\AppData\Local\Programs\Python\Python39\Lib\http\cookies.py first seen with mtime 1601934402.0
DEBUG 2020-12-26 04:51:57,127 autoreload 9120 1896 File C:\Users\dan\AppData\Local\Programs\Python\Python39\Lib\quopri.py first seen with mtime 1601934402.0
DEBUG 2020-12-26 04:51:57,127 autoreload 9120 1896 File C:\Users\dan\AppData\Local\Programs\Python\Python39\Lib\wsgiref\__init__.py first seen with mtime 1601934402.0
DEBUG 2020-12-26 04:51:57,127 autoreload 9120 1896 File C:\Users\dan\just_django\myenvironmen\Lib\site-packages\django\contrib\auth\base_user.py first seen with mtime 1605589994.8811707
DEBUG 2020-12-26 04:51:57,128 autoreload 9120 1896 File C:\Users\dan\AppData\Local\Programs\Python\Python39\Lib\signal.py first seen with mtime 1601934402.0
DEBUG 2020-12-26 04:51:57,128 autoreload 9120 1896 File C:\Users\dan\just_django\myenvironmen\Lib\site-packages\django\dispatch\__init__.py first seen with mtime 1605589999.270192
DEBUG 2020-12-26 04:51:57,128 autoreload 9120 1896 File C:\Users\dan\just_django\tryjango\fx\forms.py first seen with mtime 1608796780.954238
DEBUG 2020-12-26 04:51:57,128 autoreload 9120 1896 File C:\Users\dan\just_django\myenvironmen\Lib\site-packages\django\forms\fields.py first seen with mtime 1605589999.2801654
DEBUG 2020-12-26 04:51:57,128 autoreload 9120 1896 File C:\Users\dan\AppData\Local\Programs\Python\Python39\Lib\argparse.py first seen with mtime 1601934402.0
DEBUG 2020-12-26 04:51:57,128 autoreload 9120 1896 File C:\Users\dan\just_django\myenvironmen\Lib\site-packages\psycopg2\_range.py first seen with mtime 1605615674.2064536
DEBUG 2020-12-26 04:51:57,128 autoreload 9120 1896 File C:\Users\dan\just_django\myenvironmen\Lib\site-packages\sqlparse\sql.py first seen with mtime 1605589993.1717422
DEBUG 2020-12-26 04:51:57,128 autoreload 9120 1896 File C:\Users\dan\just_django\myenvironmen\Lib\site-packages\django\contrib\staticfiles\management\commands\runserver.py first seen with mtime 1605589998.907166
DEBUG 2020-12-26 04:51:57,128 autoreload 9120 1896 File C:\Users\dan\just_django\myenvironmen\Lib\site-packages\django\template\defaultfilters.py first seen with mtime 1605589999.4337997
DEBUG 2020-12-26 04:51:57,129 autoreload 9120 1896 File C:\Users\dan\AppData\Local\Programs\Python\Python39\Lib\json\scanner.py first seen with mtime 1601934402.0
DEBUG 2020-12-26 04:51:57,129 autoreload 9120 1896 File C:\Users\dan\just_django\myenvironmen\Lib\site-packages\django\core\handlers\asgi.py first seen with mtime 1605589998.98695
DEBUG 2020-12-26 04:51:57,129 autoreload 9120 1896 File C:\Users\dan\just_django\myenvironmen\Lib\site-packages\django\db\models\manager.py first seen with mtime 1605589999.2173355
DEBUG 2020-12-26 04:51:57,129 autoreload 9120 1896 File C:\Users\dan\AppData\Local\Programs\Python\Python39\DLLs\_uuid.pyd first seen with mtime 1601934420.0
DEBUG 2020-12-26 04:51:57,129 autoreload 9120 1896 File C:\Users\dan\just_django\myenvironmen\Lib\site-packages\django\http\__init__.py first seen with mtime 1605589999.4038773
DEBUG 2020-12-26 04:51:57,129 autoreload 9120 1896 File C:\Users\dan\AppData\Local\Programs\Python\Python39\Lib\email\iterators.py first seen with mtime 1601934402.0
DEBUG 2020-12-26 04:51:57,129 autoreload 9120 1896 File C:\Users\dan\just_django\myenvironmen\Lib\site-packages\django\core\files\utils.py first seen with mtime 1605589998.9849565
DEBUG 2020-12-26 04:51:57,129 autoreload 9120 1896 File C:\Users\dan\AppData\Local\Programs\Python\Python39\Lib\asyncio\base_events.py first seen with mtime 1601934402.0
DEBUG 2020-12-26 04:51:57,129 autoreload 9120 1896 File C:\Users\dan\AppData\Local\Programs\Python\Python39\Lib\pickle.py first seen with mtime 1601934402.0
DEBUG 2020-12-26 04:51:57,129 autoreload 9120 1896 File C:\Users\dan\AppData\Local\Programs\Python\Python39\Lib\traceback.py first seen with mtime 1601934402.0
DEBUG 2020-12-26 04:51:57,130 autoreload 9120 1896 File C:\Users\dan\just_django\myenvironmen\Lib\site-packages\django\http\request.py first seen with mtime 1605589999.409864
DEBUG 2020-12-26 04:51:57,130 autoreload 9120 1896 File C:\Users\dan\AppData\Local\Programs\Python\Python39\Lib\email\mime\text.py first seen with mtime 1601934402.0
DEBUG 2020-12-26 04:51:57,130 autoreload 9120 1896 File C:\Users\dan\just_django\myenvironmen\Lib\site-packages\django\views\decorators\cache.py first seen with mtime 1605589999.5993588
DEBUG 2020-12-26 04:51:57,130 autoreload 9120 1896 File C:\Users\dan\just_django\myenvironmen\Lib\site-packages\django\core\wsgi.py first seen with mtime 1605589998.930102
DEBUG 2020-12-26 04:51:57,130 autoreload 9120 1896 File C:\Users\dan\AppData\Local\Programs\Python\Python39\Lib\email\generator.py first seen with mtime 1601934402.0
DEBUG 2020-12-26 04:51:57,130 autoreload 9120 1896 File C:\Users\dan\just_django\myenvironmen\Lib\site-packages\django\utils\functional.py first seen with mtime 1605589999.5375228
DEBUG 2020-12-26 04:51:57,130 autoreload 9120 1896 File C:\Users\dan\just_django\myenvironmen\Lib\site-packages\django\db\models\fields\proxy.py first seen with mtime 1605589999.235286
DEBUG 2020-12-26 04:51:57,130 autoreload 9120 1896 File C:\Users\dan\just_django\myenvironmen\Lib\site-packages\django\core\cache\backends\__init__.py first seen with mtime 1605589998.9340925
DEBUG 2020-12-26 04:51:57,130 autoreload 9120 1896 File C:\Users\dan\just_django\myenvironmen\Lib\site-packages\django\db\migrations\exceptions.py first seen with mtime 1605589999.1704595
DEBUG 2020-12-26 04:51:57,130 autoreload 9120 1896 File C:\Users\dan\AppData\Local\Programs\Python\Python39\Lib\ctypes\wintypes.py first seen with mtime 1601934402.0
DEBUG 2020-12-26 04:51:57,131 autoreload 9120 1896 File C:\Users\dan\just_django\myenvironmen\Lib\site-packages\django\contrib\admin\helpers.py first seen with mtime 1605589993.8220024
DEBUG 2020-12-26 04:51:57,131 autoreload 9120 1896 File C:\Users\dan\AppData\Local\Programs\Python\Python39\Lib\site.py first seen with mtime 1601934402.0
DEBUG 2020-12-26 04:51:57,131 autoreload 9120 1896 File C:\Users\dan\just_django\myenvironmen\Lib\site-packages\django\db\backends\postgresql\creation.py first seen with mtime 1605589999.146523
DEBUG 2020-12-26 04:51:57,131 autoreload 9120 1896 File C:\Users\dan\AppData\Local\Programs\Python\Python39\Lib\email\_parseaddr.py first seen with mtime 1601934402.0
DEBUG 2020-12-26 04:51:57,131 autoreload 9120 1896 File C:\Users\dan\AppData\Local\Programs\Python\Python39\Lib\decimal.py first seen with mtime 1601934402.0
DEBUG 2020-12-26 04:51:57,131 autoreload 9120 1896 File C:\Users\dan\just_django\myenvironmen\Lib\site-packages\django\db\backends\postgresql\introspection.py first seen with mtime 1605589999.1495166
DEBUG 2020-12-26 04:51:57,131 autoreload 9120 1896 File C:\Users\dan\AppData\Local\Programs\Python\Python39\Lib\asyncio\constants.py first seen with mtime 1601934402.0
DEBUG 2020-12-26 04:51:57,131 autoreload 9120 1896 File C:\Users\dan\AppData\Local\Programs\Python\Python39\Lib\dis.py first seen with mtime 1601934402.0
DEBUG 2020-12-26 04:51:57,131 autoreload 9120 1896 File C:\Users\dan\AppData\Local\Programs\Python\Python39\Lib\_markupbase.py first seen with mtime 1601934402.0
DEBUG 2020-12-26 04:51:57,131 autoreload 9120 1896 File C:\Users\dan\just_django\myenvironmen\Lib\site-packages\django\contrib\admin\templatetags\admin_urls.py first seen with mtime 1605589994.5181413
DEBUG 2020-12-26 04:51:57,132 autoreload 9120 1896 File C:\Users\dan\just_django\myenvironmen\Lib\site-packages\django\utils\autoreload.py first seen with mtime 1605589999.508598
DEBUG 2020-12-26 04:51:57,132 autoreload 9120 1896 File C:\Users\dan\just_django\myenvironmen\Lib\site-packages\django\utils\baseconv.py first seen with mtime 1605589999.5115888
DEBUG 2020-12-26 04:51:57,132 autoreload 9120 1896 File C:\Users\dan\AppData\Local\Programs\Python\Python39\Lib\asyncio\sslproto.py first seen with mtime 1601934402.0
DEBUG 2020-12-26 04:51:57,132 autoreload 9120 1896 File C:\Users\dan\just_django\tryjango\fx\admin.py first seen with mtime 1608788780.8502457
DEBUG 2020-12-26 04:51:57,132 autoreload 9120 1896 File C:\Users\dan\AppData\Local\Programs\Python\Python39\Lib\secrets.py first seen with mtime 1601934402.0
DEBUG 2020-12-26 04:51:57,132 autoreload 9120 1896 File C:\Users\dan\just_django\myenvironmen\Lib\site-packages\django\contrib\admin\templatetags\__init__.py first seen with mtime 1605589994.5141532
DEBUG 2020-12-26 04:51:57,132 autoreload 9120 1896 File C:\Users\dan\just_django\myenvironmen\Lib\site-packages\django\core\cache\__init__.py first seen with mtime 1605589998.9320977
DEBUG 2020-12-26 04:51:57,132 autoreload 9120 1896 File C:\Users\dan\just_django\myenvironmen\Lib\site-packages\django\core\checks\security\base.py first seen with mtime 1605589998.965011
DEBUG 2020-12-26 04:51:57,132 autoreload 9120 1896 File C:\Users\dan\just_django\myenvironmen\Lib\site-packages\sqlparse\utils.py first seen with mtime 1605589993.1737378
DEBUG 2020-12-26 04:51:57,132 autoreload 9120 1896 File C:\Users\dan\just_django\myenvironmen\Lib\site-packages\crispy_forms\templatetags\__init__.py first seen with mtime 1605614349.1045997
DEBUG 2020-12-26 04:51:57,133 autoreload 9120 1896 File C:\Users\dan\just_django\tryjango\trydjango\settings.py first seen with mtime 1608441157.1884332
DEBUG 2020-12-26 04:51:57,133 autoreload 9120 1896 File C:\Users\dan\AppData\Local\Programs\Python\Python39\Lib\importlib\abc.py first seen with mtime 1601934402.0
DEBUG 2020-12-26 04:51:57,133 autoreload 9120 1896 File C:\Users\dan\AppData\Local\Programs\Python\Python39\Lib\collections\__init__.py first seen with mtime 1601934402.0
DEBUG 2020-12-26 04:51:57,133 autoreload 9120 1896 File C:\Users\dan\just_django\myenvironmen\Lib\site-packages\django\db\migrations\operations\models.py first seen with mtime 1605589999.1963897
DEBUG 2020-12-26 04:51:57,133 autoreload 9120 1896 File C:\Users\dan\just_django\myenvironmen\Lib\site-packages\django\core\serializers\__init__.py first seen with mtime 1605589999.0637448
DEBUG 2020-12-26 04:51:57,133 autoreload 9120 1896 File C:\Users\dan\just_django\myenvironmen\Lib\site-packages\django\db\models\sql\where.py first seen with mtime 1605589999.2691958
DEBUG 2020-12-26 04:51:57,133 autoreload 9120 1896 File C:\Users\dan\just_django\myenvironmen\Lib\site-packages\django\contrib\auth\views.py first seen with mtime 1605589994.9031117
DEBUG 2020-12-26 04:51:57,133 autoreload 9120 1896 File C:\Users\dan\just_django\myenvironmen\Lib\site-packages\django\db\backends\postgresql\operations.py first seen with mtime 1605589999.1515095
DEBUG 2020-12-26 04:51:57,133 autoreload 9120 1896 File C:\Users\dan\AppData\Local\Programs\Python\Python39\Lib\http\server.py first seen with mtime 1601934402.0
DEBUG 2020-12-26 04:51:57,133 autoreload 9120 1896 File C:\Users\dan\just_django\myenvironmen\Lib\site-packages\django\contrib\messages\api.py first seen with mtime 1605589997.2864988
DEBUG 2020-12-26 04:51:57,134 autoreload 9120 1896 File C:\Users\dan\AppData\Local\Programs\Python\Python39\Lib\email\contentmanager.py first seen with mtime 1601934402.0
DEBUG 2020-12-26 04:51:57,134 autoreload 9120 1896 File C:\Users\dan\just_django\myenvironmen\Lib\site-packages\django\core\checks\__init__.py first seen with mtime 1605589998.9470572
DEBUG 2020-12-26 04:51:57,134 autoreload 9120 1896 File C:\Users\dan\AppData\Local\Programs\Python\Python39\Lib\os.py first seen with mtime 1601934402.0
DEBUG 2020-12-26 04:51:57,134 autoreload 9120 1896 File C:\Users\dan\AppData\Local\Programs\Python\Python39\DLLs\_ssl.pyd first seen with mtime 1601934420.0
DEBUG 2020-12-26 04:51:57,134 autoreload 9120 1896 File C:\Users\dan\just_django\myenvironmen\Lib\site-packages\django\utils\encoding.py first seen with mtime 1605589999.5335302
DEBUG 2020-12-26 04:51:57,134 autoreload 9120 1896 File C:\Users\dan\AppData\Local\Programs\Python\Python39\Lib\urllib\__init__.py first seen with mtime 1601934402.0
DEBUG 2020-12-26 04:51:57,135 autoreload 9120 1896 File C:\Users\dan\just_django\myenvironmen\Lib\site-packages\pytz\tzinfo.py first seen with mtime 1605589992.539433
DEBUG 2020-12-26 04:51:57,135 autoreload 9120 1896 File C:\Users\dan\AppData\Local\Programs\Python\Python39\Lib\urllib\request.py first seen with mtime 1601934402.0
DEBUG 2020-12-26 04:51:57,135 autoreload 9120 1896 File C:\Users\dan\just_django\myenvironmen\Lib\site-packages\django\db\backends\base\client.py first seen with mtime 1605589999.0896757
DEBUG 2020-12-26 04:51:57,135 autoreload 9120 1896 File C:\Users\dan\just_django\myenvironmen\Lib\site-packages\django\utils\datastructures.py first seen with mtime 1605589999.5185745
DEBUG 2020-12-26 04:51:57,135 autoreload 9120 1896 File C:\Users\dan\just_django\myenvironmen\Lib\site-packages\django\db\models\query_utils.py first seen with mtime 1605589999.2233183
DEBUG 2020-12-26 04:51:57,135 autoreload 9120 1896 File C:\Users\dan\AppData\Local\Programs\Python\Python39\Lib\encodings\cp1252.py first seen with mtime 1601934402.0
DEBUG 2020-12-26 04:51:57,135 autoreload 9120 1896 File C:\Users\dan\just_django\myenvironmen\Lib\site-packages\django\db\models\fields\related_lookups.py first seen with mtime 1605589999.2402737
DEBUG 2020-12-26 04:51:57,135 autoreload 9120 1896 File C:\Users\dan\just_django\myenvironmen\Lib\site-packages\django\db\models\fields\files.py first seen with mtime 1605589999.2313354
DEBUG 2020-12-26 04:51:57,136 autoreload 9120 1896 File C:\Users\dan\just_django\myenvironmen\Lib\site-packages\django\urls\__init__.py first seen with mtime 1605589999.4926496
DEBUG 2020-12-26 04:51:57,136 autoreload 9120 1896 File C:\Users\dan\just_django\myenvironmen\Lib\site-packages\django\core\files\move.py first seen with mtime 1605589998.975979
DEBUG 2020-12-26 04:51:57,136 autoreload 9120 1896 File C:\Users\dan\just_django\myenvironmen\Lib\site-packages\django\template\defaulttags.py first seen with mtime 1605589999.4357936
DEBUG 2020-12-26 04:51:57,136 autoreload 9120 1896 File C:\Users\dan\just_django\myenvironmen\Lib\site-packages\django\utils\asyncio.py first seen with mtime 1605589999.5066059
DEBUG 2020-12-26 04:51:57,136 autoreload 9120 1896 File C:\Users\dan\just_django\myenvironmen\Lib\site-packages\django\views\defaults.py first seen with mtime 1605589999.5903804
DEBUG 2020-12-26 04:51:57,136 autoreload 9120 1896 File C:\Users\dan\just_django\myenvironmen\Lib\site-packages\django\db\models\expressions.py first seen with mtime 1605589999.213346
DEBUG 2020-12-26 04:51:57,136 autoreload 9120 1896 File C:\Users\dan\just_django\myenvironmen\Lib\site-packages\django\utils\hashable.py first seen with mtime 1605589999.5395145
DEBUG 2020-12-26 04:51:57,136 autoreload 9120 1896 File C:\Users\dan\just_django\myenvironmen\Lib\site-packages\django\views\generic\edit.py first seen with mtime 1605589999.6203
DEBUG 2020-12-26 04:51:57,136 autoreload 9120 1896 File C:\Users\dan\AppData\Local\Programs\Python\Python39\Lib\asyncio\base_futures.py first seen with mtime 1601934402.0
DEBUG 2020-12-26 04:51:57,136 autoreload 9120 1896 File C:\Users\dan\AppData\Local\Programs\Python\Python39\Lib\asyncio\locks.py first seen with mtime 1601934402.0
DEBUG 2020-12-26 04:51:57,137 autoreload 9120 1896 File C:\Users\dan\AppData\Local\Programs\Python\Python39\Lib\email\feedparser.py first seen with mtime 1601934402.0
DEBUG 2020-12-26 04:51:57,137 autoreload 9120 1896 File C:\Users\dan\AppData\Local\Programs\Python\Python39\Lib\email\_policybase.py first seen with mtime 1601934402.0
DEBUG 2020-12-26 04:51:57,137 autoreload 9120 1896 File C:\Users\dan\AppData\Local\Programs\Python\Python39\Lib\subprocess.py first seen with mtime 1601934402.0
DEBUG 2020-12-26 04:51:57,137 autoreload 9120 1896 File C:\Users\dan\just_django\myenvironmen\Lib\site-packages\django\forms\boundfield.py first seen with mtime 1605589999.2781706
DEBUG 2020-12-26 04:51:57,137 autoreload 9120 1896 File C:\Users\dan\just_django\myenvironmen\Lib\site-packages\django\templatetags\static.py first seen with mtime 1605589999.4747038
DEBUG 2020-12-26 04:51:57,137 autoreload 9120 1896 File C:\Users\dan\AppData\Local\Programs\Python\Python39\Lib\importlib\machinery.py first seen with mtime 1601934402.0
DEBUG 2020-12-26 04:51:57,137 autoreload 9120 1896 File C:\Users\dan\AppData\Local\Programs\Python\Python39\Lib\email\encoders.py first seen with mtime 1601934402.0
DEBUG 2020-12-26 04:51:57,137 autoreload 9120 1896 File C:\Users\dan\just_django\myenvironmen\Lib\site-packages\django\templatetags\i18n.py first seen with mtime 1605589999.470701
DEBUG 2020-12-26 04:51:57,137 utils 9120 7988 (0.000) 
            SELECT c.relname,
            CASE WHEN c.relispartition THEN 'p' WHEN c.relkind IN ('m', 'v') THEN 'v' ELSE 't' END
            FROM pg_catalog.pg_class c
            LEFT JOIN pg_catalog.pg_namespace n ON n.oid = c.relnamespace
            WHERE c.relkind IN ('f', 'm', 'p', 'r', 'v')
                AND n.nspname NOT IN ('pg_catalog', 'pg_toast')
                AND pg_catalog.pg_table_is_visible(c.oid)
        ; args=None
DEBUG 2020-12-26 04:51:57,138 autoreload 9120 1896 File C:\Users\dan\just_django\myenvironmen\Lib\site-packages\django\db\models\constants.py first seen with mtime 1605589999.2053726
DEBUG 2020-12-26 04:51:57,138 autoreload 9120 1896 File C:\Users\dan\AppData\Local\Programs\Python\Python39\Lib\lzma.py first seen with mtime 1601934402.0
DEBUG 2020-12-26 04:51:57,139 autoreload 9120 1896 File C:\Users\dan\just_django\myenvironmen\Lib\site-packages\django\db\migrations\operations\fields.py first seen with mtime 1605589999.1943996
DEBUG 2020-12-26 04:51:57,139 autoreload 9120 1896 File C:\Users\dan\just_django\myenvironmen\Lib\site-packages\django\contrib\sessions\__init__.py first seen with mtime 1605589998.048461
DEBUG 2020-12-26 04:51:57,139 autoreload 9120 1896 File C:\Users\dan\just_django\myenvironmen\Lib\site-packages\django\template\library.py first seen with mtime 1605589999.4397817
DEBUG 2020-12-26 04:51:57,139 autoreload 9120 1896 File C:\Users\dan\just_django\myenvironmen\Lib\site-packages\sqlparse\exceptions.py first seen with mtime 1605589993.1687496
DEBUG 2020-12-26 04:51:57,139 autoreload 9120 1896 File C:\Users\dan\AppData\Local\Programs\Python\Python39\DLLs\_lzma.pyd first seen with mtime 1601934420.0
DEBUG 2020-12-26 04:51:57,139 autoreload 9120 1896 File C:\Users\dan\just_django\myenvironmen\Lib\site-packages\django\template\backends\__init__.py first seen with mtime 1605589999.4497578
DEBUG 2020-12-26 04:51:57,140 autoreload 9120 1896 File C:\Users\dan\just_django\myenvironmen\Lib\site-packages\django\core\checks\registry.py first seen with mtime 1605589998.9550343
DEBUG 2020-12-26 04:51:57,140 autoreload 9120 1896 File C:\Users\dan\just_django\myenvironmen\Lib\site-packages\django\db\models\sql\__init__.py first seen with mtime 1605589999.2542348
DEBUG 2020-12-26 04:51:57,140 autoreload 9120 1896 File C:\Users\dan\just_django\myenvironmen\Lib\site-packages\django\db\models\enums.py first seen with mtime 1605589999.2113688
DEBUG 2020-12-26 04:51:57,140 autoreload 9120 1896 File C:\Users\dan\AppData\Local\Programs\Python\Python39\Lib\ssl.py first seen with mtime 1601934402.0
DEBUG 2020-12-26 04:51:57,141 autoreload 9120 1896 File C:\Users\dan\AppData\Local\Programs\Python\Python39\Lib\shutil.py first seen with mtime 1601934402.0
DEBUG 2020-12-26 04:51:57,141 autoreload 9120 1896 File C:\Users\dan\just_django\myenvironmen\Lib\site-packages\sqlparse\filters\reindent.py first seen with mtime 1605589993.183713
DEBUG 2020-12-26 04:51:57,141 utils 9120 7988 (0.000) SELECT "django_migrations"."id", "django_migrations"."app", "django_migrations"."name", "django_migrations"."applied" FROM "django_migrations"; args=()
DEBUG 2020-12-26 04:51:57,142 autoreload 9120 1896 File C:\Users\dan\AppData\Local\Programs\Python\Python39\Lib\email\utils.py first seen with mtime 1601934402.0
DEBUG 2020-12-26 04:51:57,142 autoreload 9120 1896 File C:\Users\dan\just_django\myenvironmen\Lib\site-packages\django\utils\module_loading.py first seen with mtime 1605589999.554476
DEBUG 2020-12-26 04:51:57,142 autoreload 9120 1896 File C:\Users\dan\AppData\Local\Programs\Python\Python39\Lib\html\parser.py first seen with mtime 1601934402.0
DEBUG 2020-12-26 04:51:57,143 autoreload 9120 1896 File C:\Users\dan\just_django\tryjango\trydjango\__init__.py first seen with mtime 1605611997.0675573
DEBUG 2020-12-26 04:51:57,143 autoreload 9120 1896 File C:\Users\dan\AppData\Local\Programs\Python\Python39\Lib\importlib\__init__.py first seen with mtime 1601934402.0
DEBUG 2020-12-26 04:51:57,143 autoreload 9120 1896 File C:\Users\dan\just_django\myenvironmen\Lib\site-packages\django\utils\duration.py first seen with mtime 1605589999.532536
DEBUG 2020-12-26 04:51:57,143 autoreload 9120 1896 File C:\Users\dan\just_django\myenvironmen\Lib\site-packages\django\db\models\fields\mixins.py first seen with mtime 1605589999.234291
DEBUG 2020-12-26 04:51:57,143 autoreload 9120 1896 File C:\Users\dan\just_django\myenvironmen\Lib\site-packages\django\utils\translation\reloader.py first seen with mtime 1605589999.5764153
DEBUG 2020-12-26 04:51:57,143 autoreload 9120 1896 File C:\Users\dan\AppData\Local\Programs\Python\Python39\Lib\asyncio\base_tasks.py first seen with mtime 1601934402.0
DEBUG 2020-12-26 04:51:57,143 autoreload 9120 1896 File C:\Users\dan\AppData\Local\Programs\Python\Python39\Lib\wsgiref\headers.py first seen with mtime 1601934402.0
DEBUG 2020-12-26 04:51:57,144 autoreload 9120 1896 File C:\Users\dan\just_django\myenvironmen\Lib\site-packages\django\contrib\admin\templatetags\base.py first seen with mtime 1605589994.5181413
DEBUG 2020-12-26 04:51:57,144 autoreload 9120 1896 File C:\Users\dan\AppData\Local\Programs\Python\Python39\Lib\html\entities.py first seen with mtime 1601934402.0
DEBUG 2020-12-26 04:51:57,145 autoreload 9120 1896 File C:\Users\dan\AppData\Local\Programs\Python\Python39\Lib\locale.py first seen with mtime 1601934402.0
DEBUG 2020-12-26 04:51:57,145 autoreload 9120 1896 File C:\Users\dan\AppData\Local\Programs\Python\Python39\Lib\functools.py first seen with mtime 1601934402.0
DEBUG 2020-12-26 04:51:57,145 autoreload 9120 1896 File C:\Users\dan\just_django\myenvironmen\Lib\site-packages\django\contrib\auth\decorators.py first seen with mtime 1605589994.8861592
DEBUG 2020-12-26 04:51:57,146 autoreload 9120 1896 File C:\Users\dan\just_django\myenvironmen\Lib\site-packages\django\contrib\admin\apps.py first seen with mtime 1605589993.8180149
DEBUG 2020-12-26 04:51:57,146 autoreload 9120 1896 File C:\Users\dan\just_django\myenvironmen\Lib\site-packages\psycopg2\__init__.py first seen with mtime 1605615674.181515
DEBUG 2020-12-26 04:51:57,146 autoreload 9120 1896 File C:\Users\dan\AppData\Local\Programs\Python\Python39\DLLs\_queue.pyd first seen with mtime 1601934420.0
DEBUG 2020-12-26 04:51:57,147 autoreload 9120 1896 File C:\Users\dan\just_django\myenvironmen\Lib\site-packages\django\dispatch\dispatcher.py first seen with mtime 1605589999.2721887
DEBUG 2020-12-26 04:51:57,147 autoreload 9120 1896 File C:\Users\dan\just_django\myenvironmen\Lib\site-packages\django\views\decorators\csrf.py first seen with mtime 1605589999.6033435
DEBUG 2020-12-26 04:51:57,148 autoreload 9120 1896 File C:\Users\dan\just_django\myenvironmen\Lib\site-packages\django\core\serializers\base.py first seen with mtime 1605589999.06574
DEBUG 2020-12-26 04:51:57,148 autoreload 9120 1896 File C:\Users\dan\AppData\Local\Programs\Python\Python39\Lib\wsgiref\util.py first seen with mtime 1601934402.0
DEBUG 2020-12-26 04:51:57,148 autoreload 9120 1896 File C:\Users\dan\just_django\myenvironmen\Lib\site-packages\django\contrib\auth\password_validation.py first seen with mtime 1605589994.8961308
DEBUG 2020-12-26 04:51:57,148 autoreload 9120 1896 File C:\Users\dan\just_django\myenvironmen\Lib\site-packages\django\contrib\admin\sites.py first seen with mtime 1605589993.826997
DEBUG 2020-12-26 04:51:57,148 autoreload 9120 1896 File C:\Users\dan\just_django\myenvironmen\Lib\site-packages\django\utils\dates.py first seen with mtime 1605589999.5245543
DEBUG 2020-12-26 04:51:57,148 autoreload 9120 1896 File C:\Users\dan\just_django\myenvironmen\Lib\site-packages\django\db\models\deletion.py first seen with mtime 1605589999.2093573
DEBUG 2020-12-26 04:51:57,150 autoreload 9120 1896 File C:\Users\dan\just_django\myenvironmen\Lib\site-packages\django\template\utils.py first seen with mtime 1605589999.448801
DEBUG 2020-12-26 04:51:57,151 autoreload 9120 1896 File C:\Users\dan\AppData\Local\Programs\Python\Python39\Lib\tokenize.py first seen with mtime 1601934402.0
DEBUG 2020-12-26 04:51:57,151 autoreload 9120 1896 File C:\Users\dan\just_django\myenvironmen\Lib\site-packages\django\contrib\admin\models.py first seen with mtime 1605589993.8239992
DEBUG 2020-12-26 04:51:57,151 autoreload 9120 1896 File C:\Users\dan\just_django\myenvironmen\Lib\site-packages\django\utils\timezone.py first seen with mtime 1605589999.5664454
DEBUG 2020-12-26 04:51:57,151 autoreload 9120 1896 File C:\Users\dan\just_django\myenvironmen\Lib\site-packages\django\core\checks\database.py first seen with mtime 1605589998.9510477
DEBUG 2020-12-26 04:51:57,152 autoreload 9120 1896 File C:\Users\dan\just_django\myenvironmen\Lib\site-packages\django\utils\log.py first seen with mtime 1605589999.551487
DEBUG 2020-12-26 04:51:57,153 autoreload 9120 1896 File C:\Users\dan\just_django\myenvironmen\Lib\site-packages\django\contrib\admin\templatetags\admin_list.py first seen with mtime 1605589994.5151496
DEBUG 2020-12-26 04:51:57,153 autoreload 9120 1896 File C:\Users\dan\AppData\Local\Programs\Python\Python39\Lib\opcode.py first seen with mtime 1601934402.0
DEBUG 2020-12-26 04:51:57,153 autoreload 9120 1896 File C:\Users\dan\just_django\myenvironmen\Lib\site-packages\django\utils\_os.py first seen with mtime 1605589999.503612
DEBUG 2020-12-26 04:51:57,153 autoreload 9120 1896 File C:\Users\dan\AppData\Local\Programs\Python\Python39\Lib\copyreg.py first seen with mtime 1601934402.0
DEBUG 2020-12-26 04:51:57,153 autoreload 9120 1896 File C:\Users\dan\just_django\myenvironmen\Lib\site-packages\django\middleware\cache.py first seen with mtime 1605589999.415847
DEBUG 2020-12-26 04:51:57,153 autoreload 9120 1896 File C:\Users\dan\just_django\myenvironmen\Lib\site-packages\django\core\handlers\wsgi.py first seen with mtime 1605589998.991937
DEBUG 2020-12-26 04:51:57,153 autoreload 9120 1896 File C:\Users\dan\just_django\myenvironmen\Lib\site-packages\django\db\models\fields\related.py first seen with mtime 1605589999.2362833
DEBUG 2020-12-26 04:51:57,153 autoreload 9120 1896 File C:\Users\dan\just_django\myenvironmen\Lib\site-packages\django\forms\utils.py first seen with mtime 1605589999.2871468
DEBUG 2020-12-26 04:51:57,154 autoreload 9120 1896 File C:\Users\dan\AppData\Local\Programs\Python\Python39\Lib\asyncio\staggered.py first seen with mtime 1601934402.0
DEBUG 2020-12-26 04:51:57,154 autoreload 9120 1896 File C:\Users\dan\AppData\Local\Programs\Python\Python39\Lib\json\__init__.py first seen with mtime 1601934402.0
DEBUG 2020-12-26 04:51:57,154 autoreload 9120 1896 File C:\Users\dan\AppData\Local\Programs\Python\Python39\Lib\email\parser.py first seen with mtime 1601934402.0
DEBUG 2020-12-26 04:51:57,154 autoreload 9120 1896 File C:\Users\dan\AppData\Local\Programs\Python\Python39\Lib\asyncio\windows_utils.py first seen with mtime 1601934402.0
DEBUG 2020-12-26 04:51:57,154 autoreload 9120 1896 File C:\Users\dan\just_django\myenvironmen\Lib\site-packages\psycopg2\_psycopg.cp39-win_amd64.pyd first seen with mtime 1605615674.205451
DEBUG 2020-12-26 04:51:57,155 autoreload 9120 1896 File C:\Users\dan\just_django\myenvironmen\Lib\site-packages\django\contrib\staticfiles\views.py first seen with mtime 1605589998.9011807
DEBUG 2020-12-26 04:51:57,155 autoreload 9120 1896 File C:\Users\dan\AppData\Local\Programs\Python\Python39\Lib\asyncio\__init__.py first seen with mtime 1601934402.0
DEBUG 2020-12-26 04:51:57,155 autoreload 9120 1896 File C:\Users\dan\just_django\myenvironmen\Lib\site-packages\django\urls\base.py first seen with mtime 1605589999.494664
DEBUG 2020-12-26 04:51:57,155 autoreload 9120 1896 File C:\Users\dan\just_django\myenvironmen\Lib\site-packages\django\contrib\messages\constants.py first seen with mtime 1605589997.2894902
DEBUG 2020-12-26 04:51:57,155 autoreload 9120 1896 File C:\Users\dan\AppData\Local\Programs\Python\Python39\Lib\email\mime\nonmultipart.py first seen with mtime 1601934402.0
DEBUG 2020-12-26 04:51:57,155 autoreload 9120 1896 File C:\Users\dan\AppData\Local\Programs\Python\Python39\Lib\wsgiref\handlers.py first seen with mtime 1601934402.0
DEBUG 2020-12-26 04:51:57,156 autoreload 9120 1896 File C:\Users\dan\AppData\Local\Programs\Python\Python39\Lib\copy.py first seen with mtime 1601934402.0
DEBUG 2020-12-26 04:51:57,156 autoreload 9120 1896 File C:\Users\dan\just_django\myenvironmen\Lib\site-packages\django\contrib\admin\__init__.py first seen with mtime 1605589993.8160188
DEBUG 2020-12-26 04:51:57,156 autoreload 9120 1896 File C:\Users\dan\just_django\myenvironmen\Lib\site-packages\django\core\files\uploadhandler.py first seen with mtime 1605589998.982962
DEBUG 2020-12-26 04:51:57,156 autoreload 9120 1896 File C:\Users\dan\AppData\Local\Programs\Python\Python39\Lib\random.py first seen with mtime 1601934402.0
DEBUG 2020-12-26 04:51:57,157 autoreload 9120 1896 File C:\Users\dan\just_django\myenvironmen\Lib\site-packages\django\db\models\fields\reverse_related.py first seen with mtime 1605589999.2422748
DEBUG 2020-12-26 04:51:57,157 autoreload 9120 1896 File C:\Users\dan\AppData\Local\Programs\Python\Python39\Lib\encodings\__init__.py first seen with mtime 1601934402.0
DEBUG 2020-12-26 04:51:57,157 autoreload 9120 1896 File C:\Users\dan\just_django\myenvironmen\Lib\site-packages\django\templatetags\cache.py first seen with mtime 1605589999.4697037
DEBUG 2020-12-26 04:51:57,157 autoreload 9120 1896 File C:\Users\dan\just_django\myenvironmen\Lib\site-packages\django\db\models\sql\query.py first seen with mtime 1605589999.265206
DEBUG 2020-12-26 04:51:57,157 autoreload 9120 1896 File C:\Users\dan\just_django\myenvironmen\Lib\site-packages\django\db\models\functions\mixins.py first seen with mtime 1605589999.2502458
DEBUG 2020-12-26 04:51:57,157 autoreload 9120 1896 File C:\Users\dan\AppData\Local\Programs\Python\Python39\DLLs\_hashlib.pyd first seen with mtime 1601934420.0
DEBUG 2020-12-26 04:51:57,158 autoreload 9120 1896 File C:\Users\dan\just_django\myenvironmen\Lib\site-packages\django\contrib\auth\apps.py first seen with mtime 1605589994.878178
DEBUG 2020-12-26 04:51:57,158 autoreload 9120 1896 File C:\Users\dan\AppData\Local\Programs\Python\Python39\DLLs\_bz2.pyd first seen with mtime 1601934420.0
DEBUG 2020-12-26 04:51:57,158 autoreload 9120 1896 File C:\Users\dan\AppData\Local\Programs\Python\Python39\Lib\concurrent\futures\thread.py first seen with mtime 1601934402.0
DEBUG 2020-12-26 04:51:57,158 autoreload 9120 1896 File C:\Users\dan\just_django\myenvironmen\Lib\site-packages\django\utils\http.py first seen with mtime 1605589999.5425086
DEBUG 2020-12-26 04:51:57,158 autoreload 9120 1896 File C:\Users\dan\AppData\Local\Programs\Python\Python39\Lib\_collections_abc.py first seen with mtime 1601934402.0
DEBUG 2020-12-26 04:51:57,158 autoreload 9120 1896 File C:\Users\dan\AppData\Local\Programs\Python\Python39\Lib\email\errors.py first seen with mtime 1601934402.0
DEBUG 2020-12-26 04:51:57,159 autoreload 9120 1896 File C:\Users\dan\just_django\myenvironmen\Lib\site-packages\django\views\generic\__init__.py first seen with mtime 1605589999.6133182
DEBUG 2020-12-26 04:51:57,159 autoreload 9120 1896 File C:\Users\dan\just_django\myenvironmen\Lib\site-packages\django\contrib\contenttypes\checks.py first seen with mtime 1605589995.357896
DEBUG 2020-12-26 04:51:57,159 autoreload 9120 1896 File C:\Users\dan\just_django\myenvironmen\Lib\site-packages\django\urls\conf.py first seen with mtime 1605589999.4956307
DEBUG 2020-12-26 04:51:57,159 autoreload 9120 1896 File C:\Users\dan\AppData\Local\Programs\Python\Python39\Lib\reprlib.py first seen with mtime 1601934402.0
DEBUG 2020-12-26 04:51:57,160 autoreload 9120 1896 File C:\Users\dan\just_django\myenvironmen\Lib\site-packages\django\contrib\admin\options.py first seen with mtime 1605589993.8249948
DEBUG 2020-12-26 04:51:57,160 autoreload 9120 1896 File C:\Users\dan\just_django\myenvironmen\Lib\site-packages\django\db\__init__.py first seen with mtime 1605589999.0767102
DEBUG 2020-12-26 04:51:57,160 autoreload 9120 1896 File C:\Users\dan\just_django\myenvironmen\Lib\site-packages\sqlparse\cli.py first seen with mtime 1605589993.1677558
DEBUG 2020-12-26 04:51:57,161 autoreload 9120 1896 File C:\Users\dan\AppData\Local\Programs\Python\Python39\Lib\abc.py first seen with mtime 1601934402.0
DEBUG 2020-12-26 04:51:57,161 autoreload 9120 1896 File C:\Users\dan\just_django\myenvironmen\Lib\site-packages\psycopg2\extensions.py first seen with mtime 1605615674.2094414
DEBUG 2020-12-26 04:51:57,161 autoreload 9120 1896 File C:\Users\dan\just_django\myenvironmen\Lib\site-packages\django\contrib\auth\models.py first seen with mtime 1605589994.8951395
DEBUG 2020-12-26 04:51:57,161 autoreload 9120 1896 File C:\Users\dan\just_django\myenvironmen\Lib\site-packages\django\db\models\lookups.py first seen with mtime 1605589999.2163403
DEBUG 2020-12-26 04:51:57,162 autoreload 9120 1896 File C:\Users\dan\AppData\Local\Programs\Python\Python39\Lib\concurrent\futures\_base.py first seen with mtime 1601934402.0
DEBUG 2020-12-26 04:51:57,162 autoreload 9120 1896 File C:\Users\dan\AppData\Local\Programs\Python\Python39\Lib\nturl2path.py first seen with mtime 1601934402.0
DEBUG 2020-12-26 04:51:57,162 autoreload 9120 1896 File C:\Users\dan\just_django\myenvironmen\Lib\site-packages\django\utils\crypto.py first seen with mtime 1605589999.515583
DEBUG 2020-12-26 04:51:57,162 autoreload 9120 1896 File C:\Users\dan\just_django\myenvironmen\Lib\site-packages\django\core\__init__.py first seen with mtime 1605589998.9161413
DEBUG 2020-12-26 04:51:57,162 autoreload 9120 1896 File C:\Users\dan\just_django\myenvironmen\Lib\site-packages\django\views\decorators\debug.py first seen with mtime 1605589999.6043434
DEBUG 2020-12-26 04:51:57,162 autoreload 9120 1896 File C:\Users\dan\AppData\Local\Programs\Python\Python39\Lib\email\quoprimime.py first seen with mtime 1601934402.0
DEBUG 2020-12-26 04:51:57,163 autoreload 9120 1896 File C:\Users\dan\just_django\myenvironmen\Lib\site-packages\django\template\exceptions.py first seen with mtime 1605589999.4377897
DEBUG 2020-12-26 04:51:57,163 autoreload 9120 1896 File C:\Users\dan\AppData\Local\Programs\Python\Python39\Lib\asyncio\events.py first seen with mtime 1601934402.0
DEBUG 2020-12-26 04:51:57,163 autoreload 9120 1896 File C:\Users\dan\just_django\myenvironmen\Lib\site-packages\django\utils\cache.py first seen with mtime 1605589999.5135875
DEBUG 2020-12-26 04:51:57,163 autoreload 9120 1896 File C:\Users\dan\AppData\Local\Programs\Python\Python39\Lib\asyncio\windows_events.py first seen with mtime 1601934402.0
DEBUG 2020-12-26 04:51:57,163 autoreload 9120 1896 File C:\Users\dan\just_django\myenvironmen\Lib\site-packages\asgiref\current_thread_executor.py first seen with mtime 1605589993.275478
DEBUG 2020-12-26 04:51:57,164 autoreload 9120 1896 File C:\Users\dan\just_django\myenvironmen\Lib\site-packages\django\db\models\functions\text.py first seen with mtime 1605589999.2522402
DEBUG 2020-12-26 04:51:57,164 autoreload 9120 1896 File C:\Users\dan\just_django\myenvironmen\Lib\site-packages\django\db\backends\postgresql\schema.py first seen with mtime 1605589999.1525073
DEBUG 2020-12-26 04:51:57,164 autoreload 9120 1896 File C:\Users\dan\AppData\Local\Programs\Python\Python39\Lib\asyncio\exceptions.py first seen with mtime 1601934402.0
DEBUG 2020-12-26 04:51:57,164 autoreload 9120 1896 File C:\Users\dan\just_django\myenvironmen\Lib\site-packages\asgiref\__init__.py first seen with mtime 1605589993.2734704
DEBUG 2020-12-26 04:51:57,164 autoreload 9120 1896 File C:\Users\dan\just_django\myenvironmen\Lib\site-packages\django\contrib\admin\exceptions.py first seen with mtime 1605589993.8200078
DEBUG 2020-12-26 04:51:57,164 autoreload 9120 1896 File C:\Users\dan\AppData\Local\Programs\Python\Python39\DLLs\_decimal.pyd first seen with mtime 1601934420.0
DEBUG 2020-12-26 04:51:57,164 autoreload 9120 1896 File C:\Users\dan\just_django\myenvironmen\Lib\site-packages\django\db\backends\__init__.py first seen with mtime 1605589999.0816975
DEBUG 2020-12-26 04:51:57,164 autoreload 9120 1896 File C:\Users\dan\just_django\myenvironmen\Lib\site-packages\psycopg2\compat.py first seen with mtime 1605615674.2074459
DEBUG 2020-12-26 04:51:57,165 autoreload 9120 1896 File C:\Users\dan\just_django\myenvironmen\Lib\site-packages\django\core\checks\security\sessions.py first seen with mtime 1605589998.9680057
DEBUG 2020-12-26 04:51:57,165 autoreload 9120 1896 File C:\Users\dan\just_django\myenvironmen\Lib\site-packages\django\contrib\auth\__init__.py first seen with mtime 1605589994.8741915
DEBUG 2020-12-26 04:51:57,165 autoreload 9120 1896 File C:\Users\dan\AppData\Local\Programs\Python\Python39\Lib\ntpath.py first seen with mtime 1601934402.0
DEBUG 2020-12-26 04:51:57,165 autoreload 9120 1896 File C:\Users\dan\just_django\myenvironmen\Lib\site-packages\django\core\handlers\base.py first seen with mtime 1605589998.987947
DEBUG 2020-12-26 04:51:57,165 autoreload 9120 1896 File C:\Users\dan\just_django\myenvironmen\Lib\site-packages\django\core\handlers\exception.py first seen with mtime 1605589998.989944
DEBUG 2020-12-26 04:51:57,165 autoreload 9120 1896 File C:\Users\dan\just_django\myenvironmen\Lib\site-packages\django\forms\formsets.py first seen with mtime 1605589999.2831576
DEBUG 2020-12-26 04:51:57,165 autoreload 9120 1896 File C:\Users\dan\just_django\myenvironmen\Lib\site-packages\django\core\cache\utils.py first seen with mtime 1605589998.933095
DEBUG 2020-12-26 04:51:57,165 autoreload 9120 1896 File C:\Users\dan\just_django\myenvironmen\Lib\site-packages\django\contrib\messages\storage\__init__.py first seen with mtime 1605589997.298467
DEBUG 2020-12-26 04:51:57,165 autoreload 9120 1896 File C:\Users\dan\just_django\myenvironmen\Lib\site-packages\django\db\models\__init__.py first seen with mtime 1605589999.2013767
DEBUG 2020-12-26 04:51:57,165 autoreload 9120 1896 File C:\Users\dan\AppData\Local\Programs\Python\Python39\Lib\fnmatch.py first seen with mtime 1601934402.0
DEBUG 2020-12-26 04:51:57,166 autoreload 9120 1896 File C:\Users\dan\AppData\Local\Programs\Python\Python39\Lib\inspect.py first seen with mtime 1601934402.0
DEBUG 2020-12-26 04:51:57,166 autoreload 9120 1896 File C:\Users\dan\just_django\myenvironmen\Lib\site-packages\django\contrib\staticfiles\finders.py first seen with mtime 1605589998.889212
DEBUG 2020-12-26 04:51:57,166 autoreload 9120 1896 File C:\Users\dan\just_django\myenvironmen\Lib\site-packages\django\core\mail\__init__.py first seen with mtime 1605589998.9939313
DEBUG 2020-12-26 04:51:57,166 autoreload 9120 1896 File C:\Users\dan\AppData\Local\Programs\Python\Python39\Lib\asyncio\base_subprocess.py first seen with mtime 1601934402.0
DEBUG 2020-12-26 04:51:57,166 autoreload 9120 1896 File C:\Users\dan\just_django\myenvironmen\Lib\site-packages\django\core\checks\messages.py first seen with mtime 1605589998.9520438
DEBUG 2020-12-26 04:51:57,166 autoreload 9120 1896 File C:\Users\dan\AppData\Local\Programs\Python\Python39\Lib\asyncio\protocols.py first seen with mtime 1601934402.0
DEBUG 2020-12-26 04:51:57,166 autoreload 9120 1896 File C:\Users\dan\just_django\myenvironmen\Lib\site-packages\django\conf\locale\__init__.py first seen with mtime 1605589993.3682168
DEBUG 2020-12-26 04:51:57,167 autoreload 9120 1896 File C:\Users\dan\AppData\Local\Programs\Python\Python39\Lib\asyncio\tasks.py first seen with mtime 1601934402.0
DEBUG 2020-12-26 04:51:57,167 autoreload 9120 1896 File C:\Users\dan\just_django\myenvironmen\Lib\site-packages\django\contrib\auth\forms.py first seen with mtime 1605589994.8881514
DEBUG 2020-12-26 04:51:57,167 autoreload 9120 1896 File C:\Users\dan\just_django\myenvironmen\Lib\site-packages\django\contrib\admin\checks.py first seen with mtime 1605589993.8190112
DEBUG 2020-12-26 04:51:57,167 autoreload 9120 1896 File C:\Users\dan\just_django\myenvironmen\Lib\site-packages\sqlparse\filters\tokens.py first seen with mtime 1605589993.1857047
DEBUG 2020-12-26 04:51:57,167 autoreload 9120 1896 File C:\Users\dan\AppData\Local\Programs\Python\Python39\Lib\encodings\aliases.py first seen with mtime 1601934402.0
DEBUG 2020-12-26 04:51:57,167 autoreload 9120 1896 File C:\Users\dan\AppData\Local\Programs\Python\Python39\Lib\linecache.py first seen with mtime 1601934402.0
DEBUG 2020-12-26 04:51:57,167 autoreload 9120 1896 File C:\Users\dan\just_django\myenvironmen\Lib\site-packages\django\core\checks\translation.py first seen with mtime 1605589998.9590306
DEBUG 2020-12-26 04:51:57,168 autoreload 9120 1896 File C:\Users\dan\AppData\Local\Programs\Python\Python39\Lib\http\client.py first seen with mtime 1601934402.0
DEBUG 2020-12-26 04:51:57,168 autoreload 9120 1896 File C:\Users\dan\AppData\Local\Programs\Python\Python39\Lib\email\mime\base.py first seen with mtime 1601934402.0
DEBUG 2020-12-26 04:51:57,168 autoreload 9120 1896 File C:\Users\dan\just_django\myenvironmen\Lib\site-packages\django\db\models\fields\related_descriptors.py first seen with mtime 1605589999.238278
DEBUG 2020-12-26 04:51:57,168 autoreload 9120 1896 File C:\Users\dan\just_django\myenvironmen\Lib\site-packages\django\template\response.py first seen with mtime 1605589999.4457645
DEBUG 2020-12-26 04:51:57,168 autoreload 9120 1896 File C:\Users\dan\just_django\myenvironmen\Lib\site-packages\django\db\models\functions\window.py first seen with mtime 1605589999.2532382
DEBUG 2020-12-26 04:51:57,168 autoreload 9120 1896 File C:\Users\dan\just_django\myenvironmen\Lib\site-packages\django\core\exceptions.py first seen with mtime 1605589998.9191322
DEBUG 2020-12-26 04:51:57,168 autoreload 9120 1896 File C:\Users\dan\AppData\Local\Programs\Python\Python39\Lib\io.py first seen with mtime 1601934402.0
DEBUG 2020-12-26 04:51:57,168 autoreload 9120 1896 File C:\Users\dan\just_django\myenvironmen\Lib\site-packages\django\db\models\options.py first seen with mtime 1605589999.2193286
DEBUG 2020-12-26 04:51:57,168 autoreload 9120 1896 File C:\Users\dan\just_django\myenvironmen\Lib\site-packages\sqlparse\engine\grouping.py first seen with mtime 1605589993.1777277
DEBUG 2020-12-26 04:51:57,169 autoreload 9120 1896 File C:\Users\dan\AppData\Local\Programs\Python\Python39\Lib\queue.py first seen with mtime 1601934402.0
DEBUG 2020-12-26 04:51:57,169 autoreload 9120 1896 File C:\Users\dan\just_django\myenvironmen\Lib\site-packages\django\shortcuts.py first seen with mtime 1605589993.3532562
DEBUG 2020-12-26 04:51:57,169 autoreload 9120 1896 File C:\Users\dan\just_django\myenvironmen\Lib\site-packages\django\db\migrations\operations\utils.py first seen with mtime 1605589999.1993823
DEBUG 2020-12-26 04:51:57,169 autoreload 9120 1896 File C:\Users\dan\AppData\Local\Programs\Python\Python39\Lib\importlib\util.py first seen with mtime 1601934402.0
DEBUG 2020-12-26 04:51:57,169 autoreload 9120 1896 File C:\Users\dan\AppData\Local\Programs\Python\Python39\Lib\logging\__init__.py first seen with mtime 1601934402.0
DEBUG 2020-12-26 04:51:57,169 autoreload 9120 1896 File C:\Users\dan\AppData\Local\Programs\Python\Python39\Lib\email\_encoded_words.py first seen with mtime 1601934402.0
DEBUG 2020-12-26 04:51:57,169 autoreload 9120 1896 File C:\Users\dan\just_django\myenvironmen\Lib\site-packages\django\contrib\messages\apps.py first seen with mtime 1605589997.2874956
DEBUG 2020-12-26 04:51:57,169 autoreload 9120 1896 File C:\Users\dan\just_django\myenvironmen\Lib\site-packages\django\db\migrations\migration.py first seen with mtime 1605589999.1784406
DEBUG 2020-12-26 04:51:57,169 autoreload 9120 1896 File C:\Users\dan\just_django\myenvironmen\Lib\site-packages\django\contrib\admin\views\main.py first seen with mtime 1605589994.5231287
DEBUG 2020-12-26 04:51:57,170 autoreload 9120 1896 File C:\Users\dan\just_django\myenvironmen\Lib\site-packages\django\contrib\sites\__init__.py first seen with mtime 1605589998.479308
DEBUG 2020-12-26 04:51:57,170 autoreload 9120 1896 File C:\Users\dan\AppData\Local\Programs\Python\Python39\Lib\selectors.py first seen with mtime 1601934402.0
DEBUG 2020-12-26 04:51:57,170 autoreload 9120 1896 File C:\Users\dan\AppData\Local\Programs\Python\Python39\Lib\base64.py first seen with mtime 1601934402.0
DEBUG 2020-12-26 04:51:57,170 autoreload 9120 1896 File C:\Users\dan\just_django\myenvironmen\Lib\site-packages\django\views\decorators\__init__.py first seen with mtime 1605589999.5973613
DEBUG 2020-12-26 04:51:57,170 autoreload 9120 1896 File C:\Users\dan\AppData\Local\Programs\Python\Python39\Lib\struct.py first seen with mtime 1601934402.0
DEBUG 2020-12-26 04:51:57,170 autoreload 9120 1896 File C:\Users\dan\just_django\myenvironmen\Lib\site-packages\django\views\static.py first seen with mtime 1605589999.5953662
DEBUG 2020-12-26 04:51:57,170 autoreload 9120 1896 File C:\Users\dan\just_django\myenvironmen\Lib\site-packages\django\contrib\sessions\apps.py first seen with mtime 1605589998.0494566
DEBUG 2020-12-26 04:51:57,170 autoreload 9120 1896 File C:\Users\dan\AppData\Local\Programs\Python\Python39\Lib\string.py first seen with mtime 1601934402.0
DEBUG 2020-12-26 04:51:57,170 autoreload 9120 1896 File C:\Users\dan\AppData\Local\Programs\Python\Python39\DLLs\_overlapped.pyd first seen with mtime 1601934420.0
DEBUG 2020-12-26 04:51:57,170 autoreload 9120 1896 File C:\Users\dan\just_django\myenvironmen\Lib\site-packages\django\contrib\auth\admin.py first seen with mtime 1605589994.8771837
DEBUG 2020-12-26 04:51:57,171 autoreload 9120 1896 File C:\Users\dan\just_django\myenvironmen\Lib\site-packages\django\core\checks\urls.py first seen with mtime 1605589998.961019
DEBUG 2020-12-26 04:51:57,171 autoreload 9120 1896 File C:\Users\dan\just_django\myenvironmen\Lib\site-packages\django\middleware\csrf.py first seen with mtime 1605589999.419836
DEBUG 2020-12-26 04:51:57,171 autoreload 9120 1896 File C:\Users\dan\AppData\Local\Programs\Python\Python39\Lib\json\encoder.py first seen with mtime 1601934402.0
DEBUG 2020-12-26 04:51:57,171 autoreload 9120 1896 File C:\Users\dan\just_django\myenvironmen\Lib\site-packages\django\views\generic\base.py first seen with mtime 1605589999.615312
DEBUG 2020-12-26 04:51:57,171 autoreload 9120 1896 File C:\Users\dan\just_django\myenvironmen\Lib\site-packages\django\http\multipartparser.py first seen with mtime 1605589999.4078677
DEBUG 2020-12-26 04:51:57,171 autoreload 9120 1896 File C:\Users\dan\just_django\myenvironmen\Lib\site-packages\django\contrib\admin\templatetags\admin_modify.py first seen with mtime 1605589994.5161471
DEBUG 2020-12-26 04:51:57,171 autoreload 9120 1896 File C:\Users\dan\just_django\myenvironmen\Lib\site-packages\django\utils\html.py first seen with mtime 1605589999.540523
DEBUG 2020-12-26 04:51:57,171 autoreload 9120 1896 File C:\Users\dan\AppData\Local\Programs\Python\Python39\Lib\ctypes\__init__.py first seen with mtime 1601934402.0
DEBUG 2020-12-26 04:51:57,171 autoreload 9120 1896 File C:\Users\dan\just_django\myenvironmen\Lib\site-packages\django\contrib\sessions\models.py first seen with mtime 1605589998.054443
DEBUG 2020-12-26 04:51:57,172 autoreload 9120 1896 File C:\Users\dan\AppData\Local\Programs\Python\Python39\Lib\asyncio\streams.py first seen with mtime 1601934402.0
DEBUG 2020-12-26 04:51:57,172 autoreload 9120 1896 File C:\Users\dan\just_django\myenvironmen\Lib\site-packages\django\contrib\admin\widgets.py first seen with mtime 1605589993.8309803
DEBUG 2020-12-26 04:51:57,172 autoreload 9120 1896 File C:\Users\dan\AppData\Local\Programs\Python\Python39\Lib\getpass.py first seen with mtime 1601934402.0
DEBUG 2020-12-26 04:51:57,172 autoreload 9120 1896 File C:\Users\dan\AppData\Local\Programs\Python\Python39\Lib\asyncio\queues.py first seen with mtime 1601934402.0
DEBUG 2020-12-26 04:51:57,172 autoreload 9120 1896 File C:\Users\dan\AppData\Local\Programs\Python\Python39\Lib\calendar.py first seen with mtime 1601934402.0
DEBUG 2020-12-26 04:51:57,172 autoreload 9120 1896 File C:\Users\dan\just_django\myenvironmen\Lib\site-packages\django\contrib\staticfiles\apps.py first seen with mtime 1605589998.8862185
DEBUG 2020-12-26 04:51:57,172 autoreload 9120 1896 File C:\Users\dan\just_django\myenvironmen\Lib\site-packages\django\core\mail\message.py first seen with mtime 1605589998.9959257
DEBUG 2020-12-26 04:51:57,172 autoreload 9120 1896 File C:\Users\dan\just_django\myenvironmen\Lib\site-packages\django\core\checks\model_checks.py first seen with mtime 1605589998.9540374
DEBUG 2020-12-26 04:51:57,172 autoreload 9120 1896 File C:\Users\dan\AppData\Local\Programs\Python\Python39\Lib\enum.py first seen with mtime 1601934402.0
DEBUG 2020-12-26 04:51:57,172 autoreload 9120 1896 File C:\Users\dan\just_django\myenvironmen\Lib\site-packages\django\db\backends\base\features.py first seen with mtime 1605589999.0946648
DEBUG 2020-12-26 04:51:57,173 autoreload 9120 1896 File C:\Users\dan\AppData\Local\Programs\Python\Python39\Lib\bz2.py first seen with mtime 1601934402.0
DEBUG 2020-12-26 04:51:57,173 autoreload 9120 1896 File C:\Users\dan\just_django\myenvironmen\Lib\site-packages\django\db\models\fields\__init__.py first seen with mtime 1605589999.229302
DEBUG 2020-12-26 04:51:57,173 autoreload 9120 1896 File C:\Users\dan\just_django\myenvironmen\Lib\site-packages\django\forms\widgets.py first seen with mtime 1605589999.289143
DEBUG 2020-12-26 04:51:57,173 autoreload 9120 1896 File C:\Users\dan\just_django\myenvironmen\Lib\site-packages\django\contrib\admin\views\__init__.py first seen with mtime 1605589994.5201352
DEBUG 2020-12-26 04:51:57,173 autoreload 9120 1896 File C:\Users\dan\just_django\myenvironmen\Lib\site-packages\django\utils\tree.py first seen with mtime 1605589999.5694356
DEBUG 2020-12-26 04:51:57,173 autoreload 9120 1896 File C:\Users\dan\just_django\myenvironmen\Lib\site-packages\django\views\generic\list.py first seen with mtime 1605589999.6222963
DEBUG 2020-12-26 04:51:57,173 autoreload 9120 1896 File C:\Users\dan\just_django\myenvironmen\Lib\site-packages\django\templatetags\l10n.py first seen with mtime 1605589999.472698
DEBUG 2020-12-26 04:51:57,173 autoreload 9120 1896 File C:\Users\dan\just_django\myenvironmen\Lib\site-packages\django\core\checks\templates.py first seen with mtime 1605589998.95703
DEBUG 2020-12-26 04:51:57,173 autoreload 9120 1896 File C:\Users\dan\just_django\myenvironmen\Lib\site-packages\django\contrib\messages\__init__.py first seen with mtime 1605589997.2855
DEBUG 2020-12-26 04:51:57,173 autoreload 9120 1896 File C:\Users\dan\just_django\myenvironmen\Lib\site-packages\django\db\models\query.py first seen with mtime 1605589999.221323
DEBUG 2020-12-26 04:51:57,174 autoreload 9120 1896 File C:\Users\dan\AppData\Local\Programs\Python\Python39\Lib\socketserver.py first seen with mtime 1601934402.0
DEBUG 2020-12-26 04:51:57,174 autoreload 9120 1896 File C:\Users\dan\just_django\myenvironmen\Lib\site-packages\django\utils\numberformat.py first seen with mtime 1605589999.5554721
DEBUG 2020-12-26 04:51:57,174 autoreload 9120 1896 File C:\Users\dan\AppData\Local\Programs\Python\Python39\Lib\email\base64mime.py first seen with mtime 1601934402.0
DEBUG 2020-12-26 04:51:57,174 autoreload 9120 1896 File C:\Users\dan\just_django\myenvironmen\Lib\site-packages\django\utils\regex_helper.py first seen with mtime 1605589999.5574656
DEBUG 2020-12-26 04:51:57,174 autoreload 9120 1896 File C:\Users\dan\just_django\myenvironmen\Lib\site-packages\django\contrib\auth\hashers.py first seen with mtime 1605589994.889156
DEBUG 2020-12-26 04:51:57,174 autoreload 9120 1896 File C:\Users\dan\just_django\myenvironmen\Lib\site-packages\django\contrib\admin\filters.py first seen with mtime 1605589993.8210063
DEBUG 2020-12-26 04:51:57,174 autoreload 9120 1896 File C:\Users\dan\AppData\Local\Programs\Python\Python39\Lib\sre_parse.py first seen with mtime 1601934402.0
DEBUG 2020-12-26 04:51:57,174 autoreload 9120 1896 File C:\Users\dan\AppData\Local\Programs\Python\Python39\Lib\ast.py first seen with mtime 1601934402.0
DEBUG 2020-12-26 04:51:57,174 autoreload 9120 1896 File C:\Users\dan\just_django\myenvironmen\Lib\site-packages\django\db\models\base.py first seen with mtime 1605589999.2043679
DEBUG 2020-12-26 04:51:57,174 autoreload 9120 1896 File C:\Users\dan\just_django\myenvironmen\Lib\site-packages\django\template\backends\django.py first seen with mtime 1605589999.4517488
DEBUG 2020-12-26 04:51:57,175 autoreload 9120 1896 File C:\Users\dan\just_django\myenvironmen\Lib\site-packages\django\utils\text.py first seen with mtime 1605589999.5634522
DEBUG 2020-12-26 04:51:57,175 autoreload 9120 1896 File C:\Users\dan\AppData\Local\Programs\Python\Python39\Lib\gettext.py first seen with mtime 1601934402.0
DEBUG 2020-12-26 04:51:57,175 autoreload 9120 1896 File C:\Users\dan\just_django\myenvironmen\Lib\site-packages\django\db\backends\postgresql\client.py first seen with mtime 1605589999.144529
DEBUG 2020-12-26 04:51:57,175 autoreload 9120 1896 File C:\Users\dan\just_django\tryjango\trydjango\urls.py first seen with mtime 1605611997.168251
DEBUG 2020-12-26 04:51:57,175 autoreload 9120 1896 File C:\Users\dan\AppData\Local\Programs\Python\Python39\Lib\asyncio\trsock.py first seen with mtime 1601934402.0
DEBUG 2020-12-26 04:51:57,175 autoreload 9120 1896 File C:\Users\dan\AppData\Local\Programs\Python\Python39\DLLs\_asyncio.pyd first seen with mtime 1601934420.0
DEBUG 2020-12-26 04:51:57,175 autoreload 9120 1896 File C:\Users\dan\just_django\myenvironmen\Lib\site-packages\django\contrib\staticfiles\__init__.py first seen with mtime 1605589998.8852222
DEBUG 2020-12-26 04:51:57,175 autoreload 9120 1896 File C:\Users\dan\just_django\myenvironmen\Lib\site-packages\django\template\loader_tags.py first seen with mtime 1605589999.4437726
DEBUG 2020-12-26 04:51:57,175 autoreload 9120 1896 File C:\Users\dan\just_django\myenvironmen\Lib\site-packages\django\core\files\storage.py first seen with mtime 1605589998.977975
DEBUG 2020-12-26 04:51:57,176 autoreload 9120 1896 File C:\Users\dan\AppData\Local\Programs\Python\Python39\Lib\contextlib.py first seen with mtime 1601934402.0
DEBUG 2020-12-26 04:51:57,176 autoreload 9120 1896 File C:\Users\dan\just_django\myenvironmen\Lib\site-packages\django\urls\exceptions.py first seen with mtime 1605589999.498628
DEBUG 2020-12-26 04:51:57,176 autoreload 9120 1896 File C:\Users\dan\just_django\myenvironmen\Lib\site-packages\django\utils\ipv6.py first seen with mtime 1605589999.5464957
DEBUG 2020-12-26 04:51:57,176 autoreload 9120 1896 File C:\Users\dan\just_django\myenvironmen\Lib\site-packages\django\core\servers\basehttp.py first seen with mtime 1605589999.0747275
DEBUG 2020-12-26 04:51:57,176 autoreload 9120 1896 File C:\Users\dan\just_django\myenvironmen\Lib\site-packages\django\conf\__init__.py first seen with mtime 1605589993.358243
DEBUG 2020-12-26 04:51:57,176 autoreload 9120 1896 File C:\Users\dan\AppData\Local\Programs\Python\Python39\Lib\_compression.py first seen with mtime 1601934402.0
DEBUG 2020-12-26 04:51:57,176 autoreload 9120 1896 File C:\Users\dan\just_django\tryjango\manage.py first seen with mtime 1605611997.055551
DEBUG 2020-12-26 04:51:57,176 autoreload 9120 1896 File C:\Users\dan\just_django\myenvironmen\Lib\site-packages\django\core\handlers\__init__.py first seen with mtime 1605589998.9859529
DEBUG 2020-12-26 04:51:57,176 autoreload 9120 1896 File C:\Users\dan\AppData\Local\Programs\Python\Python39\Lib\email\mime\multipart.py first seen with mtime 1601934402.0
DEBUG 2020-12-26 04:51:57,177 autoreload 9120 1896 File C:\Users\dan\AppData\Local\Programs\Python\Python39\Lib\asyncio\transports.py first seen with mtime 1601934402.0
DEBUG 2020-12-26 04:51:57,177 autoreload 9120 1896 File C:\Users\dan\just_django\myenvironmen\Lib\site-packages\django\contrib\admin\actions.py first seen with mtime 1605589993.817021
DEBUG 2020-12-26 04:51:57,177 autoreload 9120 1896 File C:\Users\dan\just_django\myenvironmen\Lib\site-packages\django\template\loader.py first seen with mtime 1605589999.441776
DEBUG 2020-12-26 04:51:57,177 autoreload 9120 1896 File C:\Users\dan\just_django\myenvironmen\Lib\site-packages\psycopg2\extras.py first seen with mtime 1605615674.2104397
DEBUG 2020-12-26 04:51:57,177 autoreload 9120 1896 File C:\Users\dan\just_django\myenvironmen\Lib\site-packages\sqlparse\tokens.py first seen with mtime 1605589993.1717422
DEBUG 2020-12-26 04:51:57,177 autoreload 9120 1896 File C:\Users\dan\just_django\myenvironmen\Lib\site-packages\django\contrib\admin\utils.py first seen with mtime 1605589993.8299825
DEBUG 2020-12-26 04:51:57,177 autoreload 9120 1896 File C:\Users\dan\just_django\myenvironmen\Lib\site-packages\django\utils\dateformat.py first seen with mtime 1605589999.5195782
DEBUG 2020-12-26 04:51:57,177 autoreload 9120 1896 File C:\Users\dan\just_django\myenvironmen\Lib\site-packages\django\utils\decorators.py first seen with mtime 1605589999.530542
DEBUG 2020-12-26 04:51:57,177 autoreload 9120 1896 File C:\Users\dan\AppData\Local\Programs\Python\Python39\Lib\encodings\utf_8.py first seen with mtime 1601934402.0
DEBUG 2020-12-26 04:51:57,178 autoreload 9120 1896 File C:\Users\dan\AppData\Local\Programs\Python\Python39\Lib\email\mime\__init__.py first seen with mtime 1601934402.0
DEBUG 2020-12-26 04:51:57,178 autoreload 9120 1896 File C:\Users\dan\just_django\myenvironmen\Lib\site-packages\django\db\models\functions\datetime.py first seen with mtime 1605589999.2472534
DEBUG 2020-12-26 04:51:57,178 autoreload 9120 1896 File C:\Users\dan\just_django\myenvironmen\Lib\site-packages\sqlparse\lexer.py first seen with mtime 1605589993.170744
DEBUG 2020-12-26 04:51:57,178 autoreload 9120 1896 File C:\Users\dan\just_django\myenvironmen\Lib\site-packages\django\core\files\images.py first seen with mtime 1605589998.9729877
DEBUG 2020-12-26 04:51:57,178 autoreload 9120 1896 File C:\Users\dan\just_django\myenvironmen\Lib\site-packages\django\db\backends\base\__init__.py first seen with mtime 1605589999.0866823
DEBUG 2020-12-26 04:51:57,178 autoreload 9120 1896 File C:\Users\dan\just_django\myenvironmen\Lib\site-packages\django\db\transaction.py first seen with mtime 1605589999.0787077
DEBUG 2020-12-26 04:51:58,266 autoreload 9120 1896 File C:\Users\dan\just_django\myenvironmen\Lib\site-packages\crispy_forms\compatibility.py first seen with mtime 1605614348.9796808
DEBUG 2020-12-26 04:51:58,267 autoreload 9120 1896 File C:\Users\dan\just_django\tryjango\fx\migrations\0038_constructionmodel.py first seen with mtime 1608787818.971668
DEBUG 2020-12-26 04:51:58,267 autoreload 9120 1896 File C:\Users\dan\just_django\tryjango\fx\migrations\0025_loansummarymodel.py first seen with mtime 1606723369.6667888
DEBUG 2020-12-26 04:51:58,269 autoreload 9120 1896 File C:\Users\dan\just_django\tryjango\fx\templatetags\app_filters.py first seen with mtime 1605611997.0515654
DEBUG 2020-12-26 04:51:58,270 autoreload 9120 1896 File C:\Users\dan\just_django\myenvironmen\Lib\site-packages\crispy_forms\templatetags\crispy_forms_tags.py first seen with mtime 1605614349.1085763
DEBUG 2020-12-26 04:51:58,270 autoreload 9120 1896 File C:\Users\dan\just_django\myenvironmen\Lib\site-packages\django\contrib\auth\migrations\0009_alter_user_last_name_max_length.py first seen with mtime 1605589995.3409424
DEBUG 2020-12-26 04:51:58,271 autoreload 9120 1896 File C:\Users\dan\just_django\tryjango\fx\migrations\0024_auto_20201129_1840.py first seen with mtime 1606646432.4652262
DEBUG 2020-12-26 04:51:58,272 autoreload 9120 1896 File C:\Users\dan\just_django\myenvironmen\Lib\site-packages\crispy_forms\templatetags\crispy_forms_filters.py first seen with mtime 1605614349.107583
DEBUG 2020-12-26 04:51:58,272 autoreload 9120 1896 File C:\Users\dan\AppData\Local\Programs\Python\Python39\Lib\encodings\idna.py first seen with mtime 1601934402.0
DEBUG 2020-12-26 04:51:58,273 autoreload 9120 1896 File C:\Users\dan\just_django\tryjango\fx\migrations\0026_tmpvariables.py first seen with mtime 1607342402.6303008
DEBUG 2020-12-26 04:51:58,273 autoreload 9120 1896 File C:\Users\dan\just_django\tryjango\fx\migrations\0007_auto_20200924_1913.py first seen with mtime 1605611996.6479456
DEBUG 2020-12-26 04:51:58,274 autoreload 9120 1896 File C:\Users\dan\just_django\tryjango\fx\migrations\0004_remove_codegeneratormodel_codes1.py first seen with mtime 1605611996.6459548
DEBUG 2020-12-26 04:51:58,274 autoreload 9120 1896 File C:\Users\dan\just_django\tryjango\fx\migrations\0014_auto_20201117_0725.py first seen with mtime 1605624286.2660336
DEBUG 2020-12-26 04:51:58,275 autoreload 9120 1896 File C:\Users\dan\just_django\tryjango\fx\templatetags\__init__.py first seen with mtime 1605611997.0475926
DEBUG 2020-12-26 04:51:58,276 autoreload 9120 1896 File C:\Users\dan\just_django\myenvironmen\Lib\site-packages\django\contrib\auth\migrations\0001_initial.py first seen with mtime 1605589995.3289728
DEBUG 2020-12-26 04:51:58,277 autoreload 9120 1896 File C:\Users\dan\just_django\myenvironmen\Lib\site-packages\django\contrib\admin\migrations\0002_logentry_remove_auto_add.py first seen with mtime 1605589994.307704
DEBUG 2020-12-26 04:51:58,278 autoreload 9120 1896 File C:\Users\dan\just_django\tryjango\fx\migrations\0039_deliverymodel.py first seen with mtime 1608788793.7376232
DEBUG 2020-12-26 04:51:58,279 autoreload 9120 1896 File C:\Users\dan\just_django\myenvironmen\Lib\site-packages\django\contrib\admin\migrations\__init__.py first seen with mtime 1605589994.3116975
DEBUG 2020-12-26 04:51:58,279 autoreload 9120 1896 File C:\Users\dan\just_django\myenvironmen\Lib\site-packages\django\contrib\humanize\templatetags\__init__.py first seen with mtime 1605589997.2825089
DEBUG 2020-12-26 04:51:58,279 autoreload 9120 1896 File C:\Users\dan\just_django\myenvironmen\Lib\site-packages\crispy_forms\base.py first seen with mtime 1605614348.977687
DEBUG 2020-12-26 04:51:58,279 autoreload 9120 1896 File C:\Users\dan\just_django\tryjango\fx\migrations\0029_auto_20201214_1626.py first seen with mtime 1607934410.8780167
DEBUG 2020-12-26 04:51:58,280 autoreload 9120 1896 File C:\Users\dan\just_django\tryjango\fx\migrations\0019_auto_20201126_1431.py first seen with mtime 1606372290.477264
DEBUG 2020-12-26 04:51:58,280 autoreload 9120 1896 File C:\Users\dan\just_django\myenvironmen\Lib\site-packages\django\contrib\admin\migrations\0003_logentry_add_action_flag_choices.py first seen with mtime 1605589994.3106968
DEBUG 2020-12-26 04:51:58,282 autoreload 9120 1896 File C:\Users\dan\just_django\tryjango\fx\migrations\0013_auto_20201031_0947.py first seen with mtime 1605611996.653752
DEBUG 2020-12-26 04:51:58,282 autoreload 9120 1896 File C:\Users\dan\just_django\tryjango\trydjango\wsgi.py first seen with mtime 1605611997.1692472
DEBUG 2020-12-26 04:51:58,282 autoreload 9120 1896 File C:\Users\dan\just_django\myenvironmen\Lib\site-packages\django\conf\urls\__init__.py first seen with mtime 1605589993.811037
DEBUG 2020-12-26 04:51:58,283 autoreload 9120 1896 File C:\Users\dan\just_django\myenvironmen\Lib\site-packages\django\contrib\auth\migrations\0010_alter_group_name_max_length.py first seen with mtime 1605589995.3429368
DEBUG 2020-12-26 04:51:58,284 autoreload 9120 1896 File C:\Users\dan\just_django\tryjango\fx\migrations\0009_auto_20200924_2000.py first seen with mtime 1605611996.6499403
DEBUG 2020-12-26 04:51:58,284 autoreload 9120 1896 File C:\Users\dan\just_django\myenvironmen\Lib\site-packages\crispy_forms\layout.py first seen with mtime 1605614348.9827046
DEBUG 2020-12-26 04:51:58,284 autoreload 9120 1896 File C:\Users\dan\just_django\myenvironmen\Lib\site-packages\crispy_forms\layout_slice.py first seen with mtime 1605614348.984695
DEBUG 2020-12-26 04:51:58,285 autoreload 9120 1896 File C:\Users\dan\just_django\myenvironmen\Lib\site-packages\django\contrib\auth\migrations\0008_alter_user_username_max_length.py first seen with mtime 1605589995.3389463
DEBUG 2020-12-26 04:51:58,286 autoreload 9120 1896 File C:\Users\dan\just_django\tryjango\fx\migrations\0032_contact.py first seen with mtime 1608725955.7193646
DEBUG 2020-12-26 04:51:58,286 autoreload 9120 1896 File C:\Users\dan\just_django\tryjango\fx\templatetags\table_tag.py first seen with mtime 1605611997.0525608
DEBUG 2020-12-26 04:51:58,287 autoreload 9120 1896 File C:\Users\dan\just_django\myenvironmen\Lib\site-packages\django\contrib\sessions\backends\db.py first seen with mtime 1605589998.064418
DEBUG 2020-12-26 04:51:58,288 autoreload 9120 1896 File C:\Users\dan\just_django\myenvironmen\Lib\site-packages\django\contrib\auth\migrations\0011_update_proxy_permissions.py first seen with mtime 1605589995.3449302
DEBUG 2020-12-26 04:51:58,289 autoreload 9120 1896 File C:\Users\dan\just_django\tryjango\fx\migrations\0006_auto_20200924_1336.py first seen with mtime 1605611996.6479456
DEBUG 2020-12-26 04:51:58,289 autoreload 9120 1896 File C:\Users\dan\just_django\myenvironmen\Lib\site-packages\django\contrib\auth\migrations\0004_alter_user_username_opts.py first seen with mtime 1605589995.3339632
DEBUG 2020-12-26 04:51:58,291 autoreload 9120 1896 File C:\Users\dan\just_django\myenvironmen\Lib\site-packages\django\contrib\auth\migrations\0005_alter_user_last_login_null.py first seen with mtime 1605589995.335956
DEBUG 2020-12-26 04:51:58,292 autoreload 9120 1896 File C:\Users\dan\just_django\tryjango\fx\migrations\0037_mechanicmodel_repairmodel.py first seen with mtime 1608784825.5091224
DEBUG 2020-12-26 04:51:58,292 autoreload 9120 1896 File C:\Users\dan\just_django\myenvironmen\Lib\site-packages\django\contrib\admin\migrations\0001_initial.py first seen with mtime 1605589994.306707
DEBUG 2020-12-26 04:51:58,293 autoreload 9120 1896 File C:\Users\dan\just_django\tryjango\fx\migrations\0002_codegeneratormodel_codes.py first seen with mtime 1605611996.6439595
DEBUG 2020-12-26 04:51:58,293 autoreload 9120 1896 File C:\Users\dan\just_django\myenvironmen\Lib\site-packages\crispy_forms\exceptions.py first seen with mtime 1605614348.9806778
DEBUG 2020-12-26 04:51:58,294 autoreload 9120 1896 File C:\Users\dan\just_django\tryjango\fx\migrations\0030_auto_20201214_1635.py first seen with mtime 1607934933.7880335
DEBUG 2020-12-26 04:51:58,294 autoreload 9120 1896 File C:\Users\dan\just_django\myenvironmen\Lib\site-packages\django\contrib\contenttypes\migrations\0002_remove_content_type_name.py first seen with mtime 1605589995.7973783
DEBUG 2020-12-26 04:51:58,294 autoreload 9120 1896 File C:\Users\dan\just_django\tryjango\fx\migrations\0008_auto_20200924_1916.py first seen with mtime 1605611996.6489427
DEBUG 2020-12-26 04:51:58,295 autoreload 9120 1896 File C:\Users\dan\just_django\myenvironmen\Lib\site-packages\django\contrib\auth\migrations\0007_alter_validators_add_error_messages.py first seen with mtime 1605589995.3379507
DEBUG 2020-12-26 04:51:58,295 autoreload 9120 1896 File C:\Users\dan\just_django\myenvironmen\Lib\site-packages\django\db\migrations\graph.py first seen with mtime 1605589999.1734524
DEBUG 2020-12-26 04:51:58,295 autoreload 9120 1896 File C:\Users\dan\just_django\myenvironmen\Lib\site-packages\django\contrib\sessions\backends\base.py first seen with mtime 1605589998.0584354
DEBUG 2020-12-26 04:51:58,296 autoreload 9120 1896 File C:\Users\dan\just_django\myenvironmen\Lib\site-packages\crispy_forms\templatetags\crispy_forms_utils.py first seen with mtime 1605614349.109574
DEBUG 2020-12-26 04:51:58,296 autoreload 9120 1896 File C:\Users\dan\just_django\tryjango\fx\migrations\__init__.py first seen with mtime 1605611996.6539295
DEBUG 2020-12-26 04:51:58,298 autoreload 9120 1896 File C:\Users\dan\just_django\tryjango\fx\migrations\0035_messagemodel.py first seen with mtime 1608757183.0612066
DEBUG 2020-12-26 04:51:58,299 autoreload 9120 1896 File C:\Users\dan\just_django\myenvironmen\Lib\site-packages\django\contrib\auth\backends.py first seen with mtime 1605589994.8791766
DEBUG 2020-12-26 04:51:58,299 autoreload 9120 1896 File C:\Users\dan\just_django\tryjango\fx\migrations\0005_remove_tradingmodels_source_id.py first seen with mtime 1605611996.646948
DEBUG 2020-12-26 04:51:58,300 autoreload 9120 1896 File C:\Users\dan\just_django\tryjango\fx\migrations\0034_contactmodel_birthday.py first seen with mtime 1608752472.3176918
DEBUG 2020-12-26 04:51:58,300 autoreload 9120 1896 File C:\Users\dan\just_django\myenvironmen\Lib\site-packages\django\contrib\sessions\migrations\__init__.py first seen with mtime 1605589998.4653456
DEBUG 2020-12-26 04:51:58,302 autoreload 9120 1896 File C:\Users\dan\just_django\myenvironmen\Lib\site-packages\django\db\migrations\loader.py first seen with mtime 1605589999.1764479
DEBUG 2020-12-26 04:51:58,302 autoreload 9120 1896 File C:\Users\dan\just_django\tryjango\fx\migrations\0010_auto_20200927_0201.py first seen with mtime 1605611996.6509407
DEBUG 2020-12-26 04:51:58,302 autoreload 9120 1896 File C:\Users\dan\just_django\myenvironmen\Lib\site-packages\crispy_forms\bootstrap.py first seen with mtime 1605614348.9787035
DEBUG 2020-12-26 04:51:58,302 autoreload 9120 1896 File C:\Users\dan\just_django\tryjango\fx\migrations\0011_tmp_passwordmodel_qrcode_pwd.py first seen with mtime 1605611996.6519358
DEBUG 2020-12-26 04:51:58,303 autoreload 9120 1896 File C:\Users\dan\just_django\myenvironmen\Lib\site-packages\django\db\migrations\recorder.py first seen with mtime 1605589999.1824286
DEBUG 2020-12-26 04:51:58,303 autoreload 9120 1896 File C:\Users\dan\just_django\tryjango\fx\migrations\0022_auto_20201129_1726.py first seen with mtime 1606641993.101169
DEBUG 2020-12-26 04:51:58,304 autoreload 9120 1896 File C:\Users\dan\just_django\myenvironmen\Lib\site-packages\django\middleware\security.py first seen with mtime 1605589999.424823
DEBUG 2020-12-26 04:51:58,304 autoreload 9120 1896 File C:\Users\dan\just_django\tryjango\fx\migrations\0028_daytransactionmodel.py first seen with mtime 1607933752.3135307
DEBUG 2020-12-26 04:51:58,304 autoreload 9120 1896 File C:\Users\dan\just_django\tryjango\fx\migrations\0040_livepost.py first seen with mtime 1608898500.4619248
DEBUG 2020-12-26 04:51:58,305 autoreload 9120 1896 File C:\Users\dan\just_django\myenvironmen\Lib\site-packages\crispy_forms\utils.py first seen with mtime 1605614348.985665
DEBUG 2020-12-26 04:51:58,305 autoreload 9120 1896 File C:\Users\dan\just_django\myenvironmen\Lib\site-packages\django\contrib\sessions\backends\__init__.py first seen with mtime 1605589998.0574377
DEBUG 2020-12-26 04:51:58,305 autoreload 9120 1896 File C:\Users\dan\just_django\tryjango\fx\migrations\0027_auto_20201209_1613.py first seen with mtime 1607501606.455537
DEBUG 2020-12-26 04:51:58,305 autoreload 9120 1896 File C:\Users\dan\just_django\tryjango\fx\migrations\0036_loadmodel.py first seen with mtime 1608784007.4572093
DEBUG 2020-12-26 04:51:58,305 autoreload 9120 1896 File C:\Users\dan\just_django\tryjango\fx\migrations\0003_auto_20200924_1325.py first seen with mtime 1605611996.644973
DEBUG 2020-12-26 04:51:58,305 autoreload 9120 1896 File C:\Users\dan\just_django\tryjango\fx\migrations\0012_auto_20201031_0610.py first seen with mtime 1605611996.652933
DEBUG 2020-12-26 04:51:58,307 autoreload 9120 1896 File C:\Users\dan\just_django\tryjango\fx\migrations\0016_remove_membermodel_reserve2.py first seen with mtime 1605837900.9718442
DEBUG 2020-12-26 04:51:58,307 autoreload 9120 1896 File C:\Users\dan\just_django\myenvironmen\Lib\site-packages\django\contrib\auth\middleware.py first seen with mtime 1605589994.8911436
DEBUG 2020-12-26 04:51:58,307 autoreload 9120 1896 File C:\Users\dan\just_django\myenvironmen\Lib\site-packages\django\contrib\auth\migrations\0006_require_contenttypes_0002.py first seen with mtime 1605589995.3369534
DEBUG 2020-12-26 04:51:58,307 autoreload 9120 1896 File C:\Users\dan\just_django\myenvironmen\Lib\site-packages\django\contrib\humanize\templatetags\humanize.py first seen with mtime 1605589997.2845042
DEBUG 2020-12-26 04:51:58,307 autoreload 9120 1896 File C:\Users\dan\just_django\tryjango\fx\migrations\0033_auto_20201223_2023.py first seen with mtime 1608726190.021784
DEBUG 2020-12-26 04:51:58,308 autoreload 9120 1896 File C:\Users\dan\just_django\myenvironmen\Lib\site-packages\django\contrib\contenttypes\migrations\0001_initial.py first seen with mtime 1605589995.7943912
DEBUG 2020-12-26 04:51:58,309 autoreload 9120 1896 File C:\Users\dan\just_django\tryjango\fx\migrations\0014_membermodel_reserve2.py first seen with mtime 1605618831.0510542
DEBUG 2020-12-26 04:51:58,309 autoreload 9120 1896 File C:\Users\dan\just_django\tryjango\fx\migrations\0001_initial.py first seen with mtime 1605611996.642963
DEBUG 2020-12-26 04:51:58,310 autoreload 9120 1896 File C:\Users\dan\AppData\Local\Programs\Python\Python39\Lib\stringprep.py first seen with mtime 1601934402.0
DEBUG 2020-12-26 04:51:58,310 autoreload 9120 1896 File C:\Users\dan\just_django\tryjango\fx\templatetags\custom_tags.py first seen with mtime 1605611997.0525608
DEBUG 2020-12-26 04:51:58,310 autoreload 9120 1896 File C:\Users\dan\just_django\myenvironmen\Lib\site-packages\django\middleware\clickjacking.py first seen with mtime 1605589999.4168456
DEBUG 2020-12-26 04:51:58,310 autoreload 9120 1896 File C:\Users\dan\just_django\tryjango\fx\migrations\0020_auto_20201126_1922.py first seen with mtime 1606389767.48324
DEBUG 2020-12-26 04:51:58,311 autoreload 9120 1896 File C:\Users\dan\just_django\myenvironmen\Lib\site-packages\django\db\migrations\executor.py first seen with mtime 1605589999.172455
DEBUG 2020-12-26 04:51:58,311 autoreload 9120 1896 File C:\Users\dan\just_django\myenvironmen\Lib\site-packages\django\contrib\contenttypes\migrations\__init__.py first seen with mtime 1605589995.799375
DEBUG 2020-12-26 04:51:58,311 autoreload 9120 1896 File C:\Users\dan\just_django\tryjango\fx\migrations\0017_auto_20201122_1855.py first seen with mtime 1606042559.438143
DEBUG 2020-12-26 04:51:58,311 autoreload 9120 1896 File C:\Users\dan\just_django\myenvironmen\Lib\site-packages\django\middleware\common.py first seen with mtime 1605589999.4178433
DEBUG 2020-12-26 04:51:58,312 autoreload 9120 1896 File C:\Users\dan\just_django\myenvironmen\Lib\site-packages\crispy_forms\templatetags\crispy_forms_field.py first seen with mtime 1605614349.1055863
DEBUG 2020-12-26 04:51:58,312 autoreload 9120 1896 File C:\Users\dan\just_django\tryjango\fx\migrations\0015_merge_20201120_1002.py first seen with mtime 1605837750.6736445
DEBUG 2020-12-26 04:51:58,312 autoreload 9120 1896 File C:\Users\dan\just_django\tryjango\fx\migrations\0023_auto_20201129_1744.py first seen with mtime 1606643052.25116
DEBUG 2020-12-26 04:51:58,313 autoreload 9120 1896 File C:\Users\dan\just_django\myenvironmen\Lib\site-packages\django\contrib\messages\middleware.py first seen with mtime 1605589997.2944837
DEBUG 2020-12-26 04:51:58,313 autoreload 9120 1896 File C:\Users\dan\just_django\myenvironmen\Lib\site-packages\django\contrib\sessions\middleware.py first seen with mtime 1605589998.053446
DEBUG 2020-12-26 04:51:58,314 autoreload 9120 1896 File C:\Users\dan\just_django\myenvironmen\Lib\site-packages\crispy_forms\helper.py first seen with mtime 1605614348.9816759
DEBUG 2020-12-26 04:51:58,314 autoreload 9120 1896 File C:\Users\dan\just_django\myenvironmen\Lib\site-packages\django\contrib\sessions\migrations\0001_initial.py first seen with mtime 1605589998.464347
DEBUG 2020-12-26 04:51:58,314 autoreload 9120 1896 File C:\Users\dan\just_django\myenvironmen\Lib\site-packages\django\db\models\sql\compiler.py first seen with mtime 1605589999.2582242
DEBUG 2020-12-26 04:51:58,315 autoreload 9120 1896 File C:\Users\dan\just_django\myenvironmen\Lib\site-packages\django\contrib\auth\migrations\0002_alter_permission_name_max_length.py first seen with mtime 1605589995.3310006
DEBUG 2020-12-26 04:51:58,315 autoreload 9120 1896 File C:\Users\dan\just_django\myenvironmen\Lib\site-packages\django\contrib\auth\migrations\0012_alter_user_first_name_max_length.py first seen with mtime 1605589995.3469267
DEBUG 2020-12-26 04:51:58,316 autoreload 9120 1896 File C:\Users\dan\just_django\tryjango\fx\migrations\0018_temp_venturemodel.py first seen with mtime 1606314931.9315963
DEBUG 2020-12-26 04:51:58,316 autoreload 9120 1896 File C:\Users\dan\just_django\myenvironmen\Lib\site-packages\django\contrib\auth\migrations\__init__.py first seen with mtime 1605589995.347925
DEBUG 2020-12-26 04:51:58,317 autoreload 9120 1896 File C:\Users\dan\just_django\myenvironmen\Lib\site-packages\django\contrib\sessions\exceptions.py first seen with mtime 1605589998.051452
DEBUG 2020-12-26 04:51:58,317 autoreload 9120 1896 File C:\Users\dan\just_django\tryjango\fx\migrations\0031_auto_20201215_1819.py first seen with mtime 1608027561.6616867
DEBUG 2020-12-26 04:51:58,318 autoreload 9120 1896 File C:\Users\dan\just_django\myenvironmen\Lib\site-packages\django\contrib\auth\migrations\0003_alter_user_email_max_length.py first seen with mtime 1605589995.3329623
DEBUG 2020-12-26 04:51:58,318 autoreload 9120 1896 File C:\Users\dan\just_django\tryjango\fx\migrations\0021_change_table_destination_acct.py first seen with mtime 1606635531.829465
DEBUG 2020-12-26 04:51:59,605 utils 9120 21740 (0.000) SELECT "django_session"."session_key", "django_session"."session_data", "django_session"."expire_date" FROM "django_session" WHERE ("django_session"."expire_date" > '2020-12-25T20:51:59.563082+00:00'::timestamptz AND "django_session"."session_key" = 'lmr7mq2x6aidz8fjw0q739635bamfeip') LIMIT 21; args=(datetime.datetime(2020, 12, 25, 20, 51, 59, 563082, tzinfo=<UTC>), 'lmr7mq2x6aidz8fjw0q739635bamfeip')
DEBUG 2020-12-26 04:51:59,607 utils 9120 21740 (0.000) SELECT "auth_user"."id", "auth_user"."password", "auth_user"."last_login", "auth_user"."is_superuser", "auth_user"."username", "auth_user"."first_name", "auth_user"."last_name", "auth_user"."email", "auth_user"."is_staff", "auth_user"."is_active", "auth_user"."date_joined" FROM "auth_user" WHERE "auth_user"."id" = 17 LIMIT 21; args=(17,)
DEBUG 2020-12-26 04:51:59,608 utils 9120 21740 (0.000) SELECT "fx_userpreferencemodel"."id", "fx_userpreferencemodel"."financial_transaction", "fx_userpreferencemodel"."user_id", "fx_userpreferencemodel"."cash_transfer_nos_of_row", "fx_userpreferencemodel"."search_member", "fx_userpreferencemodel"."search_receiver", "fx_userpreferencemodel"."transfer_receiver", "fx_userpreferencemodel"."transfer_history", "fx_userpreferencemodel"."claim_transfer" FROM "fx_userpreferencemodel" WHERE "fx_userpreferencemodel"."user_id" = 17 LIMIT 21; args=(17,)
DEBUG 2020-12-26 04:51:59,612 base 9120 21740 Exception while resolving variable 'member_info' in template 'fx/venture/test.html'.
Traceback (most recent call last):
  File "C:\Users\dan\just_django\myenvironmen\lib\site-packages\django\template\base.py", line 829, in _resolve_lookup
    current = current[bit]
  File "C:\Users\dan\just_django\myenvironmen\lib\site-packages\django\template\context.py", line 83, in __getitem__
    raise KeyError(key)
KeyError: 'member_info'

During handling of the above exception, another exception occurred:

Traceback (most recent call last):
  File "C:\Users\dan\just_django\myenvironmen\lib\site-packages\django\template\base.py", line 835, in _resolve_lookup
    if isinstance(current, BaseContext) and getattr(type(current), bit):
AttributeError: type object 'RequestContext' has no attribute 'member_info'

During handling of the above exception, another exception occurred:

Traceback (most recent call last):
  File "C:\Users\dan\just_django\myenvironmen\lib\site-packages\django\template\base.py", line 843, in _resolve_lookup
    current = current[int(bit)]
ValueError: invalid literal for int() with base 10: 'member_info'

During handling of the above exception, another exception occurred:

Traceback (most recent call last):
  File "C:\Users\dan\just_django\myenvironmen\lib\site-packages\django\template\base.py", line 848, in _resolve_lookup
    raise VariableDoesNotExist("Failed lookup for key "
django.template.base.VariableDoesNotExist: Failed lookup for key [member_info] in [{'True': True, 'False': False, 'None': None}, {'csrf_token': <SimpleLazyObject: <function csrf.<locals>._get_val at 0x0000018D56D7B280>>, 'request': <WSGIRequest: GET '/demo/'>, 'user': <SimpleLazyObject: <User: sa1212-0>>, 'perms': <django.contrib.auth.context_processors.PermWrapper object at 0x0000018D56DA9040>, 'messages': <django.contrib.messages.storage.fallback.FallbackStorage object at 0x0000018D56D79D90>, 'DEFAULT_MESSAGE_LEVELS': {'DEBUG': 10, 'INFO': 20, 'SUCCESS': 25, 'WARNING': 30, 'ERROR': 40}, 'table_search_context': <fx.tables.SearchMember object at 0x0000018D56DB67C0>}, {}]
DEBUG 2020-12-26 04:51:59,635 base 9120 21740 Exception while resolving variable 'xxxxxxxtable_search_context' in template 'fx/venture/test.html'.
Traceback (most recent call last):
  File "C:\Users\dan\just_django\myenvironmen\lib\site-packages\django\template\base.py", line 829, in _resolve_lookup
    current = current[bit]
  File "C:\Users\dan\just_django\myenvironmen\lib\site-packages\django\template\context.py", line 83, in __getitem__
    raise KeyError(key)
KeyError: 'xxxxxxxtable_search_context'

During handling of the above exception, another exception occurred:

Traceback (most recent call last):
  File "C:\Users\dan\just_django\myenvironmen\lib\site-packages\django\template\base.py", line 835, in _resolve_lookup
    if isinstance(current, BaseContext) and getattr(type(current), bit):
AttributeError: type object 'RequestContext' has no attribute 'xxxxxxxtable_search_context'

During handling of the above exception, another exception occurred:

Traceback (most recent call last):
  File "C:\Users\dan\just_django\myenvironmen\lib\site-packages\django\template\base.py", line 843, in _resolve_lookup
    current = current[int(bit)]
ValueError: invalid literal for int() with base 10: 'xxxxxxxtable_search_context'

During handling of the above exception, another exception occurred:

Traceback (most recent call last):
  File "C:\Users\dan\just_django\myenvironmen\lib\site-packages\django\template\base.py", line 848, in _resolve_lookup
    raise VariableDoesNotExist("Failed lookup for key "
django.template.base.VariableDoesNotExist: Failed lookup for key [xxxxxxxtable_search_context] in [{'True': True, 'False': False, 'None': None}, {'csrf_token': <SimpleLazyObject: <function csrf.<locals>._get_val at 0x0000018D56D7B280>>, 'request': <WSGIRequest: GET '/demo/'>, 'user': <SimpleLazyObject: <User: sa1212-0>>, 'perms': <django.contrib.auth.context_processors.PermWrapper object at 0x0000018D56DA9040>, 'messages': <django.contrib.messages.storage.fallback.FallbackStorage object at 0x0000018D56D79D90>, 'DEFAULT_MESSAGE_LEVELS': {'DEBUG': 10, 'INFO': 20, 'SUCCESS': 25, 'WARNING': 30, 'ERROR': 40}, 'table_search_context': <fx.tables.SearchMember object at 0x0000018D56DB67C0>}, {}]
DEBUG 2020-12-26 04:51:59,641 base 9120 21740 Exception while resolving variable 'table' in template 'fx/venture/test.html'.
Traceback (most recent call last):
  File "C:\Users\dan\just_django\myenvironmen\lib\site-packages\django\template\base.py", line 829, in _resolve_lookup
    current = current[bit]
  File "C:\Users\dan\just_django\myenvironmen\lib\site-packages\django\template\context.py", line 83, in __getitem__
    raise KeyError(key)
KeyError: 'table'

During handling of the above exception, another exception occurred:

Traceback (most recent call last):
  File "C:\Users\dan\just_django\myenvironmen\lib\site-packages\django\template\base.py", line 835, in _resolve_lookup
    if isinstance(current, BaseContext) and getattr(type(current), bit):
AttributeError: type object 'RequestContext' has no attribute 'table'

During handling of the above exception, another exception occurred:

Traceback (most recent call last):
  File "C:\Users\dan\just_django\myenvironmen\lib\site-packages\django\template\base.py", line 843, in _resolve_lookup
    current = current[int(bit)]
ValueError: invalid literal for int() with base 10: 'table'

During handling of the above exception, another exception occurred:

Traceback (most recent call last):
  File "C:\Users\dan\just_django\myenvironmen\lib\site-packages\django\template\base.py", line 848, in _resolve_lookup
    raise VariableDoesNotExist("Failed lookup for key "
django.template.base.VariableDoesNotExist: Failed lookup for key [table] in [{'True': True, 'False': False, 'None': None}, {'csrf_token': <SimpleLazyObject: <function csrf.<locals>._get_val at 0x0000018D56D7B280>>, 'request': <WSGIRequest: GET '/demo/'>, 'user': <SimpleLazyObject: <User: sa1212-0>>, 'perms': <django.contrib.auth.context_processors.PermWrapper object at 0x0000018D56DA9040>, 'messages': <django.contrib.messages.storage.fallback.FallbackStorage object at 0x0000018D56D79D90>, 'DEFAULT_MESSAGE_LEVELS': {'DEBUG': 10, 'INFO': 20, 'SUCCESS': 25, 'WARNING': 30, 'ERROR': 40}, 'table_search_context': <fx.tables.SearchMember object at 0x0000018D56DB67C0>}, {}, {'code': 'member-partial-payment', 'preference': 5, 'search_receiver': <fx.tables.SearchMember object at 0x0000018D56DB67C0>}, {'code': 'member-partial-payment', 'Options': {'total_records': 10, 'rows_per_page': 5, 'rows_option_list': [3, 5, 10, 20, 30, 50, 100], 'filter_field_value': '', 'filter_field': ''}, 'preference': 5}]
DEBUG 2020-12-26 04:51:59,642 base 9120 21740 Exception while resolving variable 'delay_Filling' in template 'fx/venture/test.html'.
Traceback (most recent call last):
  File "C:\Users\dan\just_django\myenvironmen\lib\site-packages\django\template\base.py", line 829, in _resolve_lookup
    current = current[bit]
  File "C:\Users\dan\just_django\myenvironmen\lib\site-packages\django\template\context.py", line 83, in __getitem__
    raise KeyError(key)
KeyError: 'delay_Filling'

During handling of the above exception, another exception occurred:

Traceback (most recent call last):
  File "C:\Users\dan\just_django\myenvironmen\lib\site-packages\django\template\base.py", line 835, in _resolve_lookup
    if isinstance(current, BaseContext) and getattr(type(current), bit):
AttributeError: type object 'RequestContext' has no attribute 'delay_Filling'

During handling of the above exception, another exception occurred:

Traceback (most recent call last):
  File "C:\Users\dan\just_django\myenvironmen\lib\site-packages\django\template\base.py", line 843, in _resolve_lookup
    current = current[int(bit)]
ValueError: invalid literal for int() with base 10: 'delay_Filling'

During handling of the above exception, another exception occurred:

Traceback (most recent call last):
  File "C:\Users\dan\just_django\myenvironmen\lib\site-packages\django\template\base.py", line 848, in _resolve_lookup
    raise VariableDoesNotExist("Failed lookup for key "
django.template.base.VariableDoesNotExist: Failed lookup for key [delay_Filling] in [{'True': True, 'False': False, 'None': None}, {'csrf_token': <SimpleLazyObject: <function csrf.<locals>._get_val at 0x0000018D56D7B280>>, 'request': <WSGIRequest: GET '/demo/'>, 'user': <SimpleLazyObject: <User: sa1212-0>>, 'perms': <django.contrib.auth.context_processors.PermWrapper object at 0x0000018D56DA9040>, 'messages': <django.contrib.messages.storage.fallback.FallbackStorage object at 0x0000018D56D79D90>, 'DEFAULT_MESSAGE_LEVELS': {'DEBUG': 10, 'INFO': 20, 'SUCCESS': 25, 'WARNING': 30, 'ERROR': 40}, 'table_search_context': <fx.tables.SearchMember object at 0x0000018D56DB67C0>}, {}, {'code': 'member-partial-payment', 'preference': 5, 'search_receiver': <fx.tables.SearchMember object at 0x0000018D56DB67C0>}, {'code': 'member-partial-payment', 'Options': {'total_records': 10, 'rows_per_page': 5, 'rows_option_list': [3, 5, 10, 20, 30, 50, 100], 'filter_field_value': '', 'filter_field': ''}, 'preference': 5}]
DEBUG 2020-12-26 04:51:59,643 base 9120 21740 Exception while resolving variable 'delay_filling' in template 'fx/venture/test.html'.
Traceback (most recent call last):
  File "C:\Users\dan\just_django\myenvironmen\lib\site-packages\django\template\base.py", line 829, in _resolve_lookup
    current = current[bit]
  File "C:\Users\dan\just_django\myenvironmen\lib\site-packages\django\template\context.py", line 83, in __getitem__
    raise KeyError(key)
KeyError: 'delay_filling'

During handling of the above exception, another exception occurred:

Traceback (most recent call last):
  File "C:\Users\dan\just_django\myenvironmen\lib\site-packages\django\template\base.py", line 835, in _resolve_lookup
    if isinstance(current, BaseContext) and getattr(type(current), bit):
AttributeError: type object 'RequestContext' has no attribute 'delay_filling'

During handling of the above exception, another exception occurred:

Traceback (most recent call last):
  File "C:\Users\dan\just_django\myenvironmen\lib\site-packages\django\template\base.py", line 843, in _resolve_lookup
    current = current[int(bit)]
ValueError: invalid literal for int() with base 10: 'delay_filling'

During handling of the above exception, another exception occurred:

Traceback (most recent call last):
  File "C:\Users\dan\just_django\myenvironmen\lib\site-packages\django\template\base.py", line 848, in _resolve_lookup
    raise VariableDoesNotExist("Failed lookup for key "
django.template.base.VariableDoesNotExist: Failed lookup for key [delay_filling] in [{'True': True, 'False': False, 'None': None}, {'csrf_token': <SimpleLazyObject: <function csrf.<locals>._get_val at 0x0000018D56D7B280>>, 'request': <WSGIRequest: GET '/demo/'>, 'user': <SimpleLazyObject: <User: sa1212-0>>, 'perms': <django.contrib.auth.context_processors.PermWrapper object at 0x0000018D56DA9040>, 'messages': <django.contrib.messages.storage.fallback.FallbackStorage object at 0x0000018D56D79D90>, 'DEFAULT_MESSAGE_LEVELS': {'DEBUG': 10, 'INFO': 20, 'SUCCESS': 25, 'WARNING': 30, 'ERROR': 40}, 'table_search_context': <fx.tables.SearchMember object at 0x0000018D56DB67C0>}, {}, {'code': 'member-partial-payment', 'preference': 5, 'search_receiver': <fx.tables.SearchMember object at 0x0000018D56DB67C0>}, {'code': 'member-partial-payment', 'Options': {'total_records': 10, 'rows_per_page': 5, 'rows_option_list': [3, 5, 10, 20, 30, 50, 100], 'filter_field_value': '', 'filter_field': ''}, 'preference': 5}]
DEBUG 2020-12-26 04:51:59,644 base 9120 21740 Exception while resolving variable 'table' in template 'fx/venture/test.html'.
Traceback (most recent call last):
  File "C:\Users\dan\just_django\myenvironmen\lib\site-packages\django\template\base.py", line 829, in _resolve_lookup
    current = current[bit]
  File "C:\Users\dan\just_django\myenvironmen\lib\site-packages\django\template\context.py", line 83, in __getitem__
    raise KeyError(key)
KeyError: 'table'

During handling of the above exception, another exception occurred:

Traceback (most recent call last):
  File "C:\Users\dan\just_django\myenvironmen\lib\site-packages\django\template\base.py", line 835, in _resolve_lookup
    if isinstance(current, BaseContext) and getattr(type(current), bit):
AttributeError: type object 'RequestContext' has no attribute 'table'

During handling of the above exception, another exception occurred:

Traceback (most recent call last):
  File "C:\Users\dan\just_django\myenvironmen\lib\site-packages\django\template\base.py", line 843, in _resolve_lookup
    current = current[int(bit)]
ValueError: invalid literal for int() with base 10: 'table'

During handling of the above exception, another exception occurred:

Traceback (most recent call last):
  File "C:\Users\dan\just_django\myenvironmen\lib\site-packages\django\template\base.py", line 848, in _resolve_lookup
    raise VariableDoesNotExist("Failed lookup for key "
django.template.base.VariableDoesNotExist: Failed lookup for key [table] in [{'True': True, 'False': False, 'None': None}, {'csrf_token': <SimpleLazyObject: <function csrf.<locals>._get_val at 0x0000018D56D7B280>>, 'request': <WSGIRequest: GET '/demo/'>, 'user': <SimpleLazyObject: <User: sa1212-0>>, 'perms': <django.contrib.auth.context_processors.PermWrapper object at 0x0000018D56DA9040>, 'messages': <django.contrib.messages.storage.fallback.FallbackStorage object at 0x0000018D56D79D90>, 'DEFAULT_MESSAGE_LEVELS': {'DEBUG': 10, 'INFO': 20, 'SUCCESS': 25, 'WARNING': 30, 'ERROR': 40}, 'table_search_context': <fx.tables.SearchMember object at 0x0000018D56DB67C0>}, {}, {'code': 'member-partial-payment', 'preference': 5, 'search_receiver': <fx.tables.SearchMember object at 0x0000018D56DB67C0>}]
DEBUG 2020-12-26 04:51:59,644 base 9120 21740 Exception while resolving variable 'venture' in template 'fx/venture/test.html'.
Traceback (most recent call last):
  File "C:\Users\dan\just_django\myenvironmen\lib\site-packages\django\template\base.py", line 829, in _resolve_lookup
    current = current[bit]
  File "C:\Users\dan\just_django\myenvironmen\lib\site-packages\django\template\context.py", line 83, in __getitem__
    raise KeyError(key)
KeyError: 'venture'

During handling of the above exception, another exception occurred:

Traceback (most recent call last):
  File "C:\Users\dan\just_django\myenvironmen\lib\site-packages\django\template\base.py", line 835, in _resolve_lookup
    if isinstance(current, BaseContext) and getattr(type(current), bit):
AttributeError: type object 'RequestContext' has no attribute 'venture'

During handling of the above exception, another exception occurred:

Traceback (most recent call last):
  File "C:\Users\dan\just_django\myenvironmen\lib\site-packages\django\template\base.py", line 843, in _resolve_lookup
    current = current[int(bit)]
ValueError: invalid literal for int() with base 10: 'venture'

During handling of the above exception, another exception occurred:

Traceback (most recent call last):
  File "C:\Users\dan\just_django\myenvironmen\lib\site-packages\django\template\base.py", line 848, in _resolve_lookup
    raise VariableDoesNotExist("Failed lookup for key "
django.template.base.VariableDoesNotExist: Failed lookup for key [venture] in [{'True': True, 'False': False, 'None': None}, {'csrf_token': <SimpleLazyObject: <function csrf.<locals>._get_val at 0x0000018D56D7B280>>, 'request': <WSGIRequest: GET '/demo/'>, 'user': <SimpleLazyObject: <User: sa1212-0>>, 'perms': <django.contrib.auth.context_processors.PermWrapper object at 0x0000018D56DA9040>, 'messages': <django.contrib.messages.storage.fallback.FallbackStorage object at 0x0000018D56D79D90>, 'DEFAULT_MESSAGE_LEVELS': {'DEBUG': 10, 'INFO': 20, 'SUCCESS': 25, 'WARNING': 30, 'ERROR': 40}, 'table_search_context': <fx.tables.SearchMember object at 0x0000018D56DB67C0>}, {}]
INFO 2020-12-26 04:51:59,646 basehttp 9120 21740 "GET /demo/ HTTP/1.1" 200 28755
DEBUG 2020-12-26 04:52:00,427 autoreload 9120 1896 File C:\Users\dan\just_django\tryjango\fx\context_processors.py first seen with mtime 1607432524.3361127
DEBUG 2020-12-26 04:52:00,428 autoreload 9120 1896 File C:\Users\dan\just_django\myenvironmen\Lib\site-packages\django\contrib\messages\storage\session.py first seen with mtime 1605589997.306451
DEBUG 2020-12-26 04:52:00,428 autoreload 9120 1896 File C:\Users\dan\just_django\myenvironmen\Lib\site-packages\django\template\loaders\base.py first seen with mtime 1605589999.4617238
DEBUG 2020-12-26 04:52:00,429 autoreload 9120 1896 File C:\Users\dan\just_django\myenvironmen\Lib\site-packages\django\contrib\auth\context_processors.py first seen with mtime 1605589994.88517
DEBUG 2020-12-26 04:52:00,430 autoreload 9120 1896 File C:\Users\dan\just_django\myenvironmen\Lib\site-packages\django\contrib\sessions\serializers.py first seen with mtime 1605589998.0554461
DEBUG 2020-12-26 04:52:00,430 autoreload 9120 1896 File C:\Users\dan\just_django\myenvironmen\Lib\site-packages\django\contrib\messages\utils.py first seen with mtime 1605589997.2954738
DEBUG 2020-12-26 04:52:00,431 autoreload 9120 1896 File C:\Users\dan\just_django\myenvironmen\Lib\site-packages\django\template\loaders\filesystem.py first seen with mtime 1605589999.4657156
DEBUG 2020-12-26 04:52:00,434 autoreload 9120 1896 File C:\Users\dan\just_django\myenvironmen\Lib\site-packages\django\contrib\messages\context_processors.py first seen with mtime 1605589997.2924862
DEBUG 2020-12-26 04:52:00,437 autoreload 9120 1896 File C:\Users\dan\just_django\myenvironmen\Lib\site-packages\django\contrib\messages\storage\fallback.py first seen with mtime 1605589997.30445
DEBUG 2020-12-26 04:52:00,438 autoreload 9120 1896 File C:\Users\dan\just_django\myenvironmen\Lib\site-packages\django\template\loaders\app_directories.py first seen with mtime 1605589999.4607284
DEBUG 2020-12-26 04:52:00,439 autoreload 9120 1896 File C:\Users\dan\just_django\myenvironmen\Lib\site-packages\django\contrib\messages\storage\cookie.py first seen with mtime 1605589997.302458
DEBUG 2020-12-26 04:52:00,451 autoreload 9120 1896 File C:\Users\dan\just_django\myenvironmen\Lib\site-packages\django\contrib\staticfiles\storage.py first seen with mtime 1605589998.8941987
DEBUG 2020-12-26 04:52:00,451 autoreload 9120 1896 File C:\Users\dan\just_django\myenvironmen\Lib\site-packages\django\template\context_processors.py first seen with mtime 1605589999.4318047
DEBUG 2020-12-26 04:52:00,455 autoreload 9120 1896 File C:\Users\dan\just_django\myenvironmen\Lib\site-packages\django\conf\locale\en\formats.py first seen with mtime 1605589993.4460087
DEBUG 2020-12-26 04:52:00,457 autoreload 9120 1896 File C:\Users\dan\just_django\myenvironmen\Lib\site-packages\django\contrib\messages\storage\base.py first seen with mtime 1605589997.3014622
DEBUG 2020-12-26 04:52:00,458 autoreload 9120 1896 File C:\Users\dan\just_django\myenvironmen\Lib\site-packages\django\conf\locale\en\__init__.py first seen with mtime 1605589993.444021
DEBUG 2020-12-26 04:52:00,458 autoreload 9120 1896 File C:\Users\dan\just_django\myenvironmen\Lib\site-packages\django\template\loaders\__init__.py first seen with mtime 1605589999.4577334
INFO 2020-12-26 04:52:02,635 basehttp 9120 21740 "GET /demo/?button_text=%20GET%20 HTTP/1.1" 200 30
INFO 2020-12-26 04:53:18,304 basehttp 9120 21740 "GET /demo/?button_text=1608929522.635047 HTTP/1.1" 200 30
INFO 2020-12-26 04:53:25,617 basehttp 9120 21740 "POST /demo/ HTTP/1.1" 200 23
