INFO 2020-12-23 12:45:34,292 autoreload 15756 7164 Watching for file changes with StatReloader
INFO 2020-12-23 12:45:39,124 basehttp 15756 6308 "GET / HTTP/1.1" 200 40876
INFO 2020-12-23 12:45:39,156 basehttp 15756 6308 "GET /static/css/nicepage.css HTTP/1.1" 304 0
INFO 2020-12-23 12:45:39,162 basehttp 15756 6308 "GET /static/css/Home.css HTTP/1.1" 304 0
INFO 2020-12-23 12:45:39,164 basehttp 15756 21412 "GET /static/js/jquery.js HTTP/1.1" 304 0
INFO 2020-12-23 12:45:39,165 basehttp 15756 20976 "GET /static/js/nicepage.js HTTP/1.1" 304 0
INFO 2020-12-23 12:45:39,166 basehttp 15756 21412 "GET /static/img/image/logo1.jpg HTTP/1.1" 304 0
INFO 2020-12-23 12:45:42,377 basehttp 15756 6308 "GET /services/ HTTP/1.1" 200 59493
INFO 2020-12-23 12:45:42,400 basehttp 15756 20976 "GET /static/css/Services.css HTTP/1.1" 304 0
WARNING 2020-12-23 12:48:20,487 log 15756 23812 Not Found: /favicon.ico
WARNING 2020-12-23 12:48:20,488 basehttp 15756 23812 "GET /favicon.ico HTTP/1.1" 404 11863
WARNING 2020-12-23 12:48:42,325 log 15756 23812 Not Found: /about/
WARNING 2020-12-23 12:48:42,325 basehttp 15756 23812 "GET /about/ HTTP/1.1" 404 11848
WARNING 2020-12-23 12:48:42,374 log 15756 23812 Not Found: /favicon.ico
WARNING 2020-12-23 12:48:42,375 basehttp 15756 23812 "GET /favicon.ico HTTP/1.1" 404 11863
INFO 2020-12-23 13:52:53,163 basehttp 15756 31380 "GET / HTTP/1.1" 200 41157
INFO 2020-12-23 13:52:53,657 basehttp 15756 29176 "GET /static/css/Home.css HTTP/1.1" 200 8299
INFO 2020-12-23 13:52:53,659 basehttp 15756 31080 "GET /static/js/jquery.js HTTP/1.1" 200 92660
INFO 2020-12-23 13:52:53,659 basehttp 15756 13864 "GET /static/js/nicepage.js HTTP/1.1" 200 150693
INFO 2020-12-23 13:52:53,666 basehttp 15756 31380 "GET /static/css/nicepage.css HTTP/1.1" 200 937934
INFO 2020-12-23 13:52:54,175 basehttp 15756 13864 "GET /static/img/image/logo1.jpg HTTP/1.1" 200 40861
WARNING 2020-12-23 13:52:54,250 log 15756 13864 Not Found: /favicon.ico
WARNING 2020-12-23 13:52:54,250 basehttp 15756 13864 "GET /favicon.ico HTTP/1.1" 404 11863
ERROR 2020-12-23 13:55:18,146 log 15756 26068 Internal Server Error: /
Traceback (most recent call last):
  File "C:\Users\dan\just_django\myenvironmen\lib\site-packages\django\template\base.py", line 470, in parse
    compile_func = self.tags[command]
KeyError: 'static'

During handling of the above exception, another exception occurred:

Traceback (most recent call last):
  File "C:\Users\dan\just_django\myenvironmen\lib\site-packages\django\core\handlers\exception.py", line 47, in inner
    response = get_response(request)
  File "C:\Users\dan\just_django\myenvironmen\lib\site-packages\django\core\handlers\base.py", line 179, in _get_response
    response = wrapped_callback(request, *callback_args, **callback_kwargs)
  File "C:\Users\dan\just_django\tryjango\fx\views.py", line 2350, in my_home_page
    return render(request, "fx/users/mainpage.html", {})
  File "C:\Users\dan\just_django\myenvironmen\lib\site-packages\django\shortcuts.py", line 19, in render
    content = loader.render_to_string(template_name, context, request, using=using)
  File "C:\Users\dan\just_django\myenvironmen\lib\site-packages\django\template\loader.py", line 61, in render_to_string
    template = get_template(template_name, using=using)
  File "C:\Users\dan\just_django\myenvironmen\lib\site-packages\django\template\loader.py", line 15, in get_template
    return engine.get_template(template_name)
  File "C:\Users\dan\just_django\myenvironmen\lib\site-packages\django\template\backends\django.py", line 34, in get_template
    return Template(self.engine.get_template(template_name), self)
  File "C:\Users\dan\just_django\myenvironmen\lib\site-packages\django\template\engine.py", line 143, in get_template
    template, origin = self.find_template(template_name)
  File "C:\Users\dan\just_django\myenvironmen\lib\site-packages\django\template\engine.py", line 125, in find_template
    template = loader.get_template(name, skip=skip)
  File "C:\Users\dan\just_django\myenvironmen\lib\site-packages\django\template\loaders\base.py", line 29, in get_template
    return Template(
  File "C:\Users\dan\just_django\myenvironmen\lib\site-packages\django\template\base.py", line 155, in __init__
    self.nodelist = self.compile_nodelist()
  File "C:\Users\dan\just_django\myenvironmen\lib\site-packages\django\template\base.py", line 193, in compile_nodelist
    return parser.parse()
  File "C:\Users\dan\just_django\myenvironmen\lib\site-packages\django\template\base.py", line 478, in parse
    raise self.error(token, e)
  File "C:\Users\dan\just_django\myenvironmen\lib\site-packages\django\template\base.py", line 476, in parse
    compiled_result = compile_func(self, token)
  File "C:\Users\dan\just_django\myenvironmen\lib\site-packages\django\template\loader_tags.py", line 270, in do_extends
    nodelist = parser.parse()
  File "C:\Users\dan\just_django\myenvironmen\lib\site-packages\django\template\base.py", line 478, in parse
    raise self.error(token, e)
  File "C:\Users\dan\just_django\myenvironmen\lib\site-packages\django\template\base.py", line 476, in parse
    compiled_result = compile_func(self, token)
  File "C:\Users\dan\just_django\myenvironmen\lib\site-packages\django\template\loader_tags.py", line 213, in do_block
    nodelist = parser.parse(('endblock',))
  File "C:\Users\dan\just_django\myenvironmen\lib\site-packages\django\template\base.py", line 472, in parse
    self.invalid_block_tag(token, command, parse_until)
  File "C:\Users\dan\just_django\myenvironmen\lib\site-packages\django\template\base.py", line 522, in invalid_block_tag
    raise self.error(
django.template.exceptions.TemplateSyntaxError: Invalid block tag on line 6: 'static', expected 'endblock'. Did you forget to register or load this tag?
ERROR 2020-12-23 13:55:18,161 basehttp 15756 26068 "GET / HTTP/1.1" 500 161688
WARNING 2020-12-23 13:55:18,406 log 15756 26068 Not Found: /favicon.ico
WARNING 2020-12-23 13:55:18,408 basehttp 15756 26068 "GET /favicon.ico HTTP/1.1" 404 11863
ERROR 2020-12-23 13:55:23,202 log 15756 26068 Internal Server Error: /
Traceback (most recent call last):
  File "C:\Users\dan\just_django\myenvironmen\lib\site-packages\django\template\base.py", line 470, in parse
    compile_func = self.tags[command]
KeyError: 'static'

During handling of the above exception, another exception occurred:

Traceback (most recent call last):
  File "C:\Users\dan\just_django\myenvironmen\lib\site-packages\django\core\handlers\exception.py", line 47, in inner
    response = get_response(request)
  File "C:\Users\dan\just_django\myenvironmen\lib\site-packages\django\core\handlers\base.py", line 179, in _get_response
    response = wrapped_callback(request, *callback_args, **callback_kwargs)
  File "C:\Users\dan\just_django\tryjango\fx\views.py", line 2350, in my_home_page
    return render(request, "fx/users/mainpage.html", {})
  File "C:\Users\dan\just_django\myenvironmen\lib\site-packages\django\shortcuts.py", line 19, in render
    content = loader.render_to_string(template_name, context, request, using=using)
  File "C:\Users\dan\just_django\myenvironmen\lib\site-packages\django\template\loader.py", line 61, in render_to_string
    template = get_template(template_name, using=using)
  File "C:\Users\dan\just_django\myenvironmen\lib\site-packages\django\template\loader.py", line 15, in get_template
    return engine.get_template(template_name)
  File "C:\Users\dan\just_django\myenvironmen\lib\site-packages\django\template\backends\django.py", line 34, in get_template
    return Template(self.engine.get_template(template_name), self)
  File "C:\Users\dan\just_django\myenvironmen\lib\site-packages\django\template\engine.py", line 143, in get_template
    template, origin = self.find_template(template_name)
  File "C:\Users\dan\just_django\myenvironmen\lib\site-packages\django\template\engine.py", line 125, in find_template
    template = loader.get_template(name, skip=skip)
  File "C:\Users\dan\just_django\myenvironmen\lib\site-packages\django\template\loaders\base.py", line 29, in get_template
    return Template(
  File "C:\Users\dan\just_django\myenvironmen\lib\site-packages\django\template\base.py", line 155, in __init__
    self.nodelist = self.compile_nodelist()
  File "C:\Users\dan\just_django\myenvironmen\lib\site-packages\django\template\base.py", line 193, in compile_nodelist
    return parser.parse()
  File "C:\Users\dan\just_django\myenvironmen\lib\site-packages\django\template\base.py", line 478, in parse
    raise self.error(token, e)
  File "C:\Users\dan\just_django\myenvironmen\lib\site-packages\django\template\base.py", line 476, in parse
    compiled_result = compile_func(self, token)
  File "C:\Users\dan\just_django\myenvironmen\lib\site-packages\django\template\loader_tags.py", line 270, in do_extends
    nodelist = parser.parse()
  File "C:\Users\dan\just_django\myenvironmen\lib\site-packages\django\template\base.py", line 478, in parse
    raise self.error(token, e)
  File "C:\Users\dan\just_django\myenvironmen\lib\site-packages\django\template\base.py", line 476, in parse
    compiled_result = compile_func(self, token)
  File "C:\Users\dan\just_django\myenvironmen\lib\site-packages\django\template\loader_tags.py", line 213, in do_block
    nodelist = parser.parse(('endblock',))
  File "C:\Users\dan\just_django\myenvironmen\lib\site-packages\django\template\base.py", line 472, in parse
    self.invalid_block_tag(token, command, parse_until)
  File "C:\Users\dan\just_django\myenvironmen\lib\site-packages\django\template\base.py", line 522, in invalid_block_tag
    raise self.error(
django.template.exceptions.TemplateSyntaxError: Invalid block tag on line 6: 'static', expected 'endblock'. Did you forget to register or load this tag?
ERROR 2020-12-23 13:55:23,205 basehttp 15756 26068 "GET / HTTP/1.1" 500 161688
WARNING 2020-12-23 13:55:23,258 log 15756 26068 Not Found: /favicon.ico
WARNING 2020-12-23 13:55:23,258 basehttp 15756 26068 "GET /favicon.ico HTTP/1.1" 404 11863
INFO 2020-12-23 13:58:31,854 basehttp 15756 29732 "GET / HTTP/1.1" 200 41174
INFO 2020-12-23 13:58:31,914 basehttp 15756 29732 "GET /static/css/Home.css HTTP/1.1" 200 8299
INFO 2020-12-23 13:58:31,929 basehttp 15756 29732 "GET /static/js/jquery.js HTTP/1.1" 200 92660
INFO 2020-12-23 13:58:31,933 basehttp 15756 9732 "GET /static/js/nicepage.js HTTP/1.1" 200 150693
INFO 2020-12-23 13:58:31,937 basehttp 15756 28352 "GET /static/css/nicepage.css HTTP/1.1" 200 937934
INFO 2020-12-23 13:58:31,947 basehttp 15756 9732 "GET /static/img/image/logo1.jpg HTTP/1.1" 200 40861
WARNING 2020-12-23 13:58:33,053 log 15756 28352 Not Found: /favicon.ico
WARNING 2020-12-23 13:58:33,054 basehttp 15756 28352 "GET /favicon.ico HTTP/1.1" 404 11863
INFO 2020-12-23 13:59:28,714 basehttp 15756 28352 "GET / HTTP/1.1" 200 41207
INFO 2020-12-23 14:00:13,027 basehttp 15756 28352 "GET / HTTP/1.1" 200 41166
INFO 2020-12-23 14:00:30,702 basehttp 15756 28352 "GET /services/ HTTP/1.1" 200 59493
INFO 2020-12-23 14:02:52,384 basehttp 15756 18540 "GET / HTTP/1.1" 200 41175
INFO 2020-12-23 14:02:59,391 basehttp 15756 18540 "GET / HTTP/1.1" 200 41175
INFO 2020-12-23 14:03:00,756 basehttp 15756 18540 "GET / HTTP/1.1" 200 41175
INFO 2020-12-23 14:03:03,097 basehttp 15756 18540 "GET / HTTP/1.1" 200 41175
INFO 2020-12-23 14:08:17,501 basehttp 15756 10544 "GET / HTTP/1.1" 200 41175
INFO 2020-12-23 14:08:19,188 basehttp 15756 10544 "GET / HTTP/1.1" 200 41175
INFO 2020-12-23 14:08:23,949 basehttp 15756 10544 "GET /services/ HTTP/1.1" 200 59583
INFO 2020-12-23 14:08:24,034 basehttp 15756 29476 "GET /static/css/Services.css HTTP/1.1" 200 5486
WARNING 2020-12-23 14:08:29,162 log 15756 10544 Not Found: /services/Home.html
WARNING 2020-12-23 14:08:29,163 basehttp 15756 10544 "GET /services/Home.html HTTP/1.1" 404 11884
INFO 2020-12-23 14:09:27,637 basehttp 15756 10544 "GET /services/ HTTP/1.1" 200 59583
ERROR 2020-12-23 14:13:18,292 log 15756 4932 Internal Server Error: /
Traceback (most recent call last):
  File "C:\Users\dan\just_django\myenvironmen\lib\site-packages\django\core\handlers\exception.py", line 47, in inner
    response = get_response(request)
  File "C:\Users\dan\just_django\myenvironmen\lib\site-packages\django\core\handlers\base.py", line 179, in _get_response
    response = wrapped_callback(request, *callback_args, **callback_kwargs)
  File "C:\Users\dan\just_django\tryjango\fx\views.py", line 2350, in my_home_page
    return render(request, "fx/users/mainpage.html", {})
  File "C:\Users\dan\just_django\myenvironmen\lib\site-packages\django\shortcuts.py", line 19, in render
    content = loader.render_to_string(template_name, context, request, using=using)
  File "C:\Users\dan\just_django\myenvironmen\lib\site-packages\django\template\loader.py", line 62, in render_to_string
    return template.render(context, request)
  File "C:\Users\dan\just_django\myenvironmen\lib\site-packages\django\template\backends\django.py", line 61, in render
    return self.template.render(context)
  File "C:\Users\dan\just_django\myenvironmen\lib\site-packages\django\template\base.py", line 170, in render
    return self._render(context)
  File "C:\Users\dan\just_django\myenvironmen\lib\site-packages\django\template\base.py", line 162, in _render
    return self.nodelist.render(context)
  File "C:\Users\dan\just_django\myenvironmen\lib\site-packages\django\template\base.py", line 938, in render
    bit = node.render_annotated(context)
  File "C:\Users\dan\just_django\myenvironmen\lib\site-packages\django\template\base.py", line 905, in render_annotated
    return self.render(context)
  File "C:\Users\dan\just_django\myenvironmen\lib\site-packages\django\template\loader_tags.py", line 127, in render
    compiled_parent = self.get_parent(context)
  File "C:\Users\dan\just_django\myenvironmen\lib\site-packages\django\template\loader_tags.py", line 124, in get_parent
    return self.find_template(parent, context)
  File "C:\Users\dan\just_django\myenvironmen\lib\site-packages\django\template\loader_tags.py", line 103, in find_template
    template, origin = context.template.engine.find_template(
  File "C:\Users\dan\just_django\myenvironmen\lib\site-packages\django\template\engine.py", line 125, in find_template
    template = loader.get_template(name, skip=skip)
  File "C:\Users\dan\just_django\myenvironmen\lib\site-packages\django\template\loaders\base.py", line 29, in get_template
    return Template(
  File "C:\Users\dan\just_django\myenvironmen\lib\site-packages\django\template\base.py", line 155, in __init__
    self.nodelist = self.compile_nodelist()
  File "C:\Users\dan\just_django\myenvironmen\lib\site-packages\django\template\base.py", line 193, in compile_nodelist
    return parser.parse()
  File "C:\Users\dan\just_django\myenvironmen\lib\site-packages\django\template\base.py", line 478, in parse
    raise self.error(token, e)
  File "C:\Users\dan\just_django\myenvironmen\lib\site-packages\django\template\base.py", line 476, in parse
    compiled_result = compile_func(self, token)
  File "C:\Users\dan\just_django\myenvironmen\lib\site-packages\django\template\defaulttags.py", line 1372, in url
    viewname = parser.compile_filter(bits[1])
  File "C:\Users\dan\just_django\myenvironmen\lib\site-packages\django\template\base.py", line 563, in compile_filter
    return FilterExpression(token, self)
  File "C:\Users\dan\just_django\myenvironmen\lib\site-packages\django\template\base.py", line 662, in __init__
    raise TemplateSyntaxError("Could not parse the remainder: '%s' "
django.template.exceptions.TemplateSyntaxError: Could not parse the remainder: ''fx:home_page_url' from ''fx:home_page_url'
ERROR 2020-12-23 14:13:18,296 basehttp 15756 4932 "GET / HTTP/1.1" 500 171177
INFO 2020-12-23 14:14:52,223 basehttp 15756 4932 "GET / HTTP/1.1" 200 41167
INFO 2020-12-23 14:14:55,325 basehttp 15756 4932 "GET /services/ HTTP/1.1" 200 59575
WARNING 2020-12-23 14:14:56,951 log 15756 4932 Not Found: /services/Home.html
WARNING 2020-12-23 14:14:56,952 basehttp 15756 4932 "GET /services/Home.html HTTP/1.1" 404 11884
WARNING 2020-12-23 14:16:26,371 log 15756 4932 Not Found: /favicon.ico
WARNING 2020-12-23 14:16:26,373 basehttp 15756 4932 "GET /favicon.ico HTTP/1.1" 404 11863
INFO 2020-12-23 14:16:27,626 basehttp 15756 4932 "GET / HTTP/1.1" 200 41168
INFO 2020-12-23 14:16:27,654 basehttp 15756 4932 "GET /static/css/Home.css HTTP/1.1" 200 8299
INFO 2020-12-23 14:16:27,666 basehttp 15756 8056 "GET /static/js/jquery.js HTTP/1.1" 200 92660
INFO 2020-12-23 14:16:27,668 basehttp 15756 30680 "GET /static/js/nicepage.js HTTP/1.1" 200 150693
INFO 2020-12-23 14:16:27,675 basehttp 15756 4932 "GET /static/css/nicepage.css HTTP/1.1" 200 937934
INFO 2020-12-23 14:16:28,408 basehttp 15756 30680 "GET /static/img/image/logo1.jpg HTTP/1.1" 200 40861
WARNING 2020-12-23 14:16:28,469 log 15756 30680 Not Found: /favicon.ico
WARNING 2020-12-23 14:16:28,470 basehttp 15756 30680 "GET /favicon.ico HTTP/1.1" 404 11863
INFO 2020-12-23 14:16:36,427 basehttp 15756 4932 "GET / HTTP/1.1" 200 41168
INFO 2020-12-23 14:16:36,473 basehttp 15756 30680 "GET /static/css/Home.css HTTP/1.1" 200 8299
INFO 2020-12-23 14:16:36,475 basehttp 15756 4932 "GET /static/js/jquery.js HTTP/1.1" 200 92660
INFO 2020-12-23 14:16:36,481 basehttp 15756 30680 "GET /static/js/nicepage.js HTTP/1.1" 200 150693
INFO 2020-12-23 14:16:36,483 basehttp 15756 8056 "GET /static/css/nicepage.css HTTP/1.1" 200 937934
INFO 2020-12-23 14:16:36,592 basehttp 15756 8056 "GET /static/img/image/logo1.jpg HTTP/1.1" 200 40861
WARNING 2020-12-23 14:16:36,728 log 15756 8056 Not Found: /favicon.ico
WARNING 2020-12-23 14:16:36,729 basehttp 15756 8056 "GET /favicon.ico HTTP/1.1" 404 11863
INFO 2020-12-23 14:17:06,304 basehttp 15756 4932 "GET / HTTP/1.1" 200 41175
INFO 2020-12-23 14:17:06,369 basehttp 15756 8056 "GET /static/css/Home.css HTTP/1.1" 200 8299
INFO 2020-12-23 14:17:06,372 basehttp 15756 4932 "GET /static/js/jquery.js HTTP/1.1" 200 92660
INFO 2020-12-23 14:17:06,374 basehttp 15756 6224 "GET /static/js/nicepage.js HTTP/1.1" 200 150693
INFO 2020-12-23 14:17:06,377 basehttp 15756 30680 "GET /static/css/nicepage.css HTTP/1.1" 200 937934
INFO 2020-12-23 14:17:06,493 basehttp 15756 8056 "GET /static/img/image/logo1.jpg HTTP/1.1" 200 40861
WARNING 2020-12-23 14:17:06,591 log 15756 30680 Not Found: /favicon.ico
WARNING 2020-12-23 14:17:06,592 basehttp 15756 30680 "GET /favicon.ico HTTP/1.1" 404 11863
INFO 2020-12-23 14:17:13,827 basehttp 15756 4932 "GET / HTTP/1.1" 200 41175
INFO 2020-12-23 14:17:13,881 basehttp 15756 8056 "GET /static/css/Home.css HTTP/1.1" 200 8299
INFO 2020-12-23 14:17:13,884 basehttp 15756 6224 "GET /static/js/jquery.js HTTP/1.1" 200 92660
INFO 2020-12-23 14:17:13,886 basehttp 15756 4932 "GET /static/js/nicepage.js HTTP/1.1" 200 150693
INFO 2020-12-23 14:17:13,892 basehttp 15756 30680 "GET /static/css/nicepage.css HTTP/1.1" 200 937934
INFO 2020-12-23 14:17:14,073 basehttp 15756 8056 "GET /static/img/image/logo1.jpg HTTP/1.1" 200 40861
WARNING 2020-12-23 14:17:14,422 log 15756 30680 Not Found: /favicon.ico
WARNING 2020-12-23 14:17:14,423 basehttp 15756 30680 "GET /favicon.ico HTTP/1.1" 404 11863
INFO 2020-12-23 14:17:16,422 basehttp 15756 4932 "GET / HTTP/1.1" 200 41175
INFO 2020-12-23 14:17:16,463 basehttp 15756 8056 "GET /static/css/Home.css HTTP/1.1" 200 8299
INFO 2020-12-23 14:17:16,466 basehttp 15756 6224 "GET /static/js/jquery.js HTTP/1.1" 200 92660
INFO 2020-12-23 14:17:16,468 basehttp 15756 4932 "GET /static/js/nicepage.js HTTP/1.1" 200 150693
INFO 2020-12-23 14:17:16,472 basehttp 15756 30680 "GET /static/css/nicepage.css HTTP/1.1" 200 937934
INFO 2020-12-23 14:17:16,571 basehttp 15756 8056 "GET /static/img/image/logo1.jpg HTTP/1.1" 200 40861
WARNING 2020-12-23 14:17:16,754 log 15756 30680 Not Found: /favicon.ico
WARNING 2020-12-23 14:17:16,754 basehttp 15756 30680 "GET /favicon.ico HTTP/1.1" 404 11863
INFO 2020-12-23 14:17:34,350 basehttp 15756 4932 "GET / HTTP/1.1" 200 41177
INFO 2020-12-23 14:17:34,379 basehttp 15756 8056 "GET /static/css/Home.css HTTP/1.1" 200 8299
INFO 2020-12-23 14:17:34,391 basehttp 15756 8056 "GET /static/js/jquery.js HTTP/1.1" 200 92660
INFO 2020-12-23 14:17:34,392 basehttp 15756 6224 "GET /static/js/nicepage.js HTTP/1.1" 200 150693
INFO 2020-12-23 14:17:34,398 basehttp 15756 30680 "GET /static/css/nicepage.css HTTP/1.1" 200 937934
INFO 2020-12-23 14:17:34,517 basehttp 15756 8056 "GET /static/img/image/logo1.jpg HTTP/1.1" 200 40861
WARNING 2020-12-23 14:17:34,831 log 15756 30680 Not Found: /favicon.ico
WARNING 2020-12-23 14:17:34,832 basehttp 15756 30680 "GET /favicon.ico HTTP/1.1" 404 11863
INFO 2020-12-23 14:17:37,527 basehttp 15756 4932 "GET / HTTP/1.1" 200 41177
INFO 2020-12-23 14:17:37,572 basehttp 15756 8056 "GET /static/css/Home.css HTTP/1.1" 200 8299
INFO 2020-12-23 14:17:37,574 basehttp 15756 6224 "GET /static/js/jquery.js HTTP/1.1" 200 92660
INFO 2020-12-23 14:17:37,575 basehttp 15756 4932 "GET /static/js/nicepage.js HTTP/1.1" 200 150693
INFO 2020-12-23 14:17:37,582 basehttp 15756 30680 "GET /static/css/nicepage.css HTTP/1.1" 200 937934
INFO 2020-12-23 14:17:37,687 basehttp 15756 8056 "GET /static/img/image/logo1.jpg HTTP/1.1" 200 40861
WARNING 2020-12-23 14:17:38,095 log 15756 30680 Not Found: /favicon.ico
WARNING 2020-12-23 14:17:38,097 basehttp 15756 30680 "GET /favicon.ico HTTP/1.1" 404 11863
INFO 2020-12-23 14:19:16,459 basehttp 15756 4932 "GET / HTTP/1.1" 200 41175
INFO 2020-12-23 14:19:16,500 basehttp 15756 8056 "GET /static/css/Home.css HTTP/1.1" 200 8299
INFO 2020-12-23 14:19:16,505 basehttp 15756 6224 "GET /static/js/jquery.js HTTP/1.1" 200 92660
INFO 2020-12-23 14:19:16,506 basehttp 15756 4932 "GET /static/js/nicepage.js HTTP/1.1" 200 150693
INFO 2020-12-23 14:19:16,510 basehttp 15756 30680 "GET /static/css/nicepage.css HTTP/1.1" 200 937934
INFO 2020-12-23 14:19:17,049 basehttp 15756 8056 "GET /static/img/image/logo1.jpg HTTP/1.1" 200 40861
WARNING 2020-12-23 14:19:17,086 log 15756 30680 Not Found: /favicon.ico
WARNING 2020-12-23 14:19:17,087 basehttp 15756 30680 "GET /favicon.ico HTTP/1.1" 404 11863
INFO 2020-12-23 14:19:51,203 basehttp 15756 4932 "GET / HTTP/1.1" 200 41178
INFO 2020-12-23 14:19:51,241 basehttp 15756 8056 "GET /static/css/Home.css HTTP/1.1" 200 8299
INFO 2020-12-23 14:19:51,243 basehttp 15756 6224 "GET /static/js/jquery.js HTTP/1.1" 200 92660
INFO 2020-12-23 14:19:51,244 basehttp 15756 4932 "GET /static/js/nicepage.js HTTP/1.1" 200 150693
INFO 2020-12-23 14:19:51,250 basehttp 15756 30680 "GET /static/css/nicepage.css HTTP/1.1" 200 937934
INFO 2020-12-23 14:19:51,549 basehttp 15756 8056 "GET /static/img/image/logo1.jpg HTTP/1.1" 200 40861
WARNING 2020-12-23 14:19:51,570 log 15756 30680 Not Found: /favicon.ico
WARNING 2020-12-23 14:19:51,570 basehttp 15756 30680 "GET /favicon.ico HTTP/1.1" 404 11863
INFO 2020-12-23 14:20:10,250 basehttp 15756 4932 "GET / HTTP/1.1" 200 41167
INFO 2020-12-23 14:20:10,313 basehttp 15756 8056 "GET /static/css/Home.css HTTP/1.1" 200 8299
INFO 2020-12-23 14:20:10,315 basehttp 15756 6224 "GET /static/js/jquery.js HTTP/1.1" 200 92660
INFO 2020-12-23 14:20:10,317 basehttp 15756 4932 "GET /static/js/nicepage.js HTTP/1.1" 200 150693
INFO 2020-12-23 14:20:10,323 basehttp 15756 30680 "GET /static/css/nicepage.css HTTP/1.1" 200 937934
INFO 2020-12-23 14:20:10,450 basehttp 15756 8056 "GET /static/img/image/logo1.jpg HTTP/1.1" 200 40861
WARNING 2020-12-23 14:20:11,013 log 15756 30680 Not Found: /favicon.ico
WARNING 2020-12-23 14:20:11,013 basehttp 15756 30680 "GET /favicon.ico HTTP/1.1" 404 11863
INFO 2020-12-23 14:20:13,096 basehttp 15756 4932 "GET / HTTP/1.1" 200 41167
INFO 2020-12-23 14:20:13,163 basehttp 15756 8056 "GET /static/css/Home.css HTTP/1.1" 200 8299
INFO 2020-12-23 14:20:13,167 basehttp 15756 6224 "GET /static/js/jquery.js HTTP/1.1" 200 92660
INFO 2020-12-23 14:20:13,168 basehttp 15756 4932 "GET /static/js/nicepage.js HTTP/1.1" 200 150693
INFO 2020-12-23 14:20:13,178 basehttp 15756 30680 "GET /static/css/nicepage.css HTTP/1.1" 200 937934
INFO 2020-12-23 14:20:13,358 basehttp 15756 8056 "GET /static/img/image/logo1.jpg HTTP/1.1" 200 40861
WARNING 2020-12-23 14:20:13,701 log 15756 30680 Not Found: /favicon.ico
WARNING 2020-12-23 14:20:13,702 basehttp 15756 30680 "GET /favicon.ico HTTP/1.1" 404 11863
INFO 2020-12-23 14:20:57,714 basehttp 15756 4932 "GET / HTTP/1.1" 200 41167
INFO 2020-12-23 14:20:57,754 basehttp 15756 8056 "GET /static/css/Home.css HTTP/1.1" 200 8299
INFO 2020-12-23 14:20:57,766 basehttp 15756 8056 "GET /static/js/jquery.js HTTP/1.1" 200 92660
INFO 2020-12-23 14:20:57,767 basehttp 15756 6224 "GET /static/js/nicepage.js HTTP/1.1" 200 150693
INFO 2020-12-23 14:20:57,769 basehttp 15756 30680 "GET /static/css/nicepage.css HTTP/1.1" 200 937934
INFO 2020-12-23 14:20:58,151 basehttp 15756 8056 "GET /static/img/image/logo1.jpg HTTP/1.1" 200 40861
WARNING 2020-12-23 14:20:58,361 log 15756 30680 Not Found: /favicon.ico
WARNING 2020-12-23 14:20:58,362 basehttp 15756 30680 "GET /favicon.ico HTTP/1.1" 404 11863
INFO 2020-12-23 14:21:00,947 basehttp 15756 4932 "GET / HTTP/1.1" 200 41167
INFO 2020-12-23 14:21:01,045 basehttp 15756 8056 "GET /static/css/Home.css HTTP/1.1" 200 8299
INFO 2020-12-23 14:21:01,049 basehttp 15756 6224 "GET /static/js/jquery.js HTTP/1.1" 200 92660
INFO 2020-12-23 14:21:01,051 basehttp 15756 4932 "GET /static/js/nicepage.js HTTP/1.1" 200 150693
INFO 2020-12-23 14:21:01,060 basehttp 15756 30680 "GET /static/css/nicepage.css HTTP/1.1" 200 937934
INFO 2020-12-23 14:21:01,258 basehttp 15756 8056 "GET /static/img/image/logo1.jpg HTTP/1.1" 200 40861
WARNING 2020-12-23 14:21:01,739 log 15756 30680 Not Found: /favicon.ico
WARNING 2020-12-23 14:21:01,739 basehttp 15756 30680 "GET /favicon.ico HTTP/1.1" 404 11863
INFO 2020-12-23 14:21:14,806 basehttp 15756 4932 "GET /services/ HTTP/1.1" 200 59575
INFO 2020-12-23 14:21:14,888 basehttp 15756 8056 "GET /static/css/Home.css HTTP/1.1" 200 8299
INFO 2020-12-23 14:21:14,890 basehttp 15756 30680 "GET /static/css/Services.css HTTP/1.1" 200 5486
INFO 2020-12-23 14:21:14,905 basehttp 15756 8056 "GET /static/js/jquery.js HTTP/1.1" 200 92660
INFO 2020-12-23 14:21:14,908 basehttp 15756 30680 "GET /static/js/nicepage.js HTTP/1.1" 200 150693
INFO 2020-12-23 14:21:14,911 basehttp 15756 6224 "GET /static/css/nicepage.css HTTP/1.1" 200 937934
INFO 2020-12-23 14:21:15,442 basehttp 15756 8056 "GET /static/img/image/logo1.jpg HTTP/1.1" 200 40861
WARNING 2020-12-23 14:21:15,480 log 15756 30680 Not Found: /favicon.ico
WARNING 2020-12-23 14:21:15,480 basehttp 15756 30680 "GET /favicon.ico HTTP/1.1" 404 11863
INFO 2020-12-23 14:21:19,456 basehttp 15756 4932 "GET / HTTP/1.1" 200 41167
INFO 2020-12-23 14:21:19,516 basehttp 15756 6224 "GET /static/css/Home.css HTTP/1.1" 200 8299
INFO 2020-12-23 14:21:19,520 basehttp 15756 30680 "GET /static/js/jquery.js HTTP/1.1" 200 92660
INFO 2020-12-23 14:21:19,522 basehttp 15756 4932 "GET /static/js/nicepage.js HTTP/1.1" 200 150693
INFO 2020-12-23 14:21:19,527 basehttp 15756 8056 "GET /static/css/nicepage.css HTTP/1.1" 200 937934
INFO 2020-12-23 14:21:19,671 basehttp 15756 6224 "GET /static/img/image/logo1.jpg HTTP/1.1" 200 40861
WARNING 2020-12-23 14:21:20,349 log 15756 30680 Not Found: /favicon.ico
WARNING 2020-12-23 14:21:20,350 basehttp 15756 30680 "GET /favicon.ico HTTP/1.1" 404 11863
INFO 2020-12-23 14:22:02,846 autoreload 15756 7164 C:\Users\dan\just_django\tryjango\fx\urls.py changed, reloading.
INFO 2020-12-23 14:22:03,502 autoreload 9828 28428 Watching for file changes with StatReloader
INFO 2020-12-23 14:22:58,540 basehttp 9828 29636 "GET / HTTP/1.1" 200 41175
INFO 2020-12-23 14:22:58,957 basehttp 9828 29636 "GET /static/css/Home.css HTTP/1.1" 200 8299
INFO 2020-12-23 14:22:58,958 basehttp 9828 17656 "GET /static/js/jquery.js HTTP/1.1" 200 92660
INFO 2020-12-23 14:22:58,958 basehttp 9828 1524 "GET /static/js/nicepage.js HTTP/1.1" 200 150693
INFO 2020-12-23 14:22:58,962 basehttp 9828 18848 "GET /static/css/nicepage.css HTTP/1.1" 200 937934
INFO 2020-12-23 14:22:59,052 basehttp 9828 18848 "GET /static/img/image/logo1.jpg HTTP/1.1" 200 40861
WARNING 2020-12-23 14:22:59,519 log 9828 18848 Not Found: /favicon.ico
WARNING 2020-12-23 14:22:59,520 basehttp 9828 18848 "GET /favicon.ico HTTP/1.1" 404 11863
INFO 2020-12-23 14:23:01,986 basehttp 9828 18848 "GET /services/ HTTP/1.1" 200 59583
INFO 2020-12-23 14:23:02,058 basehttp 9828 1524 "GET /static/css/Services.css HTTP/1.1" 200 5486
INFO 2020-12-23 14:23:02,058 basehttp 9828 18848 "GET /static/css/Home.css HTTP/1.1" 200 8299
INFO 2020-12-23 14:23:02,070 basehttp 9828 18848 "GET /static/js/jquery.js HTTP/1.1" 200 92660
INFO 2020-12-23 14:23:02,072 basehttp 9828 1524 "GET /static/js/nicepage.js HTTP/1.1" 200 150693
INFO 2020-12-23 14:23:02,077 basehttp 9828 17656 "GET /static/css/nicepage.css HTTP/1.1" 200 937934
INFO 2020-12-23 14:23:02,264 basehttp 9828 18848 "GET /static/img/image/logo1.jpg HTTP/1.1" 200 40861
WARNING 2020-12-23 14:23:02,831 log 9828 17656 Not Found: /favicon.ico
WARNING 2020-12-23 14:23:02,831 basehttp 9828 17656 "GET /favicon.ico HTTP/1.1" 404 11863
INFO 2020-12-23 14:23:16,448 basehttp 9828 18848 "GET / HTTP/1.1" 200 41175
INFO 2020-12-23 14:24:18,109 basehttp 9828 17656 "GET / HTTP/1.1" 200 41174
INFO 2020-12-23 14:24:26,751 basehttp 9828 18848 "GET / HTTP/1.1" 200 41174
INFO 2020-12-23 14:24:34,281 basehttp 9828 17656 "GET /contact/ HTTP/1.1" 200 21428
INFO 2020-12-23 14:24:34,324 basehttp 9828 18848 "GET /static/css/Contact.css HTTP/1.1" 304 0
INFO 2020-12-23 14:34:20,231 basehttp 9828 27956 "GET /contact/ HTTP/1.1" 200 21428
WARNING 2020-12-23 14:34:26,632 log 9828 27956 Not Found: /contact/Home.html
WARNING 2020-12-23 14:34:26,633 basehttp 9828 27956 "GET /contact/Home.html HTTP/1.1" 404 11881
INFO 2020-12-23 14:34:34,321 basehttp 9828 27956 "GET / HTTP/1.1" 200 41174
INFO 2020-12-23 14:34:36,936 basehttp 9828 27956 "GET /services/ HTTP/1.1" 200 59582
INFO 2020-12-23 14:34:42,457 basehttp 9828 27956 "GET /services/ HTTP/1.1" 200 59582
INFO 2020-12-23 14:34:56,838 basehttp 9828 27956 "GET / HTTP/1.1" 200 41174
INFO 2020-12-23 14:34:58,573 basehttp 9828 27956 "GET /services/ HTTP/1.1" 200 59582
INFO 2020-12-23 14:34:59,993 basehttp 9828 27956 "GET / HTTP/1.1" 200 41174
INFO 2020-12-23 14:35:01,271 basehttp 9828 27956 "GET /services/ HTTP/1.1" 200 59582
INFO 2020-12-23 14:38:34,038 basehttp 9828 29912 "GET /services/ HTTP/1.1" 200 59582
INFO 2020-12-23 14:38:42,071 basehttp 9828 29912 "GET /services/ HTTP/1.1" 200 59582
INFO 2020-12-23 14:38:44,450 basehttp 9828 29912 "GET / HTTP/1.1" 200 41174
INFO 2020-12-23 14:38:46,080 basehttp 9828 29912 "GET /services/ HTTP/1.1" 200 59582
INFO 2020-12-23 14:38:50,822 basehttp 9828 29912 "GET /services/ HTTP/1.1" 200 59582
INFO 2020-12-23 14:39:04,683 autoreload 9828 28428 C:\Users\dan\just_django\tryjango\fx\urls.py changed, reloading.
INFO 2020-12-23 14:39:05,347 autoreload 12276 10788 Watching for file changes with StatReloader
INFO 2020-12-23 14:39:09,016 autoreload 12276 10788 C:\Users\dan\just_django\tryjango\fx\urls.py changed, reloading.
INFO 2020-12-23 14:39:09,593 autoreload 10104 21356 Watching for file changes with StatReloader
INFO 2020-12-23 14:39:13,207 autoreload 10104 21356 C:\Users\dan\just_django\tryjango\fx\urls.py changed, reloading.
INFO 2020-12-23 14:39:13,827 autoreload 23696 27612 Watching for file changes with StatReloader
INFO 2020-12-23 14:39:43,320 autoreload 23696 27612 C:\Users\dan\just_django\tryjango\fx\user_views.py changed, reloading.
INFO 2020-12-23 14:39:43,955 autoreload 31708 25544 Watching for file changes with StatReloader
INFO 2020-12-23 14:39:46,359 autoreload 31708 25544 C:\Users\dan\just_django\tryjango\fx\user_views.py changed, reloading.
INFO 2020-12-23 14:39:47,241 autoreload 27416 17660 Watching for file changes with StatReloader
INFO 2020-12-23 14:39:50,688 autoreload 27416 17660 C:\Users\dan\just_django\tryjango\fx\user_views.py changed, reloading.
INFO 2020-12-23 14:39:51,386 autoreload 1736 30712 Watching for file changes with StatReloader
INFO 2020-12-23 14:39:56,279 autoreload 1736 30712 C:\Users\dan\just_django\tryjango\fx\user_views.py changed, reloading.
INFO 2020-12-23 14:39:56,945 autoreload 9628 29060 Watching for file changes with StatReloader
INFO 2020-12-23 14:39:58,390 autoreload 9628 29060 C:\Users\dan\just_django\tryjango\fx\user_views.py changed, reloading.
INFO 2020-12-23 14:39:59,136 autoreload 10360 24344 Watching for file changes with StatReloader
INFO 2020-12-23 14:40:00,610 autoreload 10360 24344 C:\Users\dan\just_django\tryjango\fx\user_views.py changed, reloading.
INFO 2020-12-23 14:40:01,257 autoreload 19680 5308 Watching for file changes with StatReloader
INFO 2020-12-23 14:40:02,864 autoreload 19680 5308 C:\Users\dan\just_django\tryjango\fx\user_views.py changed, reloading.
INFO 2020-12-23 14:40:03,618 autoreload 29468 30400 Watching for file changes with StatReloader
INFO 2020-12-23 14:40:07,296 autoreload 29468 30400 C:\Users\dan\just_django\tryjango\fx\user_views.py changed, reloading.
INFO 2020-12-23 14:40:07,969 autoreload 25676 31716 Watching for file changes with StatReloader
INFO 2020-12-23 14:40:09,603 autoreload 25676 31716 C:\Users\dan\just_django\tryjango\fx\user_views.py changed, reloading.
INFO 2020-12-23 14:40:10,497 autoreload 15932 30432 Watching for file changes with StatReloader
INFO 2020-12-23 14:40:18,138 basehttp 15932 12500 "GET /services/ HTTP/1.1" 200 59579
INFO 2020-12-23 14:40:20,431 basehttp 15932 12500 "GET / HTTP/1.1" 200 41171
ERROR 2020-12-23 14:40:49,646 log 15932 12500 Internal Server Error: /
Traceback (most recent call last):
  File "C:\Users\dan\just_django\myenvironmen\lib\site-packages\django\core\handlers\exception.py", line 47, in inner
    response = get_response(request)
  File "C:\Users\dan\just_django\myenvironmen\lib\site-packages\django\core\handlers\base.py", line 179, in _get_response
    response = wrapped_callback(request, *callback_args, **callback_kwargs)
  File "C:\Users\dan\just_django\tryjango\fx\views.py", line 2350, in my_home_page
    return render(request, "fx/users/mainpage.html", {})
  File "C:\Users\dan\just_django\myenvironmen\lib\site-packages\django\shortcuts.py", line 19, in render
    content = loader.render_to_string(template_name, context, request, using=using)
  File "C:\Users\dan\just_django\myenvironmen\lib\site-packages\django\template\loader.py", line 62, in render_to_string
    return template.render(context, request)
  File "C:\Users\dan\just_django\myenvironmen\lib\site-packages\django\template\backends\django.py", line 61, in render
    return self.template.render(context)
  File "C:\Users\dan\just_django\myenvironmen\lib\site-packages\django\template\base.py", line 170, in render
    return self._render(context)
  File "C:\Users\dan\just_django\myenvironmen\lib\site-packages\django\template\base.py", line 162, in _render
    return self.nodelist.render(context)
  File "C:\Users\dan\just_django\myenvironmen\lib\site-packages\django\template\base.py", line 938, in render
    bit = node.render_annotated(context)
  File "C:\Users\dan\just_django\myenvironmen\lib\site-packages\django\template\base.py", line 905, in render_annotated
    return self.render(context)
  File "C:\Users\dan\just_django\myenvironmen\lib\site-packages\django\template\loader_tags.py", line 150, in render
    return compiled_parent._render(context)
  File "C:\Users\dan\just_django\myenvironmen\lib\site-packages\django\template\base.py", line 162, in _render
    return self.nodelist.render(context)
  File "C:\Users\dan\just_django\myenvironmen\lib\site-packages\django\template\base.py", line 938, in render
    bit = node.render_annotated(context)
  File "C:\Users\dan\just_django\myenvironmen\lib\site-packages\django\template\base.py", line 905, in render_annotated
    return self.render(context)
  File "C:\Users\dan\just_django\myenvironmen\lib\site-packages\django\template\defaulttags.py", line 446, in render
    url = reverse(view_name, args=args, kwargs=kwargs, current_app=current_app)
  File "C:\Users\dan\just_django\myenvironmen\lib\site-packages\django\urls\base.py", line 87, in reverse
    return iri_to_uri(resolver._reverse_with_prefix(view, prefix, *args, **kwargs))
  File "C:\Users\dan\just_django\myenvironmen\lib\site-packages\django\urls\resolvers.py", line 685, in _reverse_with_prefix
    raise NoReverseMatch(msg)
django.urls.exceptions.NoReverseMatch: Reverse for 'join_url' not found. 'join_url' is not a valid view function or pattern name.
ERROR 2020-12-23 14:40:49,664 basehttp 15932 12500 "GET / HTTP/1.1" 500 145514
INFO 2020-12-23 14:41:19,214 autoreload 15932 30432 C:\Users\dan\just_django\tryjango\fx\urls.py changed, reloading.
INFO 2020-12-23 14:41:19,906 autoreload 13444 7816 Watching for file changes with StatReloader
INFO 2020-12-23 14:41:23,211 basehttp 13444 28852 "GET / HTTP/1.1" 200 41170
INFO 2020-12-23 14:41:25,777 basehttp 13444 28852 "GET / HTTP/1.1" 200 41170
INFO 2020-12-23 14:41:27,440 basehttp 13444 28852 "GET /services/ HTTP/1.1" 200 59578
INFO 2020-12-23 14:41:30,042 basehttp 13444 28852 "GET / HTTP/1.1" 200 41170
INFO 2020-12-23 14:41:32,414 basehttp 13444 28852 "GET /services/ HTTP/1.1" 200 59578
INFO 2020-12-23 14:41:35,140 basehttp 13444 28852 "GET /join/ HTTP/1.1" 200 12612
WARNING 2020-12-23 14:41:35,250 log 13444 28852 Not Found: /join/Join.css
WARNING 2020-12-23 14:41:35,251 basehttp 13444 28852 "GET /join/Join.css HTTP/1.1" 404 12038
INFO 2020-12-23 14:41:37,346 basehttp 13444 28852 "GET /contact/ HTTP/1.1" 200 21428
INFO 2020-12-23 14:41:39,398 basehttp 13444 28852 "GET /contact/ HTTP/1.1" 200 21428
INFO 2020-12-23 14:41:40,686 basehttp 13444 28852 "GET /contact/ HTTP/1.1" 200 21428
INFO 2020-12-23 14:41:41,622 basehttp 13444 28852 "GET /contact/ HTTP/1.1" 200 21428
INFO 2020-12-23 14:44:37,363 basehttp 13444 23808 "GET /contact/ HTTP/1.1" 200 21428
WARNING 2020-12-23 14:44:40,760 log 13444 23808 Not Found: /contact/Services.html
WARNING 2020-12-23 14:44:40,761 basehttp 13444 23808 "GET /contact/Services.html HTTP/1.1" 404 12062
WARNING 2020-12-23 14:44:45,981 log 13444 23808 Not Found: /contact/Home.html
WARNING 2020-12-23 14:44:45,982 basehttp 13444 23808 "GET /contact/Home.html HTTP/1.1" 404 12050
INFO 2020-12-23 14:45:28,997 autoreload 13444 7816 C:\Users\dan\just_django\tryjango\fx\urls.py changed, reloading.
INFO 2020-12-23 14:45:29,771 autoreload 31468 26152 Watching for file changes with StatReloader
INFO 2020-12-23 14:45:33,398 autoreload 31468 26152 C:\Users\dan\just_django\tryjango\fx\urls.py changed, reloading.
INFO 2020-12-23 14:45:34,151 autoreload 26492 25380 Watching for file changes with StatReloader
INFO 2020-12-23 14:45:37,827 autoreload 26492 25380 C:\Users\dan\just_django\tryjango\fx\urls.py changed, reloading.
INFO 2020-12-23 14:45:38,693 autoreload 30124 27716 Watching for file changes with StatReloader
INFO 2020-12-23 14:45:41,277 autoreload 30124 27716 C:\Users\dan\just_django\tryjango\fx\urls.py changed, reloading.
INFO 2020-12-23 14:45:41,927 autoreload 26644 16960 Watching for file changes with StatReloader
INFO 2020-12-23 14:45:44,489 autoreload 26644 16960 C:\Users\dan\just_django\tryjango\fx\urls.py changed, reloading.
INFO 2020-12-23 14:45:45,299 autoreload 31380 6640 Watching for file changes with StatReloader
INFO 2020-12-23 14:45:48,767 autoreload 31380 6640 C:\Users\dan\just_django\tryjango\fx\urls.py changed, reloading.
INFO 2020-12-23 14:45:49,426 autoreload 24220 27440 Watching for file changes with StatReloader
INFO 2020-12-23 14:46:13,771 autoreload 24220 27440 C:\Users\dan\just_django\tryjango\fx\user_views.py changed, reloading.
INFO 2020-12-23 14:46:14,431 autoreload 25612 15132 Watching for file changes with StatReloader
INFO 2020-12-23 14:46:17,971 autoreload 25612 15132 C:\Users\dan\just_django\tryjango\fx\user_views.py changed, reloading.
INFO 2020-12-23 14:46:18,662 autoreload 13672 28792 Watching for file changes with StatReloader
INFO 2020-12-23 14:46:21,305 autoreload 13672 28792 C:\Users\dan\just_django\tryjango\fx\user_views.py changed, reloading.
INFO 2020-12-23 14:46:21,949 autoreload 23960 15944 Watching for file changes with StatReloader
INFO 2020-12-23 14:46:24,442 autoreload 23960 15944 C:\Users\dan\just_django\tryjango\fx\user_views.py changed, reloading.
INFO 2020-12-23 14:46:25,655 autoreload 31096 20988 Watching for file changes with StatReloader
INFO 2020-12-23 14:46:27,412 basehttp 31096 29372 "GET / HTTP/1.1" 200 41170
INFO 2020-12-23 14:46:44,803 basehttp 31096 29372 "GET / HTTP/1.1" 200 41167
INFO 2020-12-23 14:46:48,825 basehttp 31096 29372 "GET / HTTP/1.1" 200 41167
ERROR 2020-12-23 14:46:51,863 log 31096 29372 Internal Server Error: /about/
Traceback (most recent call last):
  File "C:\Users\dan\just_django\myenvironmen\lib\site-packages\django\core\handlers\exception.py", line 47, in inner
    response = get_response(request)
  File "C:\Users\dan\just_django\myenvironmen\lib\site-packages\django\core\handlers\base.py", line 179, in _get_response
    response = wrapped_callback(request, *callback_args, **callback_kwargs)
  File "C:\Users\dan\just_django\tryjango\fx\user_views.py", line 23, in about
    return render(request, "fx/users/about.html", context)
  File "C:\Users\dan\just_django\myenvironmen\lib\site-packages\django\shortcuts.py", line 19, in render
    content = loader.render_to_string(template_name, context, request, using=using)
  File "C:\Users\dan\just_django\myenvironmen\lib\site-packages\django\template\loader.py", line 61, in render_to_string
    template = get_template(template_name, using=using)
  File "C:\Users\dan\just_django\myenvironmen\lib\site-packages\django\template\loader.py", line 19, in get_template
    raise TemplateDoesNotExist(template_name, chain=chain)
django.template.exceptions.TemplateDoesNotExist: fx/users/about.html
ERROR 2020-12-23 14:46:51,872 basehttp 31096 29372 "GET /about/ HTTP/1.1" 500 79898
WARNING 2020-12-23 14:46:52,027 log 31096 29372 Not Found: /favicon.ico
INFO 2020-12-23 14:47:34,871 autoreload 31096 20988 C:\Users\dan\just_django\tryjango\fx\user_views.py changed, reloading.
INFO 2020-12-23 14:47:35,670 autoreload 30064 17048 Watching for file changes with StatReloader
INFO 2020-12-23 14:47:37,291 basehttp 30064 27680 "GET /about/ HTTP/1.1" 200 10854
WARNING 2020-12-23 14:47:37,333 log 30064 27680 Not Found: /about/About-Us.css
WARNING 2020-12-23 14:47:37,335 basehttp 30064 27680 "GET /about/About-Us.css HTTP/1.1" 404 12224
INFO 2020-12-23 14:48:38,227 basehttp 30064 27680 "GET / HTTP/1.1" 200 41167
INFO 2020-12-23 14:48:41,393 basehttp 30064 27680 "GET / HTTP/1.1" 200 41167
INFO 2020-12-23 14:48:45,434 basehttp 30064 27680 "GET /services/ HTTP/1.1" 200 59575
WARNING 2020-12-23 14:48:45,627 log 30064 30984 Not Found: /favicon.ico
INFO 2020-12-23 14:48:48,333 basehttp 30064 27680 "GET /contact/ HTTP/1.1" 200 21428
WARNING 2020-12-23 14:48:50,436 log 30064 27680 Not Found: /contact/Services.html
WARNING 2020-12-23 14:48:50,437 basehttp 30064 27680 "GET /contact/Services.html HTTP/1.1" 404 12233
WARNING 2020-12-23 14:48:50,538 log 30064 27680 Not Found: /favicon.ico
WARNING 2020-12-23 14:48:54,064 log 30064 21528 Not Found: /contact/Home.html
WARNING 2020-12-23 14:48:54,065 basehttp 30064 21528 "GET /contact/Home.html HTTP/1.1" 404 12221
WARNING 2020-12-23 14:48:56,362 log 30064 21528 Not Found: /favicon.ico
INFO 2020-12-23 14:48:58,980 basehttp 30064 25712 "GET / HTTP/1.1" 200 41167
INFO 2020-12-23 14:49:00,542 basehttp 30064 25712 "GET /services/ HTTP/1.1" 200 59575
WARNING 2020-12-23 14:49:00,644 log 30064 25712 Not Found: /favicon.ico
INFO 2020-12-23 14:49:01,936 basehttp 30064 14164 "GET /about/ HTTP/1.1" 200 10854
WARNING 2020-12-23 14:49:02,038 log 30064 14164 Not Found: /about/About_Us.css
WARNING 2020-12-23 14:49:02,040 basehttp 30064 14164 "GET /about/About_Us.css HTTP/1.1" 404 12224
INFO 2020-12-23 14:52:00,436 basehttp 30064 31104 "GET /about/ HTTP/1.1" 200 10854
WARNING 2020-12-23 14:52:00,494 log 30064 31104 Not Found: /about/About_Us.css
WARNING 2020-12-23 14:52:00,495 basehttp 30064 31104 "GET /about/About_Us.css HTTP/1.1" 404 12224
INFO 2020-12-23 14:52:00,792 basehttp 30064 3712 "GET /static/js/jquery.js HTTP/1.1" 200 92660
INFO 2020-12-23 14:52:00,794 basehttp 30064 30864 "GET /static/js/nicepage.js HTTP/1.1" 200 150693
INFO 2020-12-23 14:52:00,797 basehttp 30064 15984 "GET /static/css/nicepage.css HTTP/1.1" 200 937934
WARNING 2020-12-23 14:52:01,023 basehttp 30064 15984 "GET /static/js/jquery.min.map HTTP/1.1" 404 1677
INFO 2020-12-23 14:52:01,993 basehttp 30064 3712 "GET /static/img/image/logo1.jpg HTTP/1.1" 200 40861
WARNING 2020-12-23 14:52:02,029 log 30064 30864 Not Found: /favicon.ico
WARNING 2020-12-23 14:52:02,030 basehttp 30064 30864 "GET /favicon.ico HTTP/1.1" 404 12203
INFO 2020-12-23 14:52:04,566 basehttp 30064 30864 "GET / HTTP/1.1" 200 41167
INFO 2020-12-23 14:52:04,657 basehttp 30064 30864 "GET /static/css/Home.css HTTP/1.1" 200 8299
INFO 2020-12-23 14:52:04,662 basehttp 30064 31104 "GET /static/js/jquery.js HTTP/1.1" 200 92660
INFO 2020-12-23 14:52:04,666 basehttp 30064 27964 "GET /static/js/nicepage.js HTTP/1.1" 200 150693
INFO 2020-12-23 14:52:04,675 basehttp 30064 3712 "GET /static/css/nicepage.css HTTP/1.1" 200 937934
INFO 2020-12-23 14:52:04,915 basehttp 30064 3712 "GET /static/img/image/logo1.jpg HTTP/1.1" 200 40861
WARNING 2020-12-23 14:52:05,235 log 30064 3712 Not Found: /favicon.ico
WARNING 2020-12-23 14:52:05,235 basehttp 30064 3712 "GET /favicon.ico HTTP/1.1" 404 12203
WARNING 2020-12-23 14:52:05,339 basehttp 30064 3712 "GET /static/js/jquery.min.map HTTP/1.1" 404 1677
INFO 2020-12-23 14:52:07,062 basehttp 30064 30864 "GET /services/ HTTP/1.1" 200 59575
INFO 2020-12-23 14:52:07,159 basehttp 30064 30864 "GET /static/css/Services.css HTTP/1.1" 200 5486
INFO 2020-12-23 14:52:07,160 basehttp 30064 27964 "GET /static/css/Home.css HTTP/1.1" 200 8299
INFO 2020-12-23 14:52:07,168 basehttp 30064 30608 "GET /static/js/jquery.js HTTP/1.1" 200 92660
INFO 2020-12-23 14:52:07,169 basehttp 30064 21528 "GET /static/js/nicepage.js HTTP/1.1" 200 150693
INFO 2020-12-23 14:52:07,178 basehttp 30064 31104 "GET /static/css/nicepage.css HTTP/1.1" 200 937934
INFO 2020-12-23 14:52:07,442 basehttp 30064 27964 "GET /static/img/image/logo1.jpg HTTP/1.1" 200 40861
WARNING 2020-12-23 14:52:08,061 log 30064 30864 Not Found: /favicon.ico
WARNING 2020-12-23 14:52:08,063 basehttp 30064 30864 "GET /favicon.ico HTTP/1.1" 404 12203
WARNING 2020-12-23 14:52:08,113 basehttp 30064 21528 "GET /static/js/jquery.min.map HTTP/1.1" 404 1677
INFO 2020-12-23 14:52:11,122 basehttp 30064 31104 "GET /contact/ HTTP/1.1" 200 21516
INFO 2020-12-23 14:52:13,502 basehttp 30064 31104 "GET /services/ HTTP/1.1" 200 59575
INFO 2020-12-23 14:52:15,190 basehttp 30064 31104 "GET /contact/ HTTP/1.1" 200 21516
INFO 2020-12-23 14:52:16,580 basehttp 30064 31104 "GET /join/ HTTP/1.1" 200 12609
WARNING 2020-12-23 14:52:16,660 log 30064 27964 Not Found: /join/Join.css
WARNING 2020-12-23 14:52:16,660 basehttp 30064 27964 "GET /join/Join.css HTTP/1.1" 404 12209
INFO 2020-12-23 14:52:18,773 basehttp 30064 31104 "GET /services/ HTTP/1.1" 200 59575
INFO 2020-12-23 14:52:19,784 basehttp 30064 31104 "GET /about/ HTTP/1.1" 200 10854
WARNING 2020-12-23 14:52:19,876 log 30064 30864 Not Found: /about/About_Us.css
WARNING 2020-12-23 14:52:19,877 basehttp 30064 30864 "GET /about/About_Us.css HTTP/1.1" 404 12224
INFO 2020-12-23 14:52:24,714 basehttp 30064 31104 "GET / HTTP/1.1" 200 41167
